[2023-11-22T21:03:44.366+0000] {processor.py:157} INFO - Started process (PID=74) to work on /home/airflow/.local/lib/python3.8/site-packages/airflow/example_dags/example_params_trigger_ui.py
[2023-11-22T21:03:44.368+0000] {processor.py:829} INFO - Processing file /home/airflow/.local/lib/python3.8/site-packages/airflow/example_dags/example_params_trigger_ui.py for tasks to queue
[2023-11-22T21:03:44.374+0000] {logging_mixin.py:154} INFO - [2023-11-22T21:03:44.373+0000] {dagbag.py:536} INFO - Filling up the DagBag from /home/airflow/.local/lib/python3.8/site-packages/airflow/example_dags/example_params_trigger_ui.py
[2023-11-22T21:03:44.399+0000] {processor.py:839} INFO - DAG(s) dict_keys(['example_params_trigger_ui']) retrieved from /home/airflow/.local/lib/python3.8/site-packages/airflow/example_dags/example_params_trigger_ui.py
[2023-11-22T21:03:44.659+0000] {logging_mixin.py:154} INFO - [2023-11-22T21:03:44.657+0000] {manager.py:499} INFO - Created Permission View: %s
[2023-11-22T21:03:44.694+0000] {logging_mixin.py:154} INFO - [2023-11-22T21:03:44.694+0000] {manager.py:499} INFO - Created Permission View: %s
[2023-11-22T21:03:44.713+0000] {logging_mixin.py:154} INFO - [2023-11-22T21:03:44.713+0000] {manager.py:499} INFO - Created Permission View: %s
[2023-11-22T21:03:44.716+0000] {logging_mixin.py:154} INFO - [2023-11-22T21:03:44.715+0000] {dag.py:2941} INFO - Sync 1 DAGs
[2023-11-22T21:03:44.749+0000] {logging_mixin.py:154} INFO - [2023-11-22T21:03:44.748+0000] {dag.py:2963} INFO - Creating ORM DAG for example_params_trigger_ui
[2023-11-22T21:03:44.751+0000] {logging_mixin.py:154} INFO - [2023-11-22T21:03:44.750+0000] {dag.py:3722} INFO - Setting next_dagrun for example_params_trigger_ui to None, run_after=None
[2023-11-22T21:03:44.780+0000] {processor.py:179} INFO - Processing /home/airflow/.local/lib/python3.8/site-packages/airflow/example_dags/example_params_trigger_ui.py took 0.418 seconds
[2023-11-22T21:04:15.789+0000] {processor.py:157} INFO - Started process (PID=129) to work on /home/airflow/.local/lib/python3.8/site-packages/airflow/example_dags/example_params_trigger_ui.py
[2023-11-22T21:04:15.792+0000] {processor.py:829} INFO - Processing file /home/airflow/.local/lib/python3.8/site-packages/airflow/example_dags/example_params_trigger_ui.py for tasks to queue
[2023-11-22T21:04:15.797+0000] {logging_mixin.py:154} INFO - [2023-11-22T21:04:15.797+0000] {dagbag.py:536} INFO - Filling up the DagBag from /home/airflow/.local/lib/python3.8/site-packages/airflow/example_dags/example_params_trigger_ui.py
[2023-11-22T21:04:15.827+0000] {processor.py:839} INFO - DAG(s) dict_keys(['example_params_trigger_ui']) retrieved from /home/airflow/.local/lib/python3.8/site-packages/airflow/example_dags/example_params_trigger_ui.py
[2023-11-22T21:04:15.950+0000] {logging_mixin.py:154} INFO - [2023-11-22T21:04:15.950+0000] {dag.py:2941} INFO - Sync 1 DAGs
[2023-11-22T21:04:15.973+0000] {logging_mixin.py:154} INFO - [2023-11-22T21:04:15.972+0000] {dag.py:3722} INFO - Setting next_dagrun for example_params_trigger_ui to None, run_after=None
[2023-11-22T21:04:16.004+0000] {processor.py:179} INFO - Processing /home/airflow/.local/lib/python3.8/site-packages/airflow/example_dags/example_params_trigger_ui.py took 0.221 seconds
[2023-11-22T21:04:46.106+0000] {processor.py:157} INFO - Started process (PID=184) to work on /home/airflow/.local/lib/python3.8/site-packages/airflow/example_dags/example_params_trigger_ui.py
[2023-11-22T21:04:46.108+0000] {processor.py:829} INFO - Processing file /home/airflow/.local/lib/python3.8/site-packages/airflow/example_dags/example_params_trigger_ui.py for tasks to queue
[2023-11-22T21:04:46.112+0000] {logging_mixin.py:154} INFO - [2023-11-22T21:04:46.111+0000] {dagbag.py:536} INFO - Filling up the DagBag from /home/airflow/.local/lib/python3.8/site-packages/airflow/example_dags/example_params_trigger_ui.py
[2023-11-22T21:04:46.147+0000] {processor.py:839} INFO - DAG(s) dict_keys(['example_params_trigger_ui']) retrieved from /home/airflow/.local/lib/python3.8/site-packages/airflow/example_dags/example_params_trigger_ui.py
[2023-11-22T21:04:46.259+0000] {logging_mixin.py:154} INFO - [2023-11-22T21:04:46.259+0000] {dag.py:2941} INFO - Sync 1 DAGs
[2023-11-22T21:04:46.284+0000] {logging_mixin.py:154} INFO - [2023-11-22T21:04:46.284+0000] {dag.py:3722} INFO - Setting next_dagrun for example_params_trigger_ui to None, run_after=None
[2023-11-22T21:04:46.321+0000] {processor.py:179} INFO - Processing /home/airflow/.local/lib/python3.8/site-packages/airflow/example_dags/example_params_trigger_ui.py took 0.220 seconds
[2023-11-22T21:05:17.401+0000] {processor.py:157} INFO - Started process (PID=239) to work on /home/airflow/.local/lib/python3.8/site-packages/airflow/example_dags/example_params_trigger_ui.py
[2023-11-22T21:05:17.424+0000] {processor.py:829} INFO - Processing file /home/airflow/.local/lib/python3.8/site-packages/airflow/example_dags/example_params_trigger_ui.py for tasks to queue
[2023-11-22T21:05:17.438+0000] {logging_mixin.py:154} INFO - [2023-11-22T21:05:17.437+0000] {dagbag.py:536} INFO - Filling up the DagBag from /home/airflow/.local/lib/python3.8/site-packages/airflow/example_dags/example_params_trigger_ui.py
[2023-11-22T21:05:17.516+0000] {processor.py:839} INFO - DAG(s) dict_keys(['example_params_trigger_ui']) retrieved from /home/airflow/.local/lib/python3.8/site-packages/airflow/example_dags/example_params_trigger_ui.py
[2023-11-22T21:05:17.863+0000] {logging_mixin.py:154} INFO - [2023-11-22T21:05:17.862+0000] {dag.py:2941} INFO - Sync 1 DAGs
[2023-11-22T21:05:17.940+0000] {logging_mixin.py:154} INFO - [2023-11-22T21:05:17.940+0000] {dag.py:3722} INFO - Setting next_dagrun for example_params_trigger_ui to None, run_after=None
[2023-11-22T21:05:17.985+0000] {processor.py:179} INFO - Processing /home/airflow/.local/lib/python3.8/site-packages/airflow/example_dags/example_params_trigger_ui.py took 0.618 seconds
