[2023-11-22T21:03:31.976+0000] {processor.py:157} INFO - Started process (PID=46) to work on /home/airflow/.local/lib/python3.8/site-packages/airflow/example_dags/example_latest_only.py
[2023-11-22T21:03:31.985+0000] {processor.py:829} INFO - Processing file /home/airflow/.local/lib/python3.8/site-packages/airflow/example_dags/example_latest_only.py for tasks to queue
[2023-11-22T21:03:31.992+0000] {logging_mixin.py:154} INFO - [2023-11-22T21:03:31.991+0000] {dagbag.py:536} INFO - Filling up the DagBag from /home/airflow/.local/lib/python3.8/site-packages/airflow/example_dags/example_latest_only.py
[2023-11-22T21:03:32.050+0000] {processor.py:839} INFO - DAG(s) dict_keys(['latest_only']) retrieved from /home/airflow/.local/lib/python3.8/site-packages/airflow/example_dags/example_latest_only.py
[2023-11-22T21:03:32.713+0000] {logging_mixin.py:154} INFO - [2023-11-22T21:03:32.713+0000] {manager.py:499} INFO - Created Permission View: %s
[2023-11-22T21:03:32.751+0000] {logging_mixin.py:154} INFO - [2023-11-22T21:03:32.751+0000] {manager.py:499} INFO - Created Permission View: %s
[2023-11-22T21:03:32.781+0000] {logging_mixin.py:154} INFO - [2023-11-22T21:03:32.781+0000] {manager.py:499} INFO - Created Permission View: %s
[2023-11-22T21:03:32.783+0000] {logging_mixin.py:154} INFO - [2023-11-22T21:03:32.782+0000] {dag.py:2941} INFO - Sync 1 DAGs
[2023-11-22T21:03:32.832+0000] {logging_mixin.py:154} INFO - [2023-11-22T21:03:32.832+0000] {dag.py:2963} INFO - Creating ORM DAG for latest_only
[2023-11-22T21:03:32.870+0000] {logging_mixin.py:154} INFO - [2023-11-22T21:03:32.870+0000] {dag.py:3722} INFO - Setting next_dagrun for latest_only to 2023-11-22T17:03:32.869971+00:00, run_after=2023-11-22T21:03:32.869971+00:00
[2023-11-22T21:03:32.949+0000] {processor.py:179} INFO - Processing /home/airflow/.local/lib/python3.8/site-packages/airflow/example_dags/example_latest_only.py took 0.992 seconds
[2023-11-22T21:04:03.859+0000] {processor.py:157} INFO - Started process (PID=101) to work on /home/airflow/.local/lib/python3.8/site-packages/airflow/example_dags/example_latest_only.py
[2023-11-22T21:04:03.861+0000] {processor.py:829} INFO - Processing file /home/airflow/.local/lib/python3.8/site-packages/airflow/example_dags/example_latest_only.py for tasks to queue
[2023-11-22T21:04:03.865+0000] {logging_mixin.py:154} INFO - [2023-11-22T21:04:03.864+0000] {dagbag.py:536} INFO - Filling up the DagBag from /home/airflow/.local/lib/python3.8/site-packages/airflow/example_dags/example_latest_only.py
[2023-11-22T21:04:03.875+0000] {processor.py:839} INFO - DAG(s) dict_keys(['latest_only']) retrieved from /home/airflow/.local/lib/python3.8/site-packages/airflow/example_dags/example_latest_only.py
[2023-11-22T21:04:03.903+0000] {logging_mixin.py:154} INFO - [2023-11-22T21:04:03.903+0000] {dag.py:2941} INFO - Sync 1 DAGs
[2023-11-22T21:04:03.938+0000] {logging_mixin.py:154} INFO - [2023-11-22T21:04:03.937+0000] {dag.py:3722} INFO - Setting next_dagrun for latest_only to 2023-11-22T17:04:03.937639+00:00, run_after=2023-11-22T21:04:03.937639+00:00
[2023-11-22T21:04:03.972+0000] {processor.py:179} INFO - Processing /home/airflow/.local/lib/python3.8/site-packages/airflow/example_dags/example_latest_only.py took 0.119 seconds
[2023-11-22T21:04:34.467+0000] {processor.py:157} INFO - Started process (PID=156) to work on /home/airflow/.local/lib/python3.8/site-packages/airflow/example_dags/example_latest_only.py
[2023-11-22T21:04:34.469+0000] {processor.py:829} INFO - Processing file /home/airflow/.local/lib/python3.8/site-packages/airflow/example_dags/example_latest_only.py for tasks to queue
[2023-11-22T21:04:34.475+0000] {logging_mixin.py:154} INFO - [2023-11-22T21:04:34.474+0000] {dagbag.py:536} INFO - Filling up the DagBag from /home/airflow/.local/lib/python3.8/site-packages/airflow/example_dags/example_latest_only.py
[2023-11-22T21:04:34.488+0000] {processor.py:839} INFO - DAG(s) dict_keys(['latest_only']) retrieved from /home/airflow/.local/lib/python3.8/site-packages/airflow/example_dags/example_latest_only.py
[2023-11-22T21:04:34.525+0000] {logging_mixin.py:154} INFO - [2023-11-22T21:04:34.525+0000] {dag.py:2941} INFO - Sync 1 DAGs
[2023-11-22T21:04:34.574+0000] {logging_mixin.py:154} INFO - [2023-11-22T21:04:34.573+0000] {dag.py:3722} INFO - Setting next_dagrun for latest_only to 2023-11-22T17:04:34.573544+00:00, run_after=2023-11-22T21:04:34.573544+00:00
[2023-11-22T21:04:34.627+0000] {processor.py:179} INFO - Processing /home/airflow/.local/lib/python3.8/site-packages/airflow/example_dags/example_latest_only.py took 0.165 seconds
[2023-11-22T21:05:04.727+0000] {processor.py:157} INFO - Started process (PID=211) to work on /home/airflow/.local/lib/python3.8/site-packages/airflow/example_dags/example_latest_only.py
[2023-11-22T21:05:04.729+0000] {processor.py:829} INFO - Processing file /home/airflow/.local/lib/python3.8/site-packages/airflow/example_dags/example_latest_only.py for tasks to queue
[2023-11-22T21:05:04.733+0000] {logging_mixin.py:154} INFO - [2023-11-22T21:05:04.733+0000] {dagbag.py:536} INFO - Filling up the DagBag from /home/airflow/.local/lib/python3.8/site-packages/airflow/example_dags/example_latest_only.py
[2023-11-22T21:05:04.742+0000] {processor.py:839} INFO - DAG(s) dict_keys(['latest_only']) retrieved from /home/airflow/.local/lib/python3.8/site-packages/airflow/example_dags/example_latest_only.py
[2023-11-22T21:05:04.768+0000] {logging_mixin.py:154} INFO - [2023-11-22T21:05:04.768+0000] {dag.py:2941} INFO - Sync 1 DAGs
[2023-11-22T21:05:04.803+0000] {logging_mixin.py:154} INFO - [2023-11-22T21:05:04.803+0000] {dag.py:3722} INFO - Setting next_dagrun for latest_only to 2023-11-22T17:05:04.803181+00:00, run_after=2023-11-22T21:05:04.803181+00:00
[2023-11-22T21:05:04.836+0000] {processor.py:179} INFO - Processing /home/airflow/.local/lib/python3.8/site-packages/airflow/example_dags/example_latest_only.py took 0.115 seconds
