[2023-11-22T21:03:31.571+0000] {processor.py:157} INFO - Started process (PID=45) to work on /home/airflow/.local/lib/python3.8/site-packages/airflow/example_dags/example_local_kubernetes_executor.py
[2023-11-22T21:03:31.580+0000] {processor.py:829} INFO - Processing file /home/airflow/.local/lib/python3.8/site-packages/airflow/example_dags/example_local_kubernetes_executor.py for tasks to queue
[2023-11-22T21:03:31.584+0000] {logging_mixin.py:154} INFO - [2023-11-22T21:03:31.584+0000] {dagbag.py:536} INFO - Filling up the DagBag from /home/airflow/.local/lib/python3.8/site-packages/airflow/example_dags/example_local_kubernetes_executor.py
[2023-11-22T21:03:31.631+0000] {processor.py:839} INFO - DAG(s) dict_keys(['example_local_kubernetes_executor']) retrieved from /home/airflow/.local/lib/python3.8/site-packages/airflow/example_dags/example_local_kubernetes_executor.py
[2023-11-22T21:03:32.640+0000] {logging_mixin.py:154} INFO - [2023-11-22T21:03:32.640+0000] {manager.py:499} INFO - Created Permission View: %s
[2023-11-22T21:03:32.709+0000] {logging_mixin.py:154} INFO - [2023-11-22T21:03:32.708+0000] {manager.py:499} INFO - Created Permission View: %s
[2023-11-22T21:03:32.736+0000] {logging_mixin.py:154} INFO - [2023-11-22T21:03:32.735+0000] {manager.py:499} INFO - Created Permission View: %s
[2023-11-22T21:03:32.739+0000] {logging_mixin.py:154} INFO - [2023-11-22T21:03:32.738+0000] {dag.py:2941} INFO - Sync 1 DAGs
[2023-11-22T21:03:32.795+0000] {logging_mixin.py:154} INFO - [2023-11-22T21:03:32.795+0000] {dag.py:2963} INFO - Creating ORM DAG for example_local_kubernetes_executor
[2023-11-22T21:03:32.798+0000] {logging_mixin.py:154} INFO - [2023-11-22T21:03:32.798+0000] {dag.py:3722} INFO - Setting next_dagrun for example_local_kubernetes_executor to None, run_after=None
[2023-11-22T21:03:32.874+0000] {processor.py:179} INFO - Processing /home/airflow/.local/lib/python3.8/site-packages/airflow/example_dags/example_local_kubernetes_executor.py took 1.318 seconds
[2023-11-22T21:04:03.849+0000] {processor.py:157} INFO - Started process (PID=100) to work on /home/airflow/.local/lib/python3.8/site-packages/airflow/example_dags/example_local_kubernetes_executor.py
[2023-11-22T21:04:03.850+0000] {processor.py:829} INFO - Processing file /home/airflow/.local/lib/python3.8/site-packages/airflow/example_dags/example_local_kubernetes_executor.py for tasks to queue
[2023-11-22T21:04:03.854+0000] {logging_mixin.py:154} INFO - [2023-11-22T21:04:03.854+0000] {dagbag.py:536} INFO - Filling up the DagBag from /home/airflow/.local/lib/python3.8/site-packages/airflow/example_dags/example_local_kubernetes_executor.py
[2023-11-22T21:04:03.867+0000] {processor.py:839} INFO - DAG(s) dict_keys(['example_local_kubernetes_executor']) retrieved from /home/airflow/.local/lib/python3.8/site-packages/airflow/example_dags/example_local_kubernetes_executor.py
[2023-11-22T21:04:03.915+0000] {logging_mixin.py:154} INFO - [2023-11-22T21:04:03.914+0000] {dag.py:2941} INFO - Sync 1 DAGs
[2023-11-22T21:04:03.934+0000] {logging_mixin.py:154} INFO - [2023-11-22T21:04:03.933+0000] {dag.py:3722} INFO - Setting next_dagrun for example_local_kubernetes_executor to None, run_after=None
[2023-11-22T21:04:03.967+0000] {processor.py:179} INFO - Processing /home/airflow/.local/lib/python3.8/site-packages/airflow/example_dags/example_local_kubernetes_executor.py took 0.123 seconds
[2023-11-22T21:04:34.457+0000] {processor.py:157} INFO - Started process (PID=155) to work on /home/airflow/.local/lib/python3.8/site-packages/airflow/example_dags/example_local_kubernetes_executor.py
[2023-11-22T21:04:34.459+0000] {processor.py:829} INFO - Processing file /home/airflow/.local/lib/python3.8/site-packages/airflow/example_dags/example_local_kubernetes_executor.py for tasks to queue
[2023-11-22T21:04:34.464+0000] {logging_mixin.py:154} INFO - [2023-11-22T21:04:34.463+0000] {dagbag.py:536} INFO - Filling up the DagBag from /home/airflow/.local/lib/python3.8/site-packages/airflow/example_dags/example_local_kubernetes_executor.py
[2023-11-22T21:04:34.482+0000] {processor.py:839} INFO - DAG(s) dict_keys(['example_local_kubernetes_executor']) retrieved from /home/airflow/.local/lib/python3.8/site-packages/airflow/example_dags/example_local_kubernetes_executor.py
[2023-11-22T21:04:34.546+0000] {logging_mixin.py:154} INFO - [2023-11-22T21:04:34.546+0000] {dag.py:2941} INFO - Sync 1 DAGs
[2023-11-22T21:04:34.575+0000] {logging_mixin.py:154} INFO - [2023-11-22T21:04:34.574+0000] {dag.py:3722} INFO - Setting next_dagrun for example_local_kubernetes_executor to None, run_after=None
[2023-11-22T21:04:34.626+0000] {processor.py:179} INFO - Processing /home/airflow/.local/lib/python3.8/site-packages/airflow/example_dags/example_local_kubernetes_executor.py took 0.173 seconds
[2023-11-22T21:05:04.718+0000] {processor.py:157} INFO - Started process (PID=210) to work on /home/airflow/.local/lib/python3.8/site-packages/airflow/example_dags/example_local_kubernetes_executor.py
[2023-11-22T21:05:04.720+0000] {processor.py:829} INFO - Processing file /home/airflow/.local/lib/python3.8/site-packages/airflow/example_dags/example_local_kubernetes_executor.py for tasks to queue
[2023-11-22T21:05:04.725+0000] {logging_mixin.py:154} INFO - [2023-11-22T21:05:04.724+0000] {dagbag.py:536} INFO - Filling up the DagBag from /home/airflow/.local/lib/python3.8/site-packages/airflow/example_dags/example_local_kubernetes_executor.py
[2023-11-22T21:05:04.740+0000] {processor.py:839} INFO - DAG(s) dict_keys(['example_local_kubernetes_executor']) retrieved from /home/airflow/.local/lib/python3.8/site-packages/airflow/example_dags/example_local_kubernetes_executor.py
[2023-11-22T21:05:04.786+0000] {logging_mixin.py:154} INFO - [2023-11-22T21:05:04.785+0000] {dag.py:2941} INFO - Sync 1 DAGs
[2023-11-22T21:05:04.806+0000] {logging_mixin.py:154} INFO - [2023-11-22T21:05:04.806+0000] {dag.py:3722} INFO - Setting next_dagrun for example_local_kubernetes_executor to None, run_after=None
[2023-11-22T21:05:04.837+0000] {processor.py:179} INFO - Processing /home/airflow/.local/lib/python3.8/site-packages/airflow/example_dags/example_local_kubernetes_executor.py took 0.125 seconds
