[2023-11-22T21:03:33.060+0000] {processor.py:157} INFO - Started process (PID=48) to work on /home/airflow/.local/lib/python3.8/site-packages/airflow/example_dags/example_sla_dag.py
[2023-11-22T21:03:33.070+0000] {processor.py:829} INFO - Processing file /home/airflow/.local/lib/python3.8/site-packages/airflow/example_dags/example_sla_dag.py for tasks to queue
[2023-11-22T21:03:33.076+0000] {logging_mixin.py:154} INFO - [2023-11-22T21:03:33.076+0000] {dagbag.py:536} INFO - Filling up the DagBag from /home/airflow/.local/lib/python3.8/site-packages/airflow/example_dags/example_sla_dag.py
[2023-11-22T21:03:33.118+0000] {processor.py:839} INFO - DAG(s) dict_keys(['example_sla_dag']) retrieved from /home/airflow/.local/lib/python3.8/site-packages/airflow/example_dags/example_sla_dag.py
[2023-11-22T21:03:33.780+0000] {logging_mixin.py:154} INFO - [2023-11-22T21:03:33.780+0000] {manager.py:499} INFO - Created Permission View: %s
[2023-11-22T21:03:33.841+0000] {logging_mixin.py:154} INFO - [2023-11-22T21:03:33.841+0000] {manager.py:499} INFO - Created Permission View: %s
[2023-11-22T21:03:33.867+0000] {logging_mixin.py:154} INFO - [2023-11-22T21:03:33.866+0000] {manager.py:499} INFO - Created Permission View: %s
[2023-11-22T21:03:33.869+0000] {logging_mixin.py:154} INFO - [2023-11-22T21:03:33.869+0000] {dag.py:2941} INFO - Sync 1 DAGs
[2023-11-22T21:03:33.931+0000] {logging_mixin.py:154} INFO - [2023-11-22T21:03:33.929+0000] {dag.py:2963} INFO - Creating ORM DAG for example_sla_dag
[2023-11-22T21:03:33.998+0000] {logging_mixin.py:154} INFO - [2023-11-22T21:03:33.997+0000] {dag.py:3722} INFO - Setting next_dagrun for example_sla_dag to 2023-11-22T21:00:00+00:00, run_after=2023-11-22T21:02:00+00:00
[2023-11-22T21:03:34.165+0000] {processor.py:179} INFO - Processing /home/airflow/.local/lib/python3.8/site-packages/airflow/example_dags/example_sla_dag.py took 1.111 seconds
[2023-11-22T21:04:04.912+0000] {processor.py:157} INFO - Started process (PID=103) to work on /home/airflow/.local/lib/python3.8/site-packages/airflow/example_dags/example_sla_dag.py
[2023-11-22T21:04:04.913+0000] {processor.py:829} INFO - Processing file /home/airflow/.local/lib/python3.8/site-packages/airflow/example_dags/example_sla_dag.py for tasks to queue
[2023-11-22T21:04:04.918+0000] {logging_mixin.py:154} INFO - [2023-11-22T21:04:04.917+0000] {dagbag.py:536} INFO - Filling up the DagBag from /home/airflow/.local/lib/python3.8/site-packages/airflow/example_dags/example_sla_dag.py
[2023-11-22T21:04:04.932+0000] {processor.py:839} INFO - DAG(s) dict_keys(['example_sla_dag']) retrieved from /home/airflow/.local/lib/python3.8/site-packages/airflow/example_dags/example_sla_dag.py
[2023-11-22T21:04:04.964+0000] {logging_mixin.py:154} INFO - [2023-11-22T21:04:04.964+0000] {dag.py:2941} INFO - Sync 1 DAGs
[2023-11-22T21:04:05.009+0000] {logging_mixin.py:154} INFO - [2023-11-22T21:04:05.009+0000] {dag.py:3722} INFO - Setting next_dagrun for example_sla_dag to 2023-11-22T21:02:00+00:00, run_after=2023-11-22T21:04:00+00:00
[2023-11-22T21:04:05.038+0000] {processor.py:179} INFO - Processing /home/airflow/.local/lib/python3.8/site-packages/airflow/example_dags/example_sla_dag.py took 0.133 seconds
[2023-11-22T21:04:35.583+0000] {processor.py:157} INFO - Started process (PID=158) to work on /home/airflow/.local/lib/python3.8/site-packages/airflow/example_dags/example_sla_dag.py
[2023-11-22T21:04:35.586+0000] {processor.py:829} INFO - Processing file /home/airflow/.local/lib/python3.8/site-packages/airflow/example_dags/example_sla_dag.py for tasks to queue
[2023-11-22T21:04:35.596+0000] {logging_mixin.py:154} INFO - [2023-11-22T21:04:35.595+0000] {dagbag.py:536} INFO - Filling up the DagBag from /home/airflow/.local/lib/python3.8/site-packages/airflow/example_dags/example_sla_dag.py
[2023-11-22T21:04:35.612+0000] {processor.py:839} INFO - DAG(s) dict_keys(['example_sla_dag']) retrieved from /home/airflow/.local/lib/python3.8/site-packages/airflow/example_dags/example_sla_dag.py
[2023-11-22T21:04:35.648+0000] {logging_mixin.py:154} INFO - [2023-11-22T21:04:35.648+0000] {dag.py:2941} INFO - Sync 1 DAGs
[2023-11-22T21:04:35.691+0000] {logging_mixin.py:154} INFO - [2023-11-22T21:04:35.691+0000] {dag.py:3722} INFO - Setting next_dagrun for example_sla_dag to 2023-11-22T21:02:00+00:00, run_after=2023-11-22T21:04:00+00:00
[2023-11-22T21:04:35.718+0000] {processor.py:179} INFO - Processing /home/airflow/.local/lib/python3.8/site-packages/airflow/example_dags/example_sla_dag.py took 0.147 seconds
[2023-11-22T21:05:05.858+0000] {processor.py:157} INFO - Started process (PID=213) to work on /home/airflow/.local/lib/python3.8/site-packages/airflow/example_dags/example_sla_dag.py
[2023-11-22T21:05:05.860+0000] {processor.py:829} INFO - Processing file /home/airflow/.local/lib/python3.8/site-packages/airflow/example_dags/example_sla_dag.py for tasks to queue
[2023-11-22T21:05:05.864+0000] {logging_mixin.py:154} INFO - [2023-11-22T21:05:05.864+0000] {dagbag.py:536} INFO - Filling up the DagBag from /home/airflow/.local/lib/python3.8/site-packages/airflow/example_dags/example_sla_dag.py
[2023-11-22T21:05:05.876+0000] {processor.py:839} INFO - DAG(s) dict_keys(['example_sla_dag']) retrieved from /home/airflow/.local/lib/python3.8/site-packages/airflow/example_dags/example_sla_dag.py
[2023-11-22T21:05:05.900+0000] {logging_mixin.py:154} INFO - [2023-11-22T21:05:05.900+0000] {dag.py:2941} INFO - Sync 1 DAGs
[2023-11-22T21:05:05.931+0000] {logging_mixin.py:154} INFO - [2023-11-22T21:05:05.931+0000] {dag.py:3722} INFO - Setting next_dagrun for example_sla_dag to 2023-11-22T21:02:00+00:00, run_after=2023-11-22T21:04:00+00:00
[2023-11-22T21:05:05.957+0000] {processor.py:179} INFO - Processing /home/airflow/.local/lib/python3.8/site-packages/airflow/example_dags/example_sla_dag.py took 0.103 seconds
