[2023-11-22T21:03:25.716+0000] {processor.py:157} INFO - Started process (PID=39) to work on /home/airflow/.local/lib/python3.8/site-packages/airflow/example_dags/example_dynamic_task_mapping_with_no_taskflow_operators.py
[2023-11-22T21:03:25.739+0000] {processor.py:829} INFO - Processing file /home/airflow/.local/lib/python3.8/site-packages/airflow/example_dags/example_dynamic_task_mapping_with_no_taskflow_operators.py for tasks to queue
[2023-11-22T21:03:25.783+0000] {logging_mixin.py:154} INFO - [2023-11-22T21:03:25.783+0000] {dagbag.py:536} INFO - Filling up the DagBag from /home/airflow/.local/lib/python3.8/site-packages/airflow/example_dags/example_dynamic_task_mapping_with_no_taskflow_operators.py
[2023-11-22T21:03:26.007+0000] {processor.py:839} INFO - DAG(s) dict_keys(['example_dynamic_task_mapping_with_no_taskflow_operators']) retrieved from /home/airflow/.local/lib/python3.8/site-packages/airflow/example_dags/example_dynamic_task_mapping_with_no_taskflow_operators.py
[2023-11-22T21:03:27.669+0000] {logging_mixin.py:154} INFO - [2023-11-22T21:03:27.669+0000] {manager.py:499} INFO - Created Permission View: %s
[2023-11-22T21:03:27.714+0000] {logging_mixin.py:154} INFO - [2023-11-22T21:03:27.714+0000] {manager.py:499} INFO - Created Permission View: %s
[2023-11-22T21:03:27.792+0000] {logging_mixin.py:154} INFO - [2023-11-22T21:03:27.791+0000] {manager.py:499} INFO - Created Permission View: %s
[2023-11-22T21:03:27.796+0000] {logging_mixin.py:154} INFO - [2023-11-22T21:03:27.796+0000] {dag.py:2941} INFO - Sync 1 DAGs
[2023-11-22T21:03:27.997+0000] {logging_mixin.py:154} INFO - [2023-11-22T21:03:27.983+0000] {dag.py:2963} INFO - Creating ORM DAG for example_dynamic_task_mapping_with_no_taskflow_operators
[2023-11-22T21:03:28.096+0000] {logging_mixin.py:154} INFO - [2023-11-22T21:03:28.096+0000] {dag.py:3722} INFO - Setting next_dagrun for example_dynamic_task_mapping_with_no_taskflow_operators to 2023-11-21T21:03:28.095561+00:00, run_after=2023-11-22T21:03:28.095561+00:00
[2023-11-22T21:03:28.317+0000] {processor.py:179} INFO - Processing /home/airflow/.local/lib/python3.8/site-packages/airflow/example_dags/example_dynamic_task_mapping_with_no_taskflow_operators.py took 2.628 seconds
[2023-11-22T21:03:58.359+0000] {processor.py:157} INFO - Started process (PID=94) to work on /home/airflow/.local/lib/python3.8/site-packages/airflow/example_dags/example_dynamic_task_mapping_with_no_taskflow_operators.py
[2023-11-22T21:03:58.361+0000] {processor.py:829} INFO - Processing file /home/airflow/.local/lib/python3.8/site-packages/airflow/example_dags/example_dynamic_task_mapping_with_no_taskflow_operators.py for tasks to queue
[2023-11-22T21:03:58.366+0000] {logging_mixin.py:154} INFO - [2023-11-22T21:03:58.366+0000] {dagbag.py:536} INFO - Filling up the DagBag from /home/airflow/.local/lib/python3.8/site-packages/airflow/example_dags/example_dynamic_task_mapping_with_no_taskflow_operators.py
[2023-11-22T21:03:58.376+0000] {processor.py:839} INFO - DAG(s) dict_keys(['example_dynamic_task_mapping_with_no_taskflow_operators']) retrieved from /home/airflow/.local/lib/python3.8/site-packages/airflow/example_dags/example_dynamic_task_mapping_with_no_taskflow_operators.py
[2023-11-22T21:03:58.413+0000] {logging_mixin.py:154} INFO - [2023-11-22T21:03:58.413+0000] {dag.py:2941} INFO - Sync 1 DAGs
[2023-11-22T21:03:58.450+0000] {logging_mixin.py:154} INFO - [2023-11-22T21:03:58.450+0000] {dag.py:3722} INFO - Setting next_dagrun for example_dynamic_task_mapping_with_no_taskflow_operators to 2023-11-21T21:03:58.450230+00:00, run_after=2023-11-22T21:03:58.450230+00:00
[2023-11-22T21:03:58.473+0000] {processor.py:179} INFO - Processing /home/airflow/.local/lib/python3.8/site-packages/airflow/example_dags/example_dynamic_task_mapping_with_no_taskflow_operators.py took 0.120 seconds
[2023-11-22T21:04:28.751+0000] {processor.py:157} INFO - Started process (PID=149) to work on /home/airflow/.local/lib/python3.8/site-packages/airflow/example_dags/example_dynamic_task_mapping_with_no_taskflow_operators.py
[2023-11-22T21:04:28.752+0000] {processor.py:829} INFO - Processing file /home/airflow/.local/lib/python3.8/site-packages/airflow/example_dags/example_dynamic_task_mapping_with_no_taskflow_operators.py for tasks to queue
[2023-11-22T21:04:28.757+0000] {logging_mixin.py:154} INFO - [2023-11-22T21:04:28.756+0000] {dagbag.py:536} INFO - Filling up the DagBag from /home/airflow/.local/lib/python3.8/site-packages/airflow/example_dags/example_dynamic_task_mapping_with_no_taskflow_operators.py
[2023-11-22T21:04:28.767+0000] {processor.py:839} INFO - DAG(s) dict_keys(['example_dynamic_task_mapping_with_no_taskflow_operators']) retrieved from /home/airflow/.local/lib/python3.8/site-packages/airflow/example_dags/example_dynamic_task_mapping_with_no_taskflow_operators.py
[2023-11-22T21:04:28.790+0000] {logging_mixin.py:154} INFO - [2023-11-22T21:04:28.790+0000] {dag.py:2941} INFO - Sync 1 DAGs
[2023-11-22T21:04:28.820+0000] {logging_mixin.py:154} INFO - [2023-11-22T21:04:28.820+0000] {dag.py:3722} INFO - Setting next_dagrun for example_dynamic_task_mapping_with_no_taskflow_operators to 2023-11-21T21:04:28.819746+00:00, run_after=2023-11-22T21:04:28.819746+00:00
[2023-11-22T21:04:28.856+0000] {processor.py:179} INFO - Processing /home/airflow/.local/lib/python3.8/site-packages/airflow/example_dags/example_dynamic_task_mapping_with_no_taskflow_operators.py took 0.109 seconds
[2023-11-22T21:04:59.149+0000] {processor.py:157} INFO - Started process (PID=204) to work on /home/airflow/.local/lib/python3.8/site-packages/airflow/example_dags/example_dynamic_task_mapping_with_no_taskflow_operators.py
[2023-11-22T21:04:59.151+0000] {processor.py:829} INFO - Processing file /home/airflow/.local/lib/python3.8/site-packages/airflow/example_dags/example_dynamic_task_mapping_with_no_taskflow_operators.py for tasks to queue
[2023-11-22T21:04:59.156+0000] {logging_mixin.py:154} INFO - [2023-11-22T21:04:59.155+0000] {dagbag.py:536} INFO - Filling up the DagBag from /home/airflow/.local/lib/python3.8/site-packages/airflow/example_dags/example_dynamic_task_mapping_with_no_taskflow_operators.py
[2023-11-22T21:04:59.165+0000] {processor.py:839} INFO - DAG(s) dict_keys(['example_dynamic_task_mapping_with_no_taskflow_operators']) retrieved from /home/airflow/.local/lib/python3.8/site-packages/airflow/example_dags/example_dynamic_task_mapping_with_no_taskflow_operators.py
[2023-11-22T21:04:59.189+0000] {logging_mixin.py:154} INFO - [2023-11-22T21:04:59.189+0000] {dag.py:2941} INFO - Sync 1 DAGs
[2023-11-22T21:04:59.221+0000] {logging_mixin.py:154} INFO - [2023-11-22T21:04:59.221+0000] {dag.py:3722} INFO - Setting next_dagrun for example_dynamic_task_mapping_with_no_taskflow_operators to 2023-11-21T21:04:59.221424+00:00, run_after=2023-11-22T21:04:59.221424+00:00
[2023-11-22T21:04:59.250+0000] {processor.py:179} INFO - Processing /home/airflow/.local/lib/python3.8/site-packages/airflow/example_dags/example_dynamic_task_mapping_with_no_taskflow_operators.py took 0.104 seconds
[2023-11-22T21:05:29.406+0000] {processor.py:157} INFO - Started process (PID=259) to work on /home/airflow/.local/lib/python3.8/site-packages/airflow/example_dags/example_dynamic_task_mapping_with_no_taskflow_operators.py
[2023-11-22T21:05:29.408+0000] {processor.py:829} INFO - Processing file /home/airflow/.local/lib/python3.8/site-packages/airflow/example_dags/example_dynamic_task_mapping_with_no_taskflow_operators.py for tasks to queue
[2023-11-22T21:05:29.412+0000] {logging_mixin.py:154} INFO - [2023-11-22T21:05:29.412+0000] {dagbag.py:536} INFO - Filling up the DagBag from /home/airflow/.local/lib/python3.8/site-packages/airflow/example_dags/example_dynamic_task_mapping_with_no_taskflow_operators.py
[2023-11-22T21:05:29.422+0000] {processor.py:839} INFO - DAG(s) dict_keys(['example_dynamic_task_mapping_with_no_taskflow_operators']) retrieved from /home/airflow/.local/lib/python3.8/site-packages/airflow/example_dags/example_dynamic_task_mapping_with_no_taskflow_operators.py
[2023-11-22T21:05:29.451+0000] {logging_mixin.py:154} INFO - [2023-11-22T21:05:29.451+0000] {dag.py:2941} INFO - Sync 1 DAGs
[2023-11-22T21:05:29.481+0000] {logging_mixin.py:154} INFO - [2023-11-22T21:05:29.481+0000] {dag.py:3722} INFO - Setting next_dagrun for example_dynamic_task_mapping_with_no_taskflow_operators to 2023-11-21T21:05:29.480849+00:00, run_after=2023-11-22T21:05:29.480849+00:00
[2023-11-22T21:05:29.509+0000] {processor.py:179} INFO - Processing /home/airflow/.local/lib/python3.8/site-packages/airflow/example_dags/example_dynamic_task_mapping_with_no_taskflow_operators.py took 0.106 seconds
