[2023-11-22T21:03:42.685+0000] {processor.py:157} INFO - Started process (PID=67) to work on /home/airflow/.local/lib/python3.8/site-packages/airflow/example_dags/example_datasets.py
[2023-11-22T21:03:42.687+0000] {processor.py:829} INFO - Processing file /home/airflow/.local/lib/python3.8/site-packages/airflow/example_dags/example_datasets.py for tasks to queue
[2023-11-22T21:03:42.691+0000] {logging_mixin.py:154} INFO - [2023-11-22T21:03:42.691+0000] {dagbag.py:536} INFO - Filling up the DagBag from /home/airflow/.local/lib/python3.8/site-packages/airflow/example_dags/example_datasets.py
[2023-11-22T21:03:42.706+0000] {processor.py:839} INFO - DAG(s) dict_keys(['dataset_consumes_unknown_never_scheduled', 'dataset_produces_1', 'dataset_consumes_1_never_scheduled', 'dataset_produces_2', 'dataset_consumes_1', 'dataset_consumes_1_and_2']) retrieved from /home/airflow/.local/lib/python3.8/site-packages/airflow/example_dags/example_datasets.py
[2023-11-22T21:03:42.903+0000] {logging_mixin.py:154} INFO - [2023-11-22T21:03:42.902+0000] {manager.py:499} INFO - Created Permission View: %s
[2023-11-22T21:03:42.924+0000] {logging_mixin.py:154} INFO - [2023-11-22T21:03:42.923+0000] {manager.py:499} INFO - Created Permission View: %s
[2023-11-22T21:03:42.941+0000] {logging_mixin.py:154} INFO - [2023-11-22T21:03:42.941+0000] {manager.py:499} INFO - Created Permission View: %s
[2023-11-22T21:03:42.971+0000] {logging_mixin.py:154} INFO - [2023-11-22T21:03:42.970+0000] {manager.py:499} INFO - Created Permission View: %s
[2023-11-22T21:03:42.984+0000] {logging_mixin.py:154} INFO - [2023-11-22T21:03:42.984+0000] {manager.py:499} INFO - Created Permission View: %s
[2023-11-22T21:03:42.995+0000] {logging_mixin.py:154} INFO - [2023-11-22T21:03:42.994+0000] {manager.py:499} INFO - Created Permission View: %s
[2023-11-22T21:03:43.025+0000] {logging_mixin.py:154} INFO - [2023-11-22T21:03:43.025+0000] {manager.py:499} INFO - Created Permission View: %s
[2023-11-22T21:03:43.038+0000] {logging_mixin.py:154} INFO - [2023-11-22T21:03:43.037+0000] {manager.py:499} INFO - Created Permission View: %s
[2023-11-22T21:03:43.051+0000] {logging_mixin.py:154} INFO - [2023-11-22T21:03:43.051+0000] {manager.py:499} INFO - Created Permission View: %s
[2023-11-22T21:03:43.072+0000] {logging_mixin.py:154} INFO - [2023-11-22T21:03:43.072+0000] {manager.py:499} INFO - Created Permission View: %s
[2023-11-22T21:03:43.088+0000] {logging_mixin.py:154} INFO - [2023-11-22T21:03:43.088+0000] {manager.py:499} INFO - Created Permission View: %s
[2023-11-22T21:03:43.103+0000] {logging_mixin.py:154} INFO - [2023-11-22T21:03:43.103+0000] {manager.py:499} INFO - Created Permission View: %s
[2023-11-22T21:03:43.132+0000] {logging_mixin.py:154} INFO - [2023-11-22T21:03:43.132+0000] {manager.py:499} INFO - Created Permission View: %s
[2023-11-22T21:03:43.146+0000] {logging_mixin.py:154} INFO - [2023-11-22T21:03:43.146+0000] {manager.py:499} INFO - Created Permission View: %s
[2023-11-22T21:03:43.161+0000] {logging_mixin.py:154} INFO - [2023-11-22T21:03:43.160+0000] {manager.py:499} INFO - Created Permission View: %s
[2023-11-22T21:03:43.194+0000] {logging_mixin.py:154} INFO - [2023-11-22T21:03:43.194+0000] {manager.py:499} INFO - Created Permission View: %s
[2023-11-22T21:03:43.209+0000] {logging_mixin.py:154} INFO - [2023-11-22T21:03:43.209+0000] {manager.py:499} INFO - Created Permission View: %s
[2023-11-22T21:03:43.222+0000] {logging_mixin.py:154} INFO - [2023-11-22T21:03:43.222+0000] {manager.py:499} INFO - Created Permission View: %s
[2023-11-22T21:03:43.224+0000] {logging_mixin.py:154} INFO - [2023-11-22T21:03:43.223+0000] {dag.py:2941} INFO - Sync 6 DAGs
[2023-11-22T21:03:43.246+0000] {logging_mixin.py:154} INFO - [2023-11-22T21:03:43.246+0000] {dag.py:2963} INFO - Creating ORM DAG for dataset_produces_1
[2023-11-22T21:03:43.248+0000] {logging_mixin.py:154} INFO - [2023-11-22T21:03:43.248+0000] {dag.py:2963} INFO - Creating ORM DAG for dataset_consumes_1_and_2
[2023-11-22T21:03:43.250+0000] {logging_mixin.py:154} INFO - [2023-11-22T21:03:43.250+0000] {dag.py:2963} INFO - Creating ORM DAG for dataset_produces_2
[2023-11-22T21:03:43.253+0000] {logging_mixin.py:154} INFO - [2023-11-22T21:03:43.252+0000] {dag.py:2963} INFO - Creating ORM DAG for dataset_consumes_1
[2023-11-22T21:03:43.255+0000] {logging_mixin.py:154} INFO - [2023-11-22T21:03:43.254+0000] {dag.py:2963} INFO - Creating ORM DAG for dataset_consumes_1_never_scheduled
[2023-11-22T21:03:43.256+0000] {logging_mixin.py:154} INFO - [2023-11-22T21:03:43.256+0000] {dag.py:2963} INFO - Creating ORM DAG for dataset_consumes_unknown_never_scheduled
[2023-11-22T21:03:43.275+0000] {logging_mixin.py:154} INFO - [2023-11-22T21:03:43.275+0000] {dag.py:3722} INFO - Setting next_dagrun for dataset_consumes_1 to None, run_after=None
[2023-11-22T21:03:43.278+0000] {logging_mixin.py:154} INFO - [2023-11-22T21:03:43.277+0000] {dag.py:3722} INFO - Setting next_dagrun for dataset_consumes_1_and_2 to None, run_after=None
[2023-11-22T21:03:43.280+0000] {logging_mixin.py:154} INFO - [2023-11-22T21:03:43.279+0000] {dag.py:3722} INFO - Setting next_dagrun for dataset_consumes_1_never_scheduled to None, run_after=None
[2023-11-22T21:03:43.282+0000] {logging_mixin.py:154} INFO - [2023-11-22T21:03:43.281+0000] {dag.py:3722} INFO - Setting next_dagrun for dataset_consumes_unknown_never_scheduled to None, run_after=None
[2023-11-22T21:03:43.287+0000] {logging_mixin.py:154} INFO - [2023-11-22T21:03:43.287+0000] {dag.py:3722} INFO - Setting next_dagrun for dataset_produces_1 to 2023-11-21T00:00:00+00:00, run_after=2023-11-22T00:00:00+00:00
[2023-11-22T21:03:43.289+0000] {logging_mixin.py:154} INFO - [2023-11-22T21:03:43.288+0000] {dag.py:3722} INFO - Setting next_dagrun for dataset_produces_2 to None, run_after=None
[2023-11-22T21:03:43.401+0000] {processor.py:179} INFO - Processing /home/airflow/.local/lib/python3.8/site-packages/airflow/example_dags/example_datasets.py took 0.721 seconds
[2023-11-22T21:04:13.810+0000] {processor.py:157} INFO - Started process (PID=122) to work on /home/airflow/.local/lib/python3.8/site-packages/airflow/example_dags/example_datasets.py
[2023-11-22T21:04:13.812+0000] {processor.py:829} INFO - Processing file /home/airflow/.local/lib/python3.8/site-packages/airflow/example_dags/example_datasets.py for tasks to queue
[2023-11-22T21:04:13.816+0000] {logging_mixin.py:154} INFO - [2023-11-22T21:04:13.816+0000] {dagbag.py:536} INFO - Filling up the DagBag from /home/airflow/.local/lib/python3.8/site-packages/airflow/example_dags/example_datasets.py
[2023-11-22T21:04:13.847+0000] {processor.py:839} INFO - DAG(s) dict_keys(['dataset_consumes_1_and_2', 'dataset_consumes_1', 'dataset_consumes_unknown_never_scheduled', 'dataset_consumes_1_never_scheduled', 'dataset_produces_1', 'dataset_produces_2']) retrieved from /home/airflow/.local/lib/python3.8/site-packages/airflow/example_dags/example_datasets.py
[2023-11-22T21:04:13.928+0000] {logging_mixin.py:154} INFO - [2023-11-22T21:04:13.928+0000] {dag.py:2941} INFO - Sync 6 DAGs
[2023-11-22T21:04:13.969+0000] {logging_mixin.py:154} INFO - [2023-11-22T21:04:13.969+0000] {dag.py:3722} INFO - Setting next_dagrun for dataset_consumes_1 to None, run_after=None
[2023-11-22T21:04:13.978+0000] {logging_mixin.py:154} INFO - [2023-11-22T21:04:13.978+0000] {dag.py:3722} INFO - Setting next_dagrun for dataset_consumes_1_and_2 to None, run_after=None
[2023-11-22T21:04:13.982+0000] {logging_mixin.py:154} INFO - [2023-11-22T21:04:13.982+0000] {dag.py:3722} INFO - Setting next_dagrun for dataset_consumes_1_never_scheduled to None, run_after=None
[2023-11-22T21:04:13.985+0000] {logging_mixin.py:154} INFO - [2023-11-22T21:04:13.985+0000] {dag.py:3722} INFO - Setting next_dagrun for dataset_consumes_unknown_never_scheduled to None, run_after=None
[2023-11-22T21:04:13.993+0000] {logging_mixin.py:154} INFO - [2023-11-22T21:04:13.992+0000] {dag.py:3722} INFO - Setting next_dagrun for dataset_produces_1 to 2023-11-21T00:00:00+00:00, run_after=2023-11-22T00:00:00+00:00
[2023-11-22T21:04:13.997+0000] {logging_mixin.py:154} INFO - [2023-11-22T21:04:13.996+0000] {dag.py:3722} INFO - Setting next_dagrun for dataset_produces_2 to None, run_after=None
[2023-11-22T21:04:14.058+0000] {processor.py:179} INFO - Processing /home/airflow/.local/lib/python3.8/site-packages/airflow/example_dags/example_datasets.py took 0.254 seconds
[2023-11-22T21:04:44.530+0000] {processor.py:157} INFO - Started process (PID=177) to work on /home/airflow/.local/lib/python3.8/site-packages/airflow/example_dags/example_datasets.py
[2023-11-22T21:04:44.531+0000] {processor.py:829} INFO - Processing file /home/airflow/.local/lib/python3.8/site-packages/airflow/example_dags/example_datasets.py for tasks to queue
[2023-11-22T21:04:44.535+0000] {logging_mixin.py:154} INFO - [2023-11-22T21:04:44.534+0000] {dagbag.py:536} INFO - Filling up the DagBag from /home/airflow/.local/lib/python3.8/site-packages/airflow/example_dags/example_datasets.py
[2023-11-22T21:04:44.552+0000] {processor.py:839} INFO - DAG(s) dict_keys(['dataset_consumes_1_never_scheduled', 'dataset_produces_1', 'dataset_produces_2', 'dataset_consumes_1_and_2', 'dataset_consumes_unknown_never_scheduled', 'dataset_consumes_1']) retrieved from /home/airflow/.local/lib/python3.8/site-packages/airflow/example_dags/example_datasets.py
[2023-11-22T21:04:44.607+0000] {logging_mixin.py:154} INFO - [2023-11-22T21:04:44.606+0000] {dag.py:2941} INFO - Sync 6 DAGs
[2023-11-22T21:04:44.643+0000] {logging_mixin.py:154} INFO - [2023-11-22T21:04:44.643+0000] {dag.py:3722} INFO - Setting next_dagrun for dataset_consumes_1 to None, run_after=None
[2023-11-22T21:04:44.650+0000] {logging_mixin.py:154} INFO - [2023-11-22T21:04:44.649+0000] {dag.py:3722} INFO - Setting next_dagrun for dataset_consumes_1_and_2 to None, run_after=None
[2023-11-22T21:04:44.657+0000] {logging_mixin.py:154} INFO - [2023-11-22T21:04:44.656+0000] {dag.py:3722} INFO - Setting next_dagrun for dataset_consumes_1_never_scheduled to None, run_after=None
[2023-11-22T21:04:44.664+0000] {logging_mixin.py:154} INFO - [2023-11-22T21:04:44.663+0000] {dag.py:3722} INFO - Setting next_dagrun for dataset_consumes_unknown_never_scheduled to None, run_after=None
[2023-11-22T21:04:44.672+0000] {logging_mixin.py:154} INFO - [2023-11-22T21:04:44.671+0000] {dag.py:3722} INFO - Setting next_dagrun for dataset_produces_1 to 2023-11-21T00:00:00+00:00, run_after=2023-11-22T00:00:00+00:00
[2023-11-22T21:04:44.675+0000] {logging_mixin.py:154} INFO - [2023-11-22T21:04:44.675+0000] {dag.py:3722} INFO - Setting next_dagrun for dataset_produces_2 to None, run_after=None
[2023-11-22T21:04:44.730+0000] {processor.py:179} INFO - Processing /home/airflow/.local/lib/python3.8/site-packages/airflow/example_dags/example_datasets.py took 0.208 seconds
[2023-11-22T21:05:15.047+0000] {processor.py:157} INFO - Started process (PID=232) to work on /home/airflow/.local/lib/python3.8/site-packages/airflow/example_dags/example_datasets.py
[2023-11-22T21:05:15.060+0000] {processor.py:829} INFO - Processing file /home/airflow/.local/lib/python3.8/site-packages/airflow/example_dags/example_datasets.py for tasks to queue
[2023-11-22T21:05:15.066+0000] {logging_mixin.py:154} INFO - [2023-11-22T21:05:15.066+0000] {dagbag.py:536} INFO - Filling up the DagBag from /home/airflow/.local/lib/python3.8/site-packages/airflow/example_dags/example_datasets.py
[2023-11-22T21:05:15.101+0000] {processor.py:839} INFO - DAG(s) dict_keys(['dataset_produces_1', 'dataset_consumes_1', 'dataset_consumes_1_and_2', 'dataset_consumes_unknown_never_scheduled', 'dataset_consumes_1_never_scheduled', 'dataset_produces_2']) retrieved from /home/airflow/.local/lib/python3.8/site-packages/airflow/example_dags/example_datasets.py
[2023-11-22T21:05:15.192+0000] {logging_mixin.py:154} INFO - [2023-11-22T21:05:15.191+0000] {dag.py:2941} INFO - Sync 6 DAGs
[2023-11-22T21:05:15.256+0000] {logging_mixin.py:154} INFO - [2023-11-22T21:05:15.256+0000] {dag.py:3722} INFO - Setting next_dagrun for dataset_consumes_1 to None, run_after=None
[2023-11-22T21:05:15.272+0000] {logging_mixin.py:154} INFO - [2023-11-22T21:05:15.272+0000] {dag.py:3722} INFO - Setting next_dagrun for dataset_consumes_1_and_2 to None, run_after=None
[2023-11-22T21:05:15.276+0000] {logging_mixin.py:154} INFO - [2023-11-22T21:05:15.276+0000] {dag.py:3722} INFO - Setting next_dagrun for dataset_consumes_1_never_scheduled to None, run_after=None
[2023-11-22T21:05:15.282+0000] {logging_mixin.py:154} INFO - [2023-11-22T21:05:15.281+0000] {dag.py:3722} INFO - Setting next_dagrun for dataset_consumes_unknown_never_scheduled to None, run_after=None
[2023-11-22T21:05:15.290+0000] {logging_mixin.py:154} INFO - [2023-11-22T21:05:15.290+0000] {dag.py:3722} INFO - Setting next_dagrun for dataset_produces_1 to 2023-11-21T00:00:00+00:00, run_after=2023-11-22T00:00:00+00:00
[2023-11-22T21:05:15.294+0000] {logging_mixin.py:154} INFO - [2023-11-22T21:05:15.294+0000] {dag.py:3722} INFO - Setting next_dagrun for dataset_produces_2 to None, run_after=None
[2023-11-22T21:05:15.367+0000] {processor.py:179} INFO - Processing /home/airflow/.local/lib/python3.8/site-packages/airflow/example_dags/example_datasets.py took 0.330 seconds
