[2023-11-22T21:03:34.115+0000] {processor.py:157} INFO - Started process (PID=49) to work on /home/airflow/.local/lib/python3.8/site-packages/airflow/example_dags/example_time_delta_sensor_async.py
[2023-11-22T21:03:34.133+0000] {processor.py:829} INFO - Processing file /home/airflow/.local/lib/python3.8/site-packages/airflow/example_dags/example_time_delta_sensor_async.py for tasks to queue
[2023-11-22T21:03:34.146+0000] {logging_mixin.py:154} INFO - [2023-11-22T21:03:34.146+0000] {dagbag.py:536} INFO - Filling up the DagBag from /home/airflow/.local/lib/python3.8/site-packages/airflow/example_dags/example_time_delta_sensor_async.py
[2023-11-22T21:03:34.187+0000] {processor.py:839} INFO - DAG(s) dict_keys(['example_time_delta_sensor_async']) retrieved from /home/airflow/.local/lib/python3.8/site-packages/airflow/example_dags/example_time_delta_sensor_async.py
[2023-11-22T21:03:34.996+0000] {logging_mixin.py:154} INFO - [2023-11-22T21:03:34.995+0000] {manager.py:499} INFO - Created Permission View: %s
[2023-11-22T21:03:35.378+0000] {logging_mixin.py:154} INFO - [2023-11-22T21:03:35.378+0000] {manager.py:499} INFO - Created Permission View: %s
[2023-11-22T21:03:35.506+0000] {logging_mixin.py:154} INFO - [2023-11-22T21:03:35.506+0000] {manager.py:499} INFO - Created Permission View: %s
[2023-11-22T21:03:35.509+0000] {logging_mixin.py:154} INFO - [2023-11-22T21:03:35.509+0000] {dag.py:2941} INFO - Sync 1 DAGs
[2023-11-22T21:03:35.726+0000] {logging_mixin.py:154} INFO - [2023-11-22T21:03:35.725+0000] {dag.py:2963} INFO - Creating ORM DAG for example_time_delta_sensor_async
[2023-11-22T21:03:35.730+0000] {logging_mixin.py:154} INFO - [2023-11-22T21:03:35.730+0000] {dag.py:3722} INFO - Setting next_dagrun for example_time_delta_sensor_async to None, run_after=None
[2023-11-22T21:03:35.947+0000] {processor.py:179} INFO - Processing /home/airflow/.local/lib/python3.8/site-packages/airflow/example_dags/example_time_delta_sensor_async.py took 1.841 seconds
[2023-11-22T21:04:07.076+0000] {processor.py:157} INFO - Started process (PID=104) to work on /home/airflow/.local/lib/python3.8/site-packages/airflow/example_dags/example_time_delta_sensor_async.py
[2023-11-22T21:04:07.090+0000] {processor.py:829} INFO - Processing file /home/airflow/.local/lib/python3.8/site-packages/airflow/example_dags/example_time_delta_sensor_async.py for tasks to queue
[2023-11-22T21:04:07.097+0000] {logging_mixin.py:154} INFO - [2023-11-22T21:04:07.096+0000] {dagbag.py:536} INFO - Filling up the DagBag from /home/airflow/.local/lib/python3.8/site-packages/airflow/example_dags/example_time_delta_sensor_async.py
[2023-11-22T21:04:07.108+0000] {processor.py:839} INFO - DAG(s) dict_keys(['example_time_delta_sensor_async']) retrieved from /home/airflow/.local/lib/python3.8/site-packages/airflow/example_dags/example_time_delta_sensor_async.py
[2023-11-22T21:04:07.161+0000] {logging_mixin.py:154} INFO - [2023-11-22T21:04:07.160+0000] {dag.py:2941} INFO - Sync 1 DAGs
[2023-11-22T21:04:07.196+0000] {logging_mixin.py:154} INFO - [2023-11-22T21:04:07.196+0000] {dag.py:3722} INFO - Setting next_dagrun for example_time_delta_sensor_async to None, run_after=None
[2023-11-22T21:04:07.244+0000] {processor.py:179} INFO - Processing /home/airflow/.local/lib/python3.8/site-packages/airflow/example_dags/example_time_delta_sensor_async.py took 0.173 seconds
[2023-11-22T21:04:37.730+0000] {processor.py:157} INFO - Started process (PID=159) to work on /home/airflow/.local/lib/python3.8/site-packages/airflow/example_dags/example_time_delta_sensor_async.py
[2023-11-22T21:04:37.732+0000] {processor.py:829} INFO - Processing file /home/airflow/.local/lib/python3.8/site-packages/airflow/example_dags/example_time_delta_sensor_async.py for tasks to queue
[2023-11-22T21:04:37.737+0000] {logging_mixin.py:154} INFO - [2023-11-22T21:04:37.736+0000] {dagbag.py:536} INFO - Filling up the DagBag from /home/airflow/.local/lib/python3.8/site-packages/airflow/example_dags/example_time_delta_sensor_async.py
[2023-11-22T21:04:37.745+0000] {processor.py:839} INFO - DAG(s) dict_keys(['example_time_delta_sensor_async']) retrieved from /home/airflow/.local/lib/python3.8/site-packages/airflow/example_dags/example_time_delta_sensor_async.py
[2023-11-22T21:04:37.775+0000] {logging_mixin.py:154} INFO - [2023-11-22T21:04:37.775+0000] {dag.py:2941} INFO - Sync 1 DAGs
[2023-11-22T21:04:37.792+0000] {logging_mixin.py:154} INFO - [2023-11-22T21:04:37.792+0000] {dag.py:3722} INFO - Setting next_dagrun for example_time_delta_sensor_async to None, run_after=None
[2023-11-22T21:04:37.824+0000] {processor.py:179} INFO - Processing /home/airflow/.local/lib/python3.8/site-packages/airflow/example_dags/example_time_delta_sensor_async.py took 0.098 seconds
[2023-11-22T21:05:07.873+0000] {processor.py:157} INFO - Started process (PID=214) to work on /home/airflow/.local/lib/python3.8/site-packages/airflow/example_dags/example_time_delta_sensor_async.py
[2023-11-22T21:05:07.875+0000] {processor.py:829} INFO - Processing file /home/airflow/.local/lib/python3.8/site-packages/airflow/example_dags/example_time_delta_sensor_async.py for tasks to queue
[2023-11-22T21:05:07.880+0000] {logging_mixin.py:154} INFO - [2023-11-22T21:05:07.879+0000] {dagbag.py:536} INFO - Filling up the DagBag from /home/airflow/.local/lib/python3.8/site-packages/airflow/example_dags/example_time_delta_sensor_async.py
[2023-11-22T21:05:07.887+0000] {processor.py:839} INFO - DAG(s) dict_keys(['example_time_delta_sensor_async']) retrieved from /home/airflow/.local/lib/python3.8/site-packages/airflow/example_dags/example_time_delta_sensor_async.py
[2023-11-22T21:05:07.913+0000] {logging_mixin.py:154} INFO - [2023-11-22T21:05:07.912+0000] {dag.py:2941} INFO - Sync 1 DAGs
[2023-11-22T21:05:07.931+0000] {logging_mixin.py:154} INFO - [2023-11-22T21:05:07.931+0000] {dag.py:3722} INFO - Setting next_dagrun for example_time_delta_sensor_async to None, run_after=None
[2023-11-22T21:05:07.958+0000] {processor.py:179} INFO - Processing /home/airflow/.local/lib/python3.8/site-packages/airflow/example_dags/example_time_delta_sensor_async.py took 0.089 seconds
