[2023-11-22T21:03:43.764+0000] {processor.py:157} INFO - Started process (PID=71) to work on /home/airflow/.local/lib/python3.8/site-packages/airflow/example_dags/example_branch_datetime_operator.py
[2023-11-22T21:03:43.766+0000] {processor.py:829} INFO - Processing file /home/airflow/.local/lib/python3.8/site-packages/airflow/example_dags/example_branch_datetime_operator.py for tasks to queue
[2023-11-22T21:03:43.770+0000] {logging_mixin.py:154} INFO - [2023-11-22T21:03:43.770+0000] {dagbag.py:536} INFO - Filling up the DagBag from /home/airflow/.local/lib/python3.8/site-packages/airflow/example_dags/example_branch_datetime_operator.py
[2023-11-22T21:03:43.801+0000] {processor.py:839} INFO - DAG(s) dict_keys(['example_branch_datetime_operator_3', 'example_branch_datetime_operator_2', 'example_branch_datetime_operator']) retrieved from /home/airflow/.local/lib/python3.8/site-packages/airflow/example_dags/example_branch_datetime_operator.py
[2023-11-22T21:03:44.012+0000] {logging_mixin.py:154} INFO - [2023-11-22T21:03:44.012+0000] {manager.py:499} INFO - Created Permission View: %s
[2023-11-22T21:03:44.041+0000] {logging_mixin.py:154} INFO - [2023-11-22T21:03:44.041+0000] {manager.py:499} INFO - Created Permission View: %s
[2023-11-22T21:03:44.055+0000] {logging_mixin.py:154} INFO - [2023-11-22T21:03:44.055+0000] {manager.py:499} INFO - Created Permission View: %s
[2023-11-22T21:03:44.105+0000] {logging_mixin.py:154} INFO - [2023-11-22T21:03:44.105+0000] {manager.py:499} INFO - Created Permission View: %s
[2023-11-22T21:03:44.119+0000] {logging_mixin.py:154} INFO - [2023-11-22T21:03:44.119+0000] {manager.py:499} INFO - Created Permission View: %s
[2023-11-22T21:03:44.133+0000] {logging_mixin.py:154} INFO - [2023-11-22T21:03:44.133+0000] {manager.py:499} INFO - Created Permission View: %s
[2023-11-22T21:03:44.157+0000] {logging_mixin.py:154} INFO - [2023-11-22T21:03:44.157+0000] {manager.py:499} INFO - Created Permission View: %s
[2023-11-22T21:03:44.174+0000] {logging_mixin.py:154} INFO - [2023-11-22T21:03:44.174+0000] {manager.py:499} INFO - Created Permission View: %s
[2023-11-22T21:03:44.191+0000] {logging_mixin.py:154} INFO - [2023-11-22T21:03:44.191+0000] {manager.py:499} INFO - Created Permission View: %s
[2023-11-22T21:03:44.193+0000] {logging_mixin.py:154} INFO - [2023-11-22T21:03:44.193+0000] {dag.py:2941} INFO - Sync 3 DAGs
[2023-11-22T21:03:44.220+0000] {logging_mixin.py:154} INFO - [2023-11-22T21:03:44.220+0000] {dag.py:2963} INFO - Creating ORM DAG for example_branch_datetime_operator_2
[2023-11-22T21:03:44.222+0000] {logging_mixin.py:154} INFO - [2023-11-22T21:03:44.222+0000] {dag.py:2963} INFO - Creating ORM DAG for example_branch_datetime_operator_3
[2023-11-22T21:03:44.224+0000] {logging_mixin.py:154} INFO - [2023-11-22T21:03:44.224+0000] {dag.py:2963} INFO - Creating ORM DAG for example_branch_datetime_operator
[2023-11-22T21:03:44.256+0000] {logging_mixin.py:154} INFO - [2023-11-22T21:03:44.256+0000] {dag.py:3722} INFO - Setting next_dagrun for example_branch_datetime_operator to 2023-11-21T00:00:00+00:00, run_after=2023-11-22T00:00:00+00:00
[2023-11-22T21:03:44.270+0000] {logging_mixin.py:154} INFO - [2023-11-22T21:03:44.270+0000] {dag.py:3722} INFO - Setting next_dagrun for example_branch_datetime_operator_2 to 2023-11-21T00:00:00+00:00, run_after=2023-11-22T00:00:00+00:00
[2023-11-22T21:03:44.275+0000] {logging_mixin.py:154} INFO - [2023-11-22T21:03:44.275+0000] {dag.py:3722} INFO - Setting next_dagrun for example_branch_datetime_operator_3 to 2023-11-21T00:00:00+00:00, run_after=2023-11-22T00:00:00+00:00
[2023-11-22T21:03:44.320+0000] {processor.py:179} INFO - Processing /home/airflow/.local/lib/python3.8/site-packages/airflow/example_dags/example_branch_datetime_operator.py took 0.562 seconds
[2023-11-22T21:04:15.305+0000] {processor.py:157} INFO - Started process (PID=126) to work on /home/airflow/.local/lib/python3.8/site-packages/airflow/example_dags/example_branch_datetime_operator.py
[2023-11-22T21:04:15.309+0000] {processor.py:829} INFO - Processing file /home/airflow/.local/lib/python3.8/site-packages/airflow/example_dags/example_branch_datetime_operator.py for tasks to queue
[2023-11-22T21:04:15.326+0000] {logging_mixin.py:154} INFO - [2023-11-22T21:04:15.325+0000] {dagbag.py:536} INFO - Filling up the DagBag from /home/airflow/.local/lib/python3.8/site-packages/airflow/example_dags/example_branch_datetime_operator.py
[2023-11-22T21:04:15.402+0000] {processor.py:839} INFO - DAG(s) dict_keys(['example_branch_datetime_operator_2', 'example_branch_datetime_operator', 'example_branch_datetime_operator_3']) retrieved from /home/airflow/.local/lib/python3.8/site-packages/airflow/example_dags/example_branch_datetime_operator.py
[2023-11-22T21:04:15.577+0000] {logging_mixin.py:154} INFO - [2023-11-22T21:04:15.577+0000] {dag.py:2941} INFO - Sync 3 DAGs
[2023-11-22T21:04:15.676+0000] {logging_mixin.py:154} INFO - [2023-11-22T21:04:15.676+0000] {dag.py:3722} INFO - Setting next_dagrun for example_branch_datetime_operator to 2023-11-21T00:00:00+00:00, run_after=2023-11-22T00:00:00+00:00
[2023-11-22T21:04:15.689+0000] {logging_mixin.py:154} INFO - [2023-11-22T21:04:15.689+0000] {dag.py:3722} INFO - Setting next_dagrun for example_branch_datetime_operator_2 to 2023-11-21T00:00:00+00:00, run_after=2023-11-22T00:00:00+00:00
[2023-11-22T21:04:15.717+0000] {logging_mixin.py:154} INFO - [2023-11-22T21:04:15.716+0000] {dag.py:3722} INFO - Setting next_dagrun for example_branch_datetime_operator_3 to 2023-11-21T00:00:00+00:00, run_after=2023-11-22T00:00:00+00:00
[2023-11-22T21:04:15.753+0000] {processor.py:179} INFO - Processing /home/airflow/.local/lib/python3.8/site-packages/airflow/example_dags/example_branch_datetime_operator.py took 0.475 seconds
[2023-11-22T21:04:45.912+0000] {processor.py:157} INFO - Started process (PID=181) to work on /home/airflow/.local/lib/python3.8/site-packages/airflow/example_dags/example_branch_datetime_operator.py
[2023-11-22T21:04:45.914+0000] {processor.py:829} INFO - Processing file /home/airflow/.local/lib/python3.8/site-packages/airflow/example_dags/example_branch_datetime_operator.py for tasks to queue
[2023-11-22T21:04:45.918+0000] {logging_mixin.py:154} INFO - [2023-11-22T21:04:45.917+0000] {dagbag.py:536} INFO - Filling up the DagBag from /home/airflow/.local/lib/python3.8/site-packages/airflow/example_dags/example_branch_datetime_operator.py
[2023-11-22T21:04:45.937+0000] {processor.py:839} INFO - DAG(s) dict_keys(['example_branch_datetime_operator_2', 'example_branch_datetime_operator_3', 'example_branch_datetime_operator']) retrieved from /home/airflow/.local/lib/python3.8/site-packages/airflow/example_dags/example_branch_datetime_operator.py
[2023-11-22T21:04:45.984+0000] {logging_mixin.py:154} INFO - [2023-11-22T21:04:45.984+0000] {dag.py:2941} INFO - Sync 3 DAGs
[2023-11-22T21:04:46.026+0000] {logging_mixin.py:154} INFO - [2023-11-22T21:04:46.025+0000] {dag.py:3722} INFO - Setting next_dagrun for example_branch_datetime_operator to 2023-11-21T00:00:00+00:00, run_after=2023-11-22T00:00:00+00:00
[2023-11-22T21:04:46.036+0000] {logging_mixin.py:154} INFO - [2023-11-22T21:04:46.036+0000] {dag.py:3722} INFO - Setting next_dagrun for example_branch_datetime_operator_2 to 2023-11-21T00:00:00+00:00, run_after=2023-11-22T00:00:00+00:00
[2023-11-22T21:04:46.042+0000] {logging_mixin.py:154} INFO - [2023-11-22T21:04:46.042+0000] {dag.py:3722} INFO - Setting next_dagrun for example_branch_datetime_operator_3 to 2023-11-21T00:00:00+00:00, run_after=2023-11-22T00:00:00+00:00
[2023-11-22T21:04:46.070+0000] {processor.py:179} INFO - Processing /home/airflow/.local/lib/python3.8/site-packages/airflow/example_dags/example_branch_datetime_operator.py took 0.163 seconds
[2023-11-22T21:05:16.463+0000] {processor.py:157} INFO - Started process (PID=236) to work on /home/airflow/.local/lib/python3.8/site-packages/airflow/example_dags/example_branch_datetime_operator.py
[2023-11-22T21:05:16.465+0000] {processor.py:829} INFO - Processing file /home/airflow/.local/lib/python3.8/site-packages/airflow/example_dags/example_branch_datetime_operator.py for tasks to queue
[2023-11-22T21:05:16.481+0000] {logging_mixin.py:154} INFO - [2023-11-22T21:05:16.479+0000] {dagbag.py:536} INFO - Filling up the DagBag from /home/airflow/.local/lib/python3.8/site-packages/airflow/example_dags/example_branch_datetime_operator.py
[2023-11-22T21:05:16.522+0000] {processor.py:839} INFO - DAG(s) dict_keys(['example_branch_datetime_operator', 'example_branch_datetime_operator_2', 'example_branch_datetime_operator_3']) retrieved from /home/airflow/.local/lib/python3.8/site-packages/airflow/example_dags/example_branch_datetime_operator.py
[2023-11-22T21:05:16.656+0000] {logging_mixin.py:154} INFO - [2023-11-22T21:05:16.655+0000] {dag.py:2941} INFO - Sync 3 DAGs
[2023-11-22T21:05:16.731+0000] {logging_mixin.py:154} INFO - [2023-11-22T21:05:16.728+0000] {dag.py:3722} INFO - Setting next_dagrun for example_branch_datetime_operator to 2023-11-21T00:00:00+00:00, run_after=2023-11-22T00:00:00+00:00
[2023-11-22T21:05:16.749+0000] {logging_mixin.py:154} INFO - [2023-11-22T21:05:16.749+0000] {dag.py:3722} INFO - Setting next_dagrun for example_branch_datetime_operator_2 to 2023-11-21T00:00:00+00:00, run_after=2023-11-22T00:00:00+00:00
[2023-11-22T21:05:16.767+0000] {logging_mixin.py:154} INFO - [2023-11-22T21:05:16.763+0000] {dag.py:3722} INFO - Setting next_dagrun for example_branch_datetime_operator_3 to 2023-11-21T00:00:00+00:00, run_after=2023-11-22T00:00:00+00:00
[2023-11-22T21:05:16.932+0000] {processor.py:179} INFO - Processing /home/airflow/.local/lib/python3.8/site-packages/airflow/example_dags/example_branch_datetime_operator.py took 0.477 seconds
