[2023-11-22T21:03:34.276+0000] {processor.py:157} INFO - Started process (PID=50) to work on /home/airflow/.local/lib/python3.8/site-packages/airflow/example_dags/example_short_circuit_operator.py
[2023-11-22T21:03:34.300+0000] {processor.py:829} INFO - Processing file /home/airflow/.local/lib/python3.8/site-packages/airflow/example_dags/example_short_circuit_operator.py for tasks to queue
[2023-11-22T21:03:34.306+0000] {logging_mixin.py:154} INFO - [2023-11-22T21:03:34.305+0000] {dagbag.py:536} INFO - Filling up the DagBag from /home/airflow/.local/lib/python3.8/site-packages/airflow/example_dags/example_short_circuit_operator.py
[2023-11-22T21:03:34.368+0000] {processor.py:839} INFO - DAG(s) dict_keys(['example_short_circuit_operator']) retrieved from /home/airflow/.local/lib/python3.8/site-packages/airflow/example_dags/example_short_circuit_operator.py
[2023-11-22T21:03:35.661+0000] {logging_mixin.py:154} INFO - [2023-11-22T21:03:35.661+0000] {manager.py:499} INFO - Created Permission View: %s
[2023-11-22T21:03:35.770+0000] {logging_mixin.py:154} INFO - [2023-11-22T21:03:35.770+0000] {manager.py:499} INFO - Created Permission View: %s
[2023-11-22T21:03:35.849+0000] {logging_mixin.py:154} INFO - [2023-11-22T21:03:35.848+0000] {manager.py:499} INFO - Created Permission View: %s
[2023-11-22T21:03:35.850+0000] {logging_mixin.py:154} INFO - [2023-11-22T21:03:35.849+0000] {dag.py:2941} INFO - Sync 1 DAGs
[2023-11-22T21:03:36.012+0000] {logging_mixin.py:154} INFO - [2023-11-22T21:03:36.011+0000] {dag.py:2963} INFO - Creating ORM DAG for example_short_circuit_operator
[2023-11-22T21:03:36.184+0000] {logging_mixin.py:154} INFO - [2023-11-22T21:03:36.182+0000] {dag.py:3722} INFO - Setting next_dagrun for example_short_circuit_operator to 2023-11-21T21:03:36.182162+00:00, run_after=2023-11-22T21:03:36.182162+00:00
[2023-11-22T21:03:36.335+0000] {processor.py:179} INFO - Processing /home/airflow/.local/lib/python3.8/site-packages/airflow/example_dags/example_short_circuit_operator.py took 2.070 seconds
[2023-11-22T21:04:07.107+0000] {processor.py:157} INFO - Started process (PID=105) to work on /home/airflow/.local/lib/python3.8/site-packages/airflow/example_dags/example_short_circuit_operator.py
[2023-11-22T21:04:07.109+0000] {processor.py:829} INFO - Processing file /home/airflow/.local/lib/python3.8/site-packages/airflow/example_dags/example_short_circuit_operator.py for tasks to queue
[2023-11-22T21:04:07.125+0000] {logging_mixin.py:154} INFO - [2023-11-22T21:04:07.124+0000] {dagbag.py:536} INFO - Filling up the DagBag from /home/airflow/.local/lib/python3.8/site-packages/airflow/example_dags/example_short_circuit_operator.py
[2023-11-22T21:04:07.141+0000] {processor.py:839} INFO - DAG(s) dict_keys(['example_short_circuit_operator']) retrieved from /home/airflow/.local/lib/python3.8/site-packages/airflow/example_dags/example_short_circuit_operator.py
[2023-11-22T21:04:07.207+0000] {logging_mixin.py:154} INFO - [2023-11-22T21:04:07.206+0000] {dag.py:2941} INFO - Sync 1 DAGs
[2023-11-22T21:04:07.258+0000] {logging_mixin.py:154} INFO - [2023-11-22T21:04:07.258+0000] {dag.py:3722} INFO - Setting next_dagrun for example_short_circuit_operator to 2023-11-21T21:04:07.256303+00:00, run_after=2023-11-22T21:04:07.256303+00:00
[2023-11-22T21:04:07.289+0000] {processor.py:179} INFO - Processing /home/airflow/.local/lib/python3.8/site-packages/airflow/example_dags/example_short_circuit_operator.py took 0.187 seconds
[2023-11-22T21:04:37.743+0000] {processor.py:157} INFO - Started process (PID=160) to work on /home/airflow/.local/lib/python3.8/site-packages/airflow/example_dags/example_short_circuit_operator.py
[2023-11-22T21:04:37.745+0000] {processor.py:829} INFO - Processing file /home/airflow/.local/lib/python3.8/site-packages/airflow/example_dags/example_short_circuit_operator.py for tasks to queue
[2023-11-22T21:04:37.749+0000] {logging_mixin.py:154} INFO - [2023-11-22T21:04:37.749+0000] {dagbag.py:536} INFO - Filling up the DagBag from /home/airflow/.local/lib/python3.8/site-packages/airflow/example_dags/example_short_circuit_operator.py
[2023-11-22T21:04:37.762+0000] {processor.py:839} INFO - DAG(s) dict_keys(['example_short_circuit_operator']) retrieved from /home/airflow/.local/lib/python3.8/site-packages/airflow/example_dags/example_short_circuit_operator.py
[2023-11-22T21:04:37.795+0000] {logging_mixin.py:154} INFO - [2023-11-22T21:04:37.795+0000] {dag.py:2941} INFO - Sync 1 DAGs
[2023-11-22T21:04:37.834+0000] {logging_mixin.py:154} INFO - [2023-11-22T21:04:37.834+0000] {dag.py:3722} INFO - Setting next_dagrun for example_short_circuit_operator to 2023-11-21T21:04:37.834102+00:00, run_after=2023-11-22T21:04:37.834102+00:00
[2023-11-22T21:04:37.858+0000] {processor.py:179} INFO - Processing /home/airflow/.local/lib/python3.8/site-packages/airflow/example_dags/example_short_circuit_operator.py took 0.122 seconds
[2023-11-22T21:05:07.982+0000] {processor.py:157} INFO - Started process (PID=215) to work on /home/airflow/.local/lib/python3.8/site-packages/airflow/example_dags/example_short_circuit_operator.py
[2023-11-22T21:05:07.983+0000] {processor.py:829} INFO - Processing file /home/airflow/.local/lib/python3.8/site-packages/airflow/example_dags/example_short_circuit_operator.py for tasks to queue
[2023-11-22T21:05:07.988+0000] {logging_mixin.py:154} INFO - [2023-11-22T21:05:07.988+0000] {dagbag.py:536} INFO - Filling up the DagBag from /home/airflow/.local/lib/python3.8/site-packages/airflow/example_dags/example_short_circuit_operator.py
[2023-11-22T21:05:07.998+0000] {processor.py:839} INFO - DAG(s) dict_keys(['example_short_circuit_operator']) retrieved from /home/airflow/.local/lib/python3.8/site-packages/airflow/example_dags/example_short_circuit_operator.py
[2023-11-22T21:05:08.026+0000] {logging_mixin.py:154} INFO - [2023-11-22T21:05:08.026+0000] {dag.py:2941} INFO - Sync 1 DAGs
[2023-11-22T21:05:08.053+0000] {logging_mixin.py:154} INFO - [2023-11-22T21:05:08.053+0000] {dag.py:3722} INFO - Setting next_dagrun for example_short_circuit_operator to 2023-11-21T21:05:08.053398+00:00, run_after=2023-11-22T21:05:08.053398+00:00
[2023-11-22T21:05:08.079+0000] {processor.py:179} INFO - Processing /home/airflow/.local/lib/python3.8/site-packages/airflow/example_dags/example_short_circuit_operator.py took 0.101 seconds
