[2023-11-22T21:03:44.690+0000] {processor.py:157} INFO - Started process (PID=75) to work on /home/airflow/.local/lib/python3.8/site-packages/airflow/example_dags/example_python_operator.py
[2023-11-22T21:03:44.693+0000] {processor.py:829} INFO - Processing file /home/airflow/.local/lib/python3.8/site-packages/airflow/example_dags/example_python_operator.py for tasks to queue
[2023-11-22T21:03:44.700+0000] {logging_mixin.py:154} INFO - [2023-11-22T21:03:44.699+0000] {dagbag.py:536} INFO - Filling up the DagBag from /home/airflow/.local/lib/python3.8/site-packages/airflow/example_dags/example_python_operator.py
[2023-11-22T21:03:44.737+0000] {processor.py:839} INFO - DAG(s) dict_keys(['example_python_operator']) retrieved from /home/airflow/.local/lib/python3.8/site-packages/airflow/example_dags/example_python_operator.py
[2023-11-22T21:03:44.964+0000] {logging_mixin.py:154} INFO - [2023-11-22T21:03:44.964+0000] {manager.py:499} INFO - Created Permission View: %s
[2023-11-22T21:03:44.983+0000] {logging_mixin.py:154} INFO - [2023-11-22T21:03:44.983+0000] {manager.py:499} INFO - Created Permission View: %s
[2023-11-22T21:03:45.007+0000] {logging_mixin.py:154} INFO - [2023-11-22T21:03:45.006+0000] {manager.py:499} INFO - Created Permission View: %s
[2023-11-22T21:03:45.011+0000] {logging_mixin.py:154} INFO - [2023-11-22T21:03:45.010+0000] {dag.py:2941} INFO - Sync 1 DAGs
[2023-11-22T21:03:45.042+0000] {logging_mixin.py:154} INFO - [2023-11-22T21:03:45.042+0000] {dag.py:2963} INFO - Creating ORM DAG for example_python_operator
[2023-11-22T21:03:45.044+0000] {logging_mixin.py:154} INFO - [2023-11-22T21:03:45.044+0000] {dag.py:3722} INFO - Setting next_dagrun for example_python_operator to None, run_after=None
[2023-11-22T21:03:45.076+0000] {processor.py:179} INFO - Processing /home/airflow/.local/lib/python3.8/site-packages/airflow/example_dags/example_python_operator.py took 0.393 seconds
[2023-11-22T21:04:15.933+0000] {processor.py:157} INFO - Started process (PID=130) to work on /home/airflow/.local/lib/python3.8/site-packages/airflow/example_dags/example_python_operator.py
[2023-11-22T21:04:15.934+0000] {processor.py:829} INFO - Processing file /home/airflow/.local/lib/python3.8/site-packages/airflow/example_dags/example_python_operator.py for tasks to queue
[2023-11-22T21:04:15.939+0000] {logging_mixin.py:154} INFO - [2023-11-22T21:04:15.939+0000] {dagbag.py:536} INFO - Filling up the DagBag from /home/airflow/.local/lib/python3.8/site-packages/airflow/example_dags/example_python_operator.py
[2023-11-22T21:04:15.955+0000] {processor.py:839} INFO - DAG(s) dict_keys(['example_python_operator']) retrieved from /home/airflow/.local/lib/python3.8/site-packages/airflow/example_dags/example_python_operator.py
[2023-11-22T21:04:15.994+0000] {logging_mixin.py:154} INFO - [2023-11-22T21:04:15.994+0000] {dag.py:2941} INFO - Sync 1 DAGs
[2023-11-22T21:04:16.017+0000] {logging_mixin.py:154} INFO - [2023-11-22T21:04:16.017+0000] {dag.py:3722} INFO - Setting next_dagrun for example_python_operator to None, run_after=None
[2023-11-22T21:04:16.050+0000] {processor.py:179} INFO - Processing /home/airflow/.local/lib/python3.8/site-packages/airflow/example_dags/example_python_operator.py took 0.123 seconds
[2023-11-22T21:04:46.243+0000] {processor.py:157} INFO - Started process (PID=185) to work on /home/airflow/.local/lib/python3.8/site-packages/airflow/example_dags/example_python_operator.py
[2023-11-22T21:04:46.245+0000] {processor.py:829} INFO - Processing file /home/airflow/.local/lib/python3.8/site-packages/airflow/example_dags/example_python_operator.py for tasks to queue
[2023-11-22T21:04:46.249+0000] {logging_mixin.py:154} INFO - [2023-11-22T21:04:46.249+0000] {dagbag.py:536} INFO - Filling up the DagBag from /home/airflow/.local/lib/python3.8/site-packages/airflow/example_dags/example_python_operator.py
[2023-11-22T21:04:46.267+0000] {processor.py:839} INFO - DAG(s) dict_keys(['example_python_operator']) retrieved from /home/airflow/.local/lib/python3.8/site-packages/airflow/example_dags/example_python_operator.py
[2023-11-22T21:04:46.308+0000] {logging_mixin.py:154} INFO - [2023-11-22T21:04:46.307+0000] {dag.py:2941} INFO - Sync 1 DAGs
[2023-11-22T21:04:46.333+0000] {logging_mixin.py:154} INFO - [2023-11-22T21:04:46.333+0000] {dag.py:3722} INFO - Setting next_dagrun for example_python_operator to None, run_after=None
[2023-11-22T21:04:46.371+0000] {processor.py:179} INFO - Processing /home/airflow/.local/lib/python3.8/site-packages/airflow/example_dags/example_python_operator.py took 0.133 seconds
[2023-11-22T21:05:17.382+0000] {processor.py:157} INFO - Started process (PID=240) to work on /home/airflow/.local/lib/python3.8/site-packages/airflow/example_dags/example_python_operator.py
[2023-11-22T21:05:17.385+0000] {processor.py:829} INFO - Processing file /home/airflow/.local/lib/python3.8/site-packages/airflow/example_dags/example_python_operator.py for tasks to queue
[2023-11-22T21:05:17.393+0000] {logging_mixin.py:154} INFO - [2023-11-22T21:05:17.392+0000] {dagbag.py:536} INFO - Filling up the DagBag from /home/airflow/.local/lib/python3.8/site-packages/airflow/example_dags/example_python_operator.py
[2023-11-22T21:05:17.469+0000] {processor.py:839} INFO - DAG(s) dict_keys(['example_python_operator']) retrieved from /home/airflow/.local/lib/python3.8/site-packages/airflow/example_dags/example_python_operator.py
[2023-11-22T21:05:17.580+0000] {logging_mixin.py:154} INFO - [2023-11-22T21:05:17.580+0000] {dag.py:2941} INFO - Sync 1 DAGs
[2023-11-22T21:05:17.701+0000] {logging_mixin.py:154} INFO - [2023-11-22T21:05:17.701+0000] {dag.py:3722} INFO - Setting next_dagrun for example_python_operator to None, run_after=None
[2023-11-22T21:05:17.901+0000] {processor.py:179} INFO - Processing /home/airflow/.local/lib/python3.8/site-packages/airflow/example_dags/example_python_operator.py took 0.525 seconds
