[2023-11-22T21:03:45.737+0000] {processor.py:157} INFO - Started process (PID=80) to work on /home/airflow/.local/lib/python3.8/site-packages/airflow/example_dags/example_dynamic_task_mapping.py
[2023-11-22T21:03:45.739+0000] {processor.py:829} INFO - Processing file /home/airflow/.local/lib/python3.8/site-packages/airflow/example_dags/example_dynamic_task_mapping.py for tasks to queue
[2023-11-22T21:03:45.746+0000] {logging_mixin.py:154} INFO - [2023-11-22T21:03:45.745+0000] {dagbag.py:536} INFO - Filling up the DagBag from /home/airflow/.local/lib/python3.8/site-packages/airflow/example_dags/example_dynamic_task_mapping.py
[2023-11-22T21:03:45.764+0000] {processor.py:839} INFO - DAG(s) dict_keys(['example_dynamic_task_mapping']) retrieved from /home/airflow/.local/lib/python3.8/site-packages/airflow/example_dags/example_dynamic_task_mapping.py
[2023-11-22T21:03:45.935+0000] {logging_mixin.py:154} INFO - [2023-11-22T21:03:45.935+0000] {manager.py:499} INFO - Created Permission View: %s
[2023-11-22T21:03:45.960+0000] {logging_mixin.py:154} INFO - [2023-11-22T21:03:45.959+0000] {manager.py:499} INFO - Created Permission View: %s
[2023-11-22T21:03:45.976+0000] {logging_mixin.py:154} INFO - [2023-11-22T21:03:45.975+0000] {manager.py:499} INFO - Created Permission View: %s
[2023-11-22T21:03:45.978+0000] {logging_mixin.py:154} INFO - [2023-11-22T21:03:45.976+0000] {dag.py:2941} INFO - Sync 1 DAGs
[2023-11-22T21:03:46.001+0000] {logging_mixin.py:154} INFO - [2023-11-22T21:03:46.000+0000] {dag.py:2963} INFO - Creating ORM DAG for example_dynamic_task_mapping
[2023-11-22T21:03:46.042+0000] {logging_mixin.py:154} INFO - [2023-11-22T21:03:46.042+0000] {dag.py:3722} INFO - Setting next_dagrun for example_dynamic_task_mapping to 2022-03-04T00:00:00+00:00, run_after=2022-03-05T00:00:00+00:00
[2023-11-22T21:03:46.078+0000] {processor.py:179} INFO - Processing /home/airflow/.local/lib/python3.8/site-packages/airflow/example_dags/example_dynamic_task_mapping.py took 0.347 seconds
[2023-11-22T21:04:16.380+0000] {processor.py:157} INFO - Started process (PID=135) to work on /home/airflow/.local/lib/python3.8/site-packages/airflow/example_dags/example_dynamic_task_mapping.py
[2023-11-22T21:04:16.382+0000] {processor.py:829} INFO - Processing file /home/airflow/.local/lib/python3.8/site-packages/airflow/example_dags/example_dynamic_task_mapping.py for tasks to queue
[2023-11-22T21:04:16.386+0000] {logging_mixin.py:154} INFO - [2023-11-22T21:04:16.386+0000] {dagbag.py:536} INFO - Filling up the DagBag from /home/airflow/.local/lib/python3.8/site-packages/airflow/example_dags/example_dynamic_task_mapping.py
[2023-11-22T21:04:16.396+0000] {processor.py:839} INFO - DAG(s) dict_keys(['example_dynamic_task_mapping']) retrieved from /home/airflow/.local/lib/python3.8/site-packages/airflow/example_dags/example_dynamic_task_mapping.py
[2023-11-22T21:04:16.428+0000] {logging_mixin.py:154} INFO - [2023-11-22T21:04:16.428+0000] {dag.py:2941} INFO - Sync 1 DAGs
[2023-11-22T21:04:16.468+0000] {logging_mixin.py:154} INFO - [2023-11-22T21:04:16.468+0000] {dag.py:3722} INFO - Setting next_dagrun for example_dynamic_task_mapping to 2022-03-04T00:00:00+00:00, run_after=2022-03-05T00:00:00+00:00
[2023-11-22T21:04:16.502+0000] {processor.py:179} INFO - Processing /home/airflow/.local/lib/python3.8/site-packages/airflow/example_dags/example_dynamic_task_mapping.py took 0.127 seconds
[2023-11-22T21:04:46.717+0000] {processor.py:157} INFO - Started process (PID=190) to work on /home/airflow/.local/lib/python3.8/site-packages/airflow/example_dags/example_dynamic_task_mapping.py
[2023-11-22T21:04:46.718+0000] {processor.py:829} INFO - Processing file /home/airflow/.local/lib/python3.8/site-packages/airflow/example_dags/example_dynamic_task_mapping.py for tasks to queue
[2023-11-22T21:04:46.723+0000] {logging_mixin.py:154} INFO - [2023-11-22T21:04:46.723+0000] {dagbag.py:536} INFO - Filling up the DagBag from /home/airflow/.local/lib/python3.8/site-packages/airflow/example_dags/example_dynamic_task_mapping.py
[2023-11-22T21:04:46.736+0000] {processor.py:839} INFO - DAG(s) dict_keys(['example_dynamic_task_mapping']) retrieved from /home/airflow/.local/lib/python3.8/site-packages/airflow/example_dags/example_dynamic_task_mapping.py
[2023-11-22T21:04:46.794+0000] {logging_mixin.py:154} INFO - [2023-11-22T21:04:46.794+0000] {dag.py:2941} INFO - Sync 1 DAGs
[2023-11-22T21:04:46.842+0000] {logging_mixin.py:154} INFO - [2023-11-22T21:04:46.842+0000] {dag.py:3722} INFO - Setting next_dagrun for example_dynamic_task_mapping to 2022-03-04T00:00:00+00:00, run_after=2022-03-05T00:00:00+00:00
[2023-11-22T21:04:46.879+0000] {processor.py:179} INFO - Processing /home/airflow/.local/lib/python3.8/site-packages/airflow/example_dags/example_dynamic_task_mapping.py took 0.171 seconds
[2023-11-22T21:05:18.325+0000] {processor.py:157} INFO - Started process (PID=245) to work on /home/airflow/.local/lib/python3.8/site-packages/airflow/example_dags/example_dynamic_task_mapping.py
[2023-11-22T21:05:18.327+0000] {processor.py:829} INFO - Processing file /home/airflow/.local/lib/python3.8/site-packages/airflow/example_dags/example_dynamic_task_mapping.py for tasks to queue
[2023-11-22T21:05:18.334+0000] {logging_mixin.py:154} INFO - [2023-11-22T21:05:18.333+0000] {dagbag.py:536} INFO - Filling up the DagBag from /home/airflow/.local/lib/python3.8/site-packages/airflow/example_dags/example_dynamic_task_mapping.py
[2023-11-22T21:05:18.361+0000] {processor.py:839} INFO - DAG(s) dict_keys(['example_dynamic_task_mapping']) retrieved from /home/airflow/.local/lib/python3.8/site-packages/airflow/example_dags/example_dynamic_task_mapping.py
[2023-11-22T21:05:18.419+0000] {logging_mixin.py:154} INFO - [2023-11-22T21:05:18.419+0000] {dag.py:2941} INFO - Sync 1 DAGs
[2023-11-22T21:05:18.470+0000] {logging_mixin.py:154} INFO - [2023-11-22T21:05:18.469+0000] {dag.py:3722} INFO - Setting next_dagrun for example_dynamic_task_mapping to 2022-03-04T00:00:00+00:00, run_after=2022-03-05T00:00:00+00:00
[2023-11-22T21:05:18.537+0000] {processor.py:179} INFO - Processing /home/airflow/.local/lib/python3.8/site-packages/airflow/example_dags/example_dynamic_task_mapping.py took 0.218 seconds
