[2023-11-22T21:03:42.544+0000] {processor.py:157} INFO - Started process (PID=66) to work on /home/airflow/.local/lib/python3.8/site-packages/airflow/example_dags/tutorial_taskflow_api.py
[2023-11-22T21:03:42.546+0000] {processor.py:829} INFO - Processing file /home/airflow/.local/lib/python3.8/site-packages/airflow/example_dags/tutorial_taskflow_api.py for tasks to queue
[2023-11-22T21:03:42.555+0000] {logging_mixin.py:154} INFO - [2023-11-22T21:03:42.554+0000] {dagbag.py:536} INFO - Filling up the DagBag from /home/airflow/.local/lib/python3.8/site-packages/airflow/example_dags/tutorial_taskflow_api.py
[2023-11-22T21:03:42.570+0000] {processor.py:839} INFO - DAG(s) dict_keys(['tutorial_taskflow_api']) retrieved from /home/airflow/.local/lib/python3.8/site-packages/airflow/example_dags/tutorial_taskflow_api.py
[2023-11-22T21:03:42.829+0000] {logging_mixin.py:154} INFO - [2023-11-22T21:03:42.829+0000] {manager.py:499} INFO - Created Permission View: %s
[2023-11-22T21:03:42.850+0000] {logging_mixin.py:154} INFO - [2023-11-22T21:03:42.849+0000] {manager.py:499} INFO - Created Permission View: %s
[2023-11-22T21:03:42.864+0000] {logging_mixin.py:154} INFO - [2023-11-22T21:03:42.864+0000] {manager.py:499} INFO - Created Permission View: %s
[2023-11-22T21:03:42.867+0000] {logging_mixin.py:154} INFO - [2023-11-22T21:03:42.866+0000] {dag.py:2941} INFO - Sync 1 DAGs
[2023-11-22T21:03:42.890+0000] {logging_mixin.py:154} INFO - [2023-11-22T21:03:42.889+0000] {dag.py:2963} INFO - Creating ORM DAG for tutorial_taskflow_api
[2023-11-22T21:03:42.893+0000] {logging_mixin.py:154} INFO - [2023-11-22T21:03:42.892+0000] {dag.py:3722} INFO - Setting next_dagrun for tutorial_taskflow_api to None, run_after=None
[2023-11-22T21:03:42.931+0000] {processor.py:179} INFO - Processing /home/airflow/.local/lib/python3.8/site-packages/airflow/example_dags/tutorial_taskflow_api.py took 0.392 seconds
[2023-11-22T21:04:13.796+0000] {processor.py:157} INFO - Started process (PID=121) to work on /home/airflow/.local/lib/python3.8/site-packages/airflow/example_dags/tutorial_taskflow_api.py
[2023-11-22T21:04:13.798+0000] {processor.py:829} INFO - Processing file /home/airflow/.local/lib/python3.8/site-packages/airflow/example_dags/tutorial_taskflow_api.py for tasks to queue
[2023-11-22T21:04:13.805+0000] {logging_mixin.py:154} INFO - [2023-11-22T21:04:13.804+0000] {dagbag.py:536} INFO - Filling up the DagBag from /home/airflow/.local/lib/python3.8/site-packages/airflow/example_dags/tutorial_taskflow_api.py
[2023-11-22T21:04:13.817+0000] {processor.py:839} INFO - DAG(s) dict_keys(['tutorial_taskflow_api']) retrieved from /home/airflow/.local/lib/python3.8/site-packages/airflow/example_dags/tutorial_taskflow_api.py
[2023-11-22T21:04:13.868+0000] {logging_mixin.py:154} INFO - [2023-11-22T21:04:13.868+0000] {dag.py:2941} INFO - Sync 1 DAGs
[2023-11-22T21:04:13.900+0000] {logging_mixin.py:154} INFO - [2023-11-22T21:04:13.900+0000] {dag.py:3722} INFO - Setting next_dagrun for tutorial_taskflow_api to None, run_after=None
[2023-11-22T21:04:13.941+0000] {processor.py:179} INFO - Processing /home/airflow/.local/lib/python3.8/site-packages/airflow/example_dags/tutorial_taskflow_api.py took 0.149 seconds
[2023-11-22T21:04:44.519+0000] {processor.py:157} INFO - Started process (PID=176) to work on /home/airflow/.local/lib/python3.8/site-packages/airflow/example_dags/tutorial_taskflow_api.py
[2023-11-22T21:04:44.521+0000] {processor.py:829} INFO - Processing file /home/airflow/.local/lib/python3.8/site-packages/airflow/example_dags/tutorial_taskflow_api.py for tasks to queue
[2023-11-22T21:04:44.525+0000] {logging_mixin.py:154} INFO - [2023-11-22T21:04:44.525+0000] {dagbag.py:536} INFO - Filling up the DagBag from /home/airflow/.local/lib/python3.8/site-packages/airflow/example_dags/tutorial_taskflow_api.py
[2023-11-22T21:04:44.538+0000] {processor.py:839} INFO - DAG(s) dict_keys(['tutorial_taskflow_api']) retrieved from /home/airflow/.local/lib/python3.8/site-packages/airflow/example_dags/tutorial_taskflow_api.py
[2023-11-22T21:04:44.570+0000] {logging_mixin.py:154} INFO - [2023-11-22T21:04:44.569+0000] {dag.py:2941} INFO - Sync 1 DAGs
[2023-11-22T21:04:44.589+0000] {logging_mixin.py:154} INFO - [2023-11-22T21:04:44.589+0000] {dag.py:3722} INFO - Setting next_dagrun for tutorial_taskflow_api to None, run_after=None
[2023-11-22T21:04:44.619+0000] {processor.py:179} INFO - Processing /home/airflow/.local/lib/python3.8/site-packages/airflow/example_dags/tutorial_taskflow_api.py took 0.105 seconds
[2023-11-22T21:05:14.902+0000] {processor.py:157} INFO - Started process (PID=231) to work on /home/airflow/.local/lib/python3.8/site-packages/airflow/example_dags/tutorial_taskflow_api.py
[2023-11-22T21:05:14.904+0000] {processor.py:829} INFO - Processing file /home/airflow/.local/lib/python3.8/site-packages/airflow/example_dags/tutorial_taskflow_api.py for tasks to queue
[2023-11-22T21:05:14.909+0000] {logging_mixin.py:154} INFO - [2023-11-22T21:05:14.908+0000] {dagbag.py:536} INFO - Filling up the DagBag from /home/airflow/.local/lib/python3.8/site-packages/airflow/example_dags/tutorial_taskflow_api.py
[2023-11-22T21:05:14.920+0000] {processor.py:839} INFO - DAG(s) dict_keys(['tutorial_taskflow_api']) retrieved from /home/airflow/.local/lib/python3.8/site-packages/airflow/example_dags/tutorial_taskflow_api.py
[2023-11-22T21:05:14.984+0000] {logging_mixin.py:154} INFO - [2023-11-22T21:05:14.984+0000] {dag.py:2941} INFO - Sync 1 DAGs
[2023-11-22T21:05:15.013+0000] {logging_mixin.py:154} INFO - [2023-11-22T21:05:15.013+0000] {dag.py:3722} INFO - Setting next_dagrun for tutorial_taskflow_api to None, run_after=None
[2023-11-22T21:05:15.069+0000] {processor.py:179} INFO - Processing /home/airflow/.local/lib/python3.8/site-packages/airflow/example_dags/tutorial_taskflow_api.py took 0.175 seconds
