[2023-11-22T21:03:43.415+0000] {processor.py:157} INFO - Started process (PID=69) to work on /home/airflow/.local/lib/python3.8/site-packages/airflow/example_dags/tutorial_dag.py
[2023-11-22T21:03:43.416+0000] {processor.py:829} INFO - Processing file /home/airflow/.local/lib/python3.8/site-packages/airflow/example_dags/tutorial_dag.py for tasks to queue
[2023-11-22T21:03:43.424+0000] {logging_mixin.py:154} INFO - [2023-11-22T21:03:43.423+0000] {dagbag.py:536} INFO - Filling up the DagBag from /home/airflow/.local/lib/python3.8/site-packages/airflow/example_dags/tutorial_dag.py
[2023-11-22T21:03:43.440+0000] {processor.py:839} INFO - DAG(s) dict_keys(['tutorial_dag']) retrieved from /home/airflow/.local/lib/python3.8/site-packages/airflow/example_dags/tutorial_dag.py
[2023-11-22T21:03:43.613+0000] {logging_mixin.py:154} INFO - [2023-11-22T21:03:43.613+0000] {manager.py:499} INFO - Created Permission View: %s
[2023-11-22T21:03:43.635+0000] {logging_mixin.py:154} INFO - [2023-11-22T21:03:43.635+0000] {manager.py:499} INFO - Created Permission View: %s
[2023-11-22T21:03:43.657+0000] {logging_mixin.py:154} INFO - [2023-11-22T21:03:43.657+0000] {manager.py:499} INFO - Created Permission View: %s
[2023-11-22T21:03:43.662+0000] {logging_mixin.py:154} INFO - [2023-11-22T21:03:43.660+0000] {dag.py:2941} INFO - Sync 1 DAGs
[2023-11-22T21:03:43.689+0000] {logging_mixin.py:154} INFO - [2023-11-22T21:03:43.688+0000] {dag.py:2963} INFO - Creating ORM DAG for tutorial_dag
[2023-11-22T21:03:43.690+0000] {logging_mixin.py:154} INFO - [2023-11-22T21:03:43.690+0000] {dag.py:3722} INFO - Setting next_dagrun for tutorial_dag to None, run_after=None
[2023-11-22T21:03:43.717+0000] {processor.py:179} INFO - Processing /home/airflow/.local/lib/python3.8/site-packages/airflow/example_dags/tutorial_dag.py took 0.314 seconds
[2023-11-22T21:04:14.087+0000] {processor.py:157} INFO - Started process (PID=124) to work on /home/airflow/.local/lib/python3.8/site-packages/airflow/example_dags/tutorial_dag.py
[2023-11-22T21:04:14.088+0000] {processor.py:829} INFO - Processing file /home/airflow/.local/lib/python3.8/site-packages/airflow/example_dags/tutorial_dag.py for tasks to queue
[2023-11-22T21:04:14.094+0000] {logging_mixin.py:154} INFO - [2023-11-22T21:04:14.093+0000] {dagbag.py:536} INFO - Filling up the DagBag from /home/airflow/.local/lib/python3.8/site-packages/airflow/example_dags/tutorial_dag.py
[2023-11-22T21:04:14.104+0000] {processor.py:839} INFO - DAG(s) dict_keys(['tutorial_dag']) retrieved from /home/airflow/.local/lib/python3.8/site-packages/airflow/example_dags/tutorial_dag.py
[2023-11-22T21:04:14.138+0000] {logging_mixin.py:154} INFO - [2023-11-22T21:04:14.138+0000] {dag.py:2941} INFO - Sync 1 DAGs
[2023-11-22T21:04:14.161+0000] {logging_mixin.py:154} INFO - [2023-11-22T21:04:14.161+0000] {dag.py:3722} INFO - Setting next_dagrun for tutorial_dag to None, run_after=None
[2023-11-22T21:04:14.194+0000] {processor.py:179} INFO - Processing /home/airflow/.local/lib/python3.8/site-packages/airflow/example_dags/tutorial_dag.py took 0.113 seconds
[2023-11-22T21:04:44.770+0000] {processor.py:157} INFO - Started process (PID=179) to work on /home/airflow/.local/lib/python3.8/site-packages/airflow/example_dags/tutorial_dag.py
[2023-11-22T21:04:44.773+0000] {processor.py:829} INFO - Processing file /home/airflow/.local/lib/python3.8/site-packages/airflow/example_dags/tutorial_dag.py for tasks to queue
[2023-11-22T21:04:44.777+0000] {logging_mixin.py:154} INFO - [2023-11-22T21:04:44.777+0000] {dagbag.py:536} INFO - Filling up the DagBag from /home/airflow/.local/lib/python3.8/site-packages/airflow/example_dags/tutorial_dag.py
[2023-11-22T21:04:44.787+0000] {processor.py:839} INFO - DAG(s) dict_keys(['tutorial_dag']) retrieved from /home/airflow/.local/lib/python3.8/site-packages/airflow/example_dags/tutorial_dag.py
[2023-11-22T21:04:44.822+0000] {logging_mixin.py:154} INFO - [2023-11-22T21:04:44.822+0000] {dag.py:2941} INFO - Sync 1 DAGs
[2023-11-22T21:04:44.841+0000] {logging_mixin.py:154} INFO - [2023-11-22T21:04:44.841+0000] {dag.py:3722} INFO - Setting next_dagrun for tutorial_dag to None, run_after=None
[2023-11-22T21:04:44.878+0000] {processor.py:179} INFO - Processing /home/airflow/.local/lib/python3.8/site-packages/airflow/example_dags/tutorial_dag.py took 0.113 seconds
[2023-11-22T21:05:15.344+0000] {processor.py:157} INFO - Started process (PID=234) to work on /home/airflow/.local/lib/python3.8/site-packages/airflow/example_dags/tutorial_dag.py
[2023-11-22T21:05:15.352+0000] {processor.py:829} INFO - Processing file /home/airflow/.local/lib/python3.8/site-packages/airflow/example_dags/tutorial_dag.py for tasks to queue
[2023-11-22T21:05:15.360+0000] {logging_mixin.py:154} INFO - [2023-11-22T21:05:15.360+0000] {dagbag.py:536} INFO - Filling up the DagBag from /home/airflow/.local/lib/python3.8/site-packages/airflow/example_dags/tutorial_dag.py
[2023-11-22T21:05:15.375+0000] {processor.py:839} INFO - DAG(s) dict_keys(['tutorial_dag']) retrieved from /home/airflow/.local/lib/python3.8/site-packages/airflow/example_dags/tutorial_dag.py
[2023-11-22T21:05:15.413+0000] {logging_mixin.py:154} INFO - [2023-11-22T21:05:15.412+0000] {dag.py:2941} INFO - Sync 1 DAGs
[2023-11-22T21:05:15.451+0000] {logging_mixin.py:154} INFO - [2023-11-22T21:05:15.451+0000] {dag.py:3722} INFO - Setting next_dagrun for tutorial_dag to None, run_after=None
[2023-11-22T21:05:15.573+0000] {processor.py:179} INFO - Processing /home/airflow/.local/lib/python3.8/site-packages/airflow/example_dags/tutorial_dag.py took 0.241 seconds
