[2023-11-22T21:03:43.862+0000] {processor.py:157} INFO - Started process (PID=72) to work on /home/airflow/.local/lib/python3.8/site-packages/airflow/example_dags/tutorial.py
[2023-11-22T21:03:43.864+0000] {processor.py:829} INFO - Processing file /home/airflow/.local/lib/python3.8/site-packages/airflow/example_dags/tutorial.py for tasks to queue
[2023-11-22T21:03:43.868+0000] {logging_mixin.py:154} INFO - [2023-11-22T21:03:43.868+0000] {dagbag.py:536} INFO - Filling up the DagBag from /home/airflow/.local/lib/python3.8/site-packages/airflow/example_dags/tutorial.py
[2023-11-22T21:03:43.881+0000] {processor.py:839} INFO - DAG(s) dict_keys(['tutorial']) retrieved from /home/airflow/.local/lib/python3.8/site-packages/airflow/example_dags/tutorial.py
[2023-11-22T21:03:44.134+0000] {logging_mixin.py:154} INFO - [2023-11-22T21:03:44.133+0000] {manager.py:499} INFO - Created Permission View: %s
[2023-11-22T21:03:44.153+0000] {logging_mixin.py:154} INFO - [2023-11-22T21:03:44.152+0000] {manager.py:499} INFO - Created Permission View: %s
[2023-11-22T21:03:44.169+0000] {logging_mixin.py:154} INFO - [2023-11-22T21:03:44.168+0000] {manager.py:499} INFO - Created Permission View: %s
[2023-11-22T21:03:44.170+0000] {logging_mixin.py:154} INFO - [2023-11-22T21:03:44.169+0000] {dag.py:2941} INFO - Sync 1 DAGs
[2023-11-22T21:03:44.193+0000] {logging_mixin.py:154} INFO - [2023-11-22T21:03:44.193+0000] {dag.py:2963} INFO - Creating ORM DAG for tutorial
[2023-11-22T21:03:44.209+0000] {logging_mixin.py:154} INFO - [2023-11-22T21:03:44.208+0000] {dag.py:3722} INFO - Setting next_dagrun for tutorial to 2023-11-21T21:03:44.208608+00:00, run_after=2023-11-22T21:03:44.208608+00:00
[2023-11-22T21:03:44.252+0000] {processor.py:179} INFO - Processing /home/airflow/.local/lib/python3.8/site-packages/airflow/example_dags/tutorial.py took 0.395 seconds
[2023-11-22T21:04:15.335+0000] {processor.py:157} INFO - Started process (PID=127) to work on /home/airflow/.local/lib/python3.8/site-packages/airflow/example_dags/tutorial.py
[2023-11-22T21:04:15.338+0000] {processor.py:829} INFO - Processing file /home/airflow/.local/lib/python3.8/site-packages/airflow/example_dags/tutorial.py for tasks to queue
[2023-11-22T21:04:15.350+0000] {logging_mixin.py:154} INFO - [2023-11-22T21:04:15.350+0000] {dagbag.py:536} INFO - Filling up the DagBag from /home/airflow/.local/lib/python3.8/site-packages/airflow/example_dags/tutorial.py
[2023-11-22T21:04:15.390+0000] {processor.py:839} INFO - DAG(s) dict_keys(['tutorial']) retrieved from /home/airflow/.local/lib/python3.8/site-packages/airflow/example_dags/tutorial.py
[2023-11-22T21:04:15.509+0000] {logging_mixin.py:154} INFO - [2023-11-22T21:04:15.509+0000] {dag.py:2941} INFO - Sync 1 DAGs
[2023-11-22T21:04:15.630+0000] {logging_mixin.py:154} INFO - [2023-11-22T21:04:15.630+0000] {dag.py:3722} INFO - Setting next_dagrun for tutorial to 2023-11-21T21:04:15.630317+00:00, run_after=2023-11-22T21:04:15.630317+00:00
[2023-11-22T21:04:15.693+0000] {processor.py:179} INFO - Processing /home/airflow/.local/lib/python3.8/site-packages/airflow/example_dags/tutorial.py took 0.387 seconds
[2023-11-22T21:04:45.922+0000] {processor.py:157} INFO - Started process (PID=182) to work on /home/airflow/.local/lib/python3.8/site-packages/airflow/example_dags/tutorial.py
[2023-11-22T21:04:45.924+0000] {processor.py:829} INFO - Processing file /home/airflow/.local/lib/python3.8/site-packages/airflow/example_dags/tutorial.py for tasks to queue
[2023-11-22T21:04:45.929+0000] {logging_mixin.py:154} INFO - [2023-11-22T21:04:45.928+0000] {dagbag.py:536} INFO - Filling up the DagBag from /home/airflow/.local/lib/python3.8/site-packages/airflow/example_dags/tutorial.py
[2023-11-22T21:04:45.940+0000] {processor.py:839} INFO - DAG(s) dict_keys(['tutorial']) retrieved from /home/airflow/.local/lib/python3.8/site-packages/airflow/example_dags/tutorial.py
[2023-11-22T21:04:45.973+0000] {logging_mixin.py:154} INFO - [2023-11-22T21:04:45.972+0000] {dag.py:2941} INFO - Sync 1 DAGs
[2023-11-22T21:04:46.010+0000] {logging_mixin.py:154} INFO - [2023-11-22T21:04:46.010+0000] {dag.py:3722} INFO - Setting next_dagrun for tutorial to 2023-11-21T21:04:46.009794+00:00, run_after=2023-11-22T21:04:46.009794+00:00
[2023-11-22T21:04:46.047+0000] {processor.py:179} INFO - Processing /home/airflow/.local/lib/python3.8/site-packages/airflow/example_dags/tutorial.py took 0.131 seconds
[2023-11-22T21:05:16.486+0000] {processor.py:157} INFO - Started process (PID=237) to work on /home/airflow/.local/lib/python3.8/site-packages/airflow/example_dags/tutorial.py
[2023-11-22T21:05:16.493+0000] {processor.py:829} INFO - Processing file /home/airflow/.local/lib/python3.8/site-packages/airflow/example_dags/tutorial.py for tasks to queue
[2023-11-22T21:05:16.498+0000] {logging_mixin.py:154} INFO - [2023-11-22T21:05:16.498+0000] {dagbag.py:536} INFO - Filling up the DagBag from /home/airflow/.local/lib/python3.8/site-packages/airflow/example_dags/tutorial.py
[2023-11-22T21:05:16.545+0000] {processor.py:839} INFO - DAG(s) dict_keys(['tutorial']) retrieved from /home/airflow/.local/lib/python3.8/site-packages/airflow/example_dags/tutorial.py
[2023-11-22T21:05:16.656+0000] {logging_mixin.py:154} INFO - [2023-11-22T21:05:16.655+0000] {dag.py:2941} INFO - Sync 1 DAGs
[2023-11-22T21:05:16.745+0000] {logging_mixin.py:154} INFO - [2023-11-22T21:05:16.745+0000] {dag.py:3722} INFO - Setting next_dagrun for tutorial to 2023-11-21T21:05:16.744935+00:00, run_after=2023-11-22T21:05:16.744935+00:00
[2023-11-22T21:05:16.991+0000] {processor.py:179} INFO - Processing /home/airflow/.local/lib/python3.8/site-packages/airflow/example_dags/tutorial.py took 0.511 seconds
