[2023-11-22T23:22:08.422+0100] {processor.py:157} INFO - Started process (PID=20763) to work on /home/yzpt/projects/carburant_gcp/dags/xml_parsing_DAG.py
[2023-11-22T23:22:08.423+0100] {processor.py:829} INFO - Processing file /home/yzpt/projects/carburant_gcp/dags/xml_parsing_DAG.py for tasks to queue
[2023-11-22T23:22:08.424+0100] {logging_mixin.py:151} INFO - [2023-11-22T23:22:08.424+0100] {dagbag.py:536} INFO - Filling up the DagBag from /home/yzpt/projects/carburant_gcp/dags/xml_parsing_DAG.py
[2023-11-22T23:22:08.441+0100] {processor.py:839} INFO - DAG(s) dict_keys(['xml_parsing']) retrieved from /home/yzpt/projects/carburant_gcp/dags/xml_parsing_DAG.py
[2023-11-22T23:22:08.594+0100] {logging_mixin.py:151} INFO - [2023-11-22T23:22:08.594+0100] {manager.py:499} INFO - Created Permission View: %s
[2023-11-22T23:22:08.603+0100] {logging_mixin.py:151} INFO - [2023-11-22T23:22:08.603+0100] {manager.py:499} INFO - Created Permission View: %s
[2023-11-22T23:22:08.622+0100] {logging_mixin.py:151} INFO - [2023-11-22T23:22:08.621+0100] {manager.py:499} INFO - Created Permission View: %s
[2023-11-22T23:22:08.622+0100] {logging_mixin.py:151} INFO - [2023-11-22T23:22:08.622+0100] {dag.py:2941} INFO - Sync 1 DAGs
[2023-11-22T23:22:08.632+0100] {logging_mixin.py:151} INFO - [2023-11-22T23:22:08.632+0100] {dag.py:2963} INFO - Creating ORM DAG for xml_parsing
[2023-11-22T23:22:08.641+0100] {logging_mixin.py:151} INFO - [2023-11-22T23:22:08.641+0100] {dag.py:3722} INFO - Setting next_dagrun for xml_parsing to 2023-11-22T22:10:00+00:00, run_after=2023-11-22T22:20:00+00:00
[2023-11-22T23:22:08.656+0100] {processor.py:179} INFO - Processing /home/yzpt/projects/carburant_gcp/dags/xml_parsing_DAG.py took 0.236 seconds
[2023-11-22T23:22:39.617+0100] {processor.py:157} INFO - Started process (PID=21156) to work on /home/yzpt/projects/carburant_gcp/dags/xml_parsing_DAG.py
[2023-11-22T23:22:39.618+0100] {processor.py:829} INFO - Processing file /home/yzpt/projects/carburant_gcp/dags/xml_parsing_DAG.py for tasks to queue
[2023-11-22T23:22:39.619+0100] {logging_mixin.py:151} INFO - [2023-11-22T23:22:39.618+0100] {dagbag.py:536} INFO - Filling up the DagBag from /home/yzpt/projects/carburant_gcp/dags/xml_parsing_DAG.py
[2023-11-22T23:22:39.632+0100] {processor.py:839} INFO - DAG(s) dict_keys(['xml_parsing']) retrieved from /home/yzpt/projects/carburant_gcp/dags/xml_parsing_DAG.py
[2023-11-22T23:22:39.650+0100] {logging_mixin.py:151} INFO - [2023-11-22T23:22:39.650+0100] {dag.py:2941} INFO - Sync 1 DAGs
[2023-11-22T23:22:39.669+0100] {logging_mixin.py:151} INFO - [2023-11-22T23:22:39.669+0100] {dag.py:3722} INFO - Setting next_dagrun for xml_parsing to 2023-11-22T22:10:00+00:00, run_after=2023-11-22T22:20:00+00:00
[2023-11-22T23:22:39.689+0100] {processor.py:179} INFO - Processing /home/yzpt/projects/carburant_gcp/dags/xml_parsing_DAG.py took 0.075 seconds
[2023-11-22T23:23:02.954+0100] {processor.py:157} INFO - Started process (PID=21380) to work on /home/yzpt/projects/carburant_gcp/dags/xml_parsing_DAG.py
[2023-11-22T23:23:02.955+0100] {processor.py:829} INFO - Processing file /home/yzpt/projects/carburant_gcp/dags/xml_parsing_DAG.py for tasks to queue
[2023-11-22T23:23:02.956+0100] {logging_mixin.py:151} INFO - [2023-11-22T23:23:02.956+0100] {dagbag.py:536} INFO - Filling up the DagBag from /home/yzpt/projects/carburant_gcp/dags/xml_parsing_DAG.py
[2023-11-22T23:23:02.970+0100] {processor.py:839} INFO - DAG(s) dict_keys(['xml_parsing']) retrieved from /home/yzpt/projects/carburant_gcp/dags/xml_parsing_DAG.py
[2023-11-22T23:23:03.099+0100] {logging_mixin.py:151} INFO - [2023-11-22T23:23:03.099+0100] {dag.py:2941} INFO - Sync 1 DAGs
[2023-11-22T23:23:03.153+0100] {logging_mixin.py:151} INFO - [2023-11-22T23:23:03.153+0100] {dag.py:3722} INFO - Setting next_dagrun for xml_parsing to 2023-11-22T22:22:00+00:00, run_after=2023-11-22T22:23:00+00:00
[2023-11-22T23:23:03.283+0100] {processor.py:179} INFO - Processing /home/yzpt/projects/carburant_gcp/dags/xml_parsing_DAG.py took 0.332 seconds
[2023-11-22T23:23:33.615+0100] {processor.py:157} INFO - Started process (PID=21767) to work on /home/yzpt/projects/carburant_gcp/dags/xml_parsing_DAG.py
[2023-11-22T23:23:33.616+0100] {processor.py:829} INFO - Processing file /home/yzpt/projects/carburant_gcp/dags/xml_parsing_DAG.py for tasks to queue
[2023-11-22T23:23:33.617+0100] {logging_mixin.py:151} INFO - [2023-11-22T23:23:33.616+0100] {dagbag.py:536} INFO - Filling up the DagBag from /home/yzpt/projects/carburant_gcp/dags/xml_parsing_DAG.py
[2023-11-22T23:23:33.630+0100] {processor.py:839} INFO - DAG(s) dict_keys(['xml_parsing']) retrieved from /home/yzpt/projects/carburant_gcp/dags/xml_parsing_DAG.py
[2023-11-22T23:23:33.649+0100] {logging_mixin.py:151} INFO - [2023-11-22T23:23:33.649+0100] {dag.py:2941} INFO - Sync 1 DAGs
[2023-11-22T23:23:33.667+0100] {logging_mixin.py:151} INFO - [2023-11-22T23:23:33.667+0100] {dag.py:3722} INFO - Setting next_dagrun for xml_parsing to 2023-11-22T22:23:00+00:00, run_after=2023-11-22T22:24:00+00:00
[2023-11-22T23:23:33.686+0100] {processor.py:179} INFO - Processing /home/yzpt/projects/carburant_gcp/dags/xml_parsing_DAG.py took 0.074 seconds
[2023-11-22T23:24:08.178+0100] {processor.py:157} INFO - Started process (PID=22252) to work on /home/yzpt/projects/carburant_gcp/dags/xml_parsing_DAG.py
[2023-11-22T23:24:08.179+0100] {processor.py:829} INFO - Processing file /home/yzpt/projects/carburant_gcp/dags/xml_parsing_DAG.py for tasks to queue
[2023-11-22T23:24:08.180+0100] {logging_mixin.py:151} INFO - [2023-11-22T23:24:08.179+0100] {dagbag.py:536} INFO - Filling up the DagBag from /home/yzpt/projects/carburant_gcp/dags/xml_parsing_DAG.py
[2023-11-22T23:24:08.194+0100] {processor.py:839} INFO - DAG(s) dict_keys(['xml_parsing']) retrieved from /home/yzpt/projects/carburant_gcp/dags/xml_parsing_DAG.py
[2023-11-22T23:24:08.286+0100] {logging_mixin.py:151} INFO - [2023-11-22T23:24:08.286+0100] {dag.py:2941} INFO - Sync 1 DAGs
[2023-11-22T23:24:08.415+0100] {logging_mixin.py:151} INFO - [2023-11-22T23:24:08.415+0100] {dag.py:3722} INFO - Setting next_dagrun for xml_parsing to 2023-11-22T22:24:00+00:00, run_after=2023-11-22T22:25:00+00:00
[2023-11-22T23:24:08.516+0100] {processor.py:179} INFO - Processing /home/yzpt/projects/carburant_gcp/dags/xml_parsing_DAG.py took 0.340 seconds
[2023-11-22T23:24:41.406+0100] {processor.py:157} INFO - Started process (PID=22735) to work on /home/yzpt/projects/carburant_gcp/dags/xml_parsing_DAG.py
[2023-11-22T23:24:41.414+0100] {processor.py:829} INFO - Processing file /home/yzpt/projects/carburant_gcp/dags/xml_parsing_DAG.py for tasks to queue
[2023-11-22T23:24:41.418+0100] {logging_mixin.py:151} INFO - [2023-11-22T23:24:41.418+0100] {dagbag.py:536} INFO - Filling up the DagBag from /home/yzpt/projects/carburant_gcp/dags/xml_parsing_DAG.py
[2023-11-22T23:24:41.520+0100] {processor.py:839} INFO - DAG(s) dict_keys(['xml_parsing']) retrieved from /home/yzpt/projects/carburant_gcp/dags/xml_parsing_DAG.py
[2023-11-22T23:24:41.541+0100] {logging_mixin.py:151} INFO - [2023-11-22T23:24:41.541+0100] {dag.py:2941} INFO - Sync 1 DAGs
[2023-11-22T23:24:41.574+0100] {logging_mixin.py:151} INFO - [2023-11-22T23:24:41.573+0100] {dag.py:3722} INFO - Setting next_dagrun for xml_parsing to 2023-11-22T22:24:00+00:00, run_after=2023-11-22T22:25:00+00:00
[2023-11-22T23:24:41.650+0100] {processor.py:179} INFO - Processing /home/yzpt/projects/carburant_gcp/dags/xml_parsing_DAG.py took 0.257 seconds
[2023-11-22T23:25:12.698+0100] {processor.py:157} INFO - Started process (PID=22934) to work on /home/yzpt/projects/carburant_gcp/dags/xml_parsing_DAG.py
[2023-11-22T23:25:12.699+0100] {processor.py:829} INFO - Processing file /home/yzpt/projects/carburant_gcp/dags/xml_parsing_DAG.py for tasks to queue
[2023-11-22T23:25:12.704+0100] {logging_mixin.py:151} INFO - [2023-11-22T23:25:12.701+0100] {dagbag.py:536} INFO - Filling up the DagBag from /home/yzpt/projects/carburant_gcp/dags/xml_parsing_DAG.py
[2023-11-22T23:25:12.724+0100] {processor.py:839} INFO - DAG(s) dict_keys(['xml_parsing']) retrieved from /home/yzpt/projects/carburant_gcp/dags/xml_parsing_DAG.py
[2023-11-22T23:25:12.742+0100] {logging_mixin.py:151} INFO - [2023-11-22T23:25:12.742+0100] {dag.py:2941} INFO - Sync 1 DAGs
[2023-11-22T23:25:12.760+0100] {logging_mixin.py:151} INFO - [2023-11-22T23:25:12.760+0100] {dag.py:3722} INFO - Setting next_dagrun for xml_parsing to 2023-11-22T22:24:00+00:00, run_after=2023-11-22T22:25:00+00:00
[2023-11-22T23:25:12.779+0100] {processor.py:179} INFO - Processing /home/yzpt/projects/carburant_gcp/dags/xml_parsing_DAG.py took 0.093 seconds
[2023-11-22T23:25:43.107+0100] {processor.py:157} INFO - Started process (PID=22962) to work on /home/yzpt/projects/carburant_gcp/dags/xml_parsing_DAG.py
[2023-11-22T23:25:43.109+0100] {processor.py:829} INFO - Processing file /home/yzpt/projects/carburant_gcp/dags/xml_parsing_DAG.py for tasks to queue
[2023-11-22T23:25:43.110+0100] {logging_mixin.py:151} INFO - [2023-11-22T23:25:43.110+0100] {dagbag.py:536} INFO - Filling up the DagBag from /home/yzpt/projects/carburant_gcp/dags/xml_parsing_DAG.py
[2023-11-22T23:25:43.124+0100] {processor.py:839} INFO - DAG(s) dict_keys(['xml_parsing']) retrieved from /home/yzpt/projects/carburant_gcp/dags/xml_parsing_DAG.py
[2023-11-22T23:25:43.142+0100] {logging_mixin.py:151} INFO - [2023-11-22T23:25:43.142+0100] {dag.py:2941} INFO - Sync 1 DAGs
[2023-11-22T23:25:43.160+0100] {logging_mixin.py:151} INFO - [2023-11-22T23:25:43.160+0100] {dag.py:3722} INFO - Setting next_dagrun for xml_parsing to 2023-11-22T22:24:00+00:00, run_after=2023-11-22T22:25:00+00:00
[2023-11-22T23:25:43.177+0100] {processor.py:179} INFO - Processing /home/yzpt/projects/carburant_gcp/dags/xml_parsing_DAG.py took 0.073 seconds
[2023-11-22T23:26:13.419+0100] {processor.py:157} INFO - Started process (PID=23016) to work on /home/yzpt/projects/carburant_gcp/dags/xml_parsing_DAG.py
[2023-11-22T23:26:13.420+0100] {processor.py:829} INFO - Processing file /home/yzpt/projects/carburant_gcp/dags/xml_parsing_DAG.py for tasks to queue
[2023-11-22T23:26:13.421+0100] {logging_mixin.py:151} INFO - [2023-11-22T23:26:13.421+0100] {dagbag.py:536} INFO - Filling up the DagBag from /home/yzpt/projects/carburant_gcp/dags/xml_parsing_DAG.py
[2023-11-22T23:26:13.436+0100] {processor.py:839} INFO - DAG(s) dict_keys(['xml_parsing']) retrieved from /home/yzpt/projects/carburant_gcp/dags/xml_parsing_DAG.py
[2023-11-22T23:26:13.454+0100] {logging_mixin.py:151} INFO - [2023-11-22T23:26:13.454+0100] {dag.py:2941} INFO - Sync 1 DAGs
[2023-11-22T23:26:13.472+0100] {logging_mixin.py:151} INFO - [2023-11-22T23:26:13.472+0100] {dag.py:3722} INFO - Setting next_dagrun for xml_parsing to 2023-11-22T22:25:00+00:00, run_after=2023-11-22T22:26:00+00:00
[2023-11-22T23:26:13.492+0100] {processor.py:179} INFO - Processing /home/yzpt/projects/carburant_gcp/dags/xml_parsing_DAG.py took 0.076 seconds
[2023-11-22T23:26:43.721+0100] {processor.py:157} INFO - Started process (PID=23047) to work on /home/yzpt/projects/carburant_gcp/dags/xml_parsing_DAG.py
[2023-11-22T23:26:43.723+0100] {processor.py:829} INFO - Processing file /home/yzpt/projects/carburant_gcp/dags/xml_parsing_DAG.py for tasks to queue
[2023-11-22T23:26:43.724+0100] {logging_mixin.py:151} INFO - [2023-11-22T23:26:43.724+0100] {dagbag.py:536} INFO - Filling up the DagBag from /home/yzpt/projects/carburant_gcp/dags/xml_parsing_DAG.py
[2023-11-22T23:26:43.738+0100] {processor.py:839} INFO - DAG(s) dict_keys(['xml_parsing']) retrieved from /home/yzpt/projects/carburant_gcp/dags/xml_parsing_DAG.py
[2023-11-22T23:26:43.758+0100] {logging_mixin.py:151} INFO - [2023-11-22T23:26:43.757+0100] {dag.py:2941} INFO - Sync 1 DAGs
[2023-11-22T23:26:43.778+0100] {logging_mixin.py:151} INFO - [2023-11-22T23:26:43.778+0100] {dag.py:3722} INFO - Setting next_dagrun for xml_parsing to 2023-11-22T22:25:00+00:00, run_after=2023-11-22T22:26:00+00:00
[2023-11-22T23:26:43.815+0100] {processor.py:179} INFO - Processing /home/yzpt/projects/carburant_gcp/dags/xml_parsing_DAG.py took 0.098 seconds
[2023-11-22T23:27:12.729+0100] {processor.py:157} INFO - Started process (PID=23197) to work on /home/yzpt/projects/carburant_gcp/dags/xml_parsing_DAG.py
[2023-11-22T23:27:12.732+0100] {processor.py:829} INFO - Processing file /home/yzpt/projects/carburant_gcp/dags/xml_parsing_DAG.py for tasks to queue
[2023-11-22T23:27:12.732+0100] {logging_mixin.py:151} INFO - [2023-11-22T23:27:12.732+0100] {dagbag.py:536} INFO - Filling up the DagBag from /home/yzpt/projects/carburant_gcp/dags/xml_parsing_DAG.py
[2023-11-22T23:27:12.747+0100] {processor.py:839} INFO - DAG(s) dict_keys(['xml_parsing']) retrieved from /home/yzpt/projects/carburant_gcp/dags/xml_parsing_DAG.py
[2023-11-22T23:27:12.837+0100] {logging_mixin.py:151} INFO - [2023-11-22T23:27:12.837+0100] {dag.py:2941} INFO - Sync 1 DAGs
[2023-11-22T23:27:12.853+0100] {logging_mixin.py:151} INFO - [2023-11-22T23:27:12.853+0100] {dag.py:3722} INFO - Setting next_dagrun for xml_parsing to 2023-11-22T22:26:00+00:00, run_after=2023-11-22T22:27:00+00:00
[2023-11-22T23:27:12.896+0100] {processor.py:179} INFO - Processing /home/yzpt/projects/carburant_gcp/dags/xml_parsing_DAG.py took 0.169 seconds
[2023-11-22T23:27:43.774+0100] {processor.py:157} INFO - Started process (PID=23521) to work on /home/yzpt/projects/carburant_gcp/dags/xml_parsing_DAG.py
[2023-11-22T23:27:43.775+0100] {processor.py:829} INFO - Processing file /home/yzpt/projects/carburant_gcp/dags/xml_parsing_DAG.py for tasks to queue
[2023-11-22T23:27:43.776+0100] {logging_mixin.py:151} INFO - [2023-11-22T23:27:43.775+0100] {dagbag.py:536} INFO - Filling up the DagBag from /home/yzpt/projects/carburant_gcp/dags/xml_parsing_DAG.py
[2023-11-22T23:27:43.792+0100] {processor.py:839} INFO - DAG(s) dict_keys(['xml_parsing']) retrieved from /home/yzpt/projects/carburant_gcp/dags/xml_parsing_DAG.py
[2023-11-22T23:27:43.825+0100] {logging_mixin.py:151} INFO - [2023-11-22T23:27:43.822+0100] {dag.py:2941} INFO - Sync 1 DAGs
[2023-11-22T23:27:43.922+0100] {logging_mixin.py:151} INFO - [2023-11-22T23:27:43.921+0100] {dag.py:3722} INFO - Setting next_dagrun for xml_parsing to 2023-11-22T22:27:00+00:00, run_after=2023-11-22T22:28:00+00:00
[2023-11-22T23:27:44.037+0100] {processor.py:179} INFO - Processing /home/yzpt/projects/carburant_gcp/dags/xml_parsing_DAG.py took 0.267 seconds
[2023-11-22T23:28:16.986+0100] {processor.py:157} INFO - Started process (PID=24062) to work on /home/yzpt/projects/carburant_gcp/dags/xml_parsing_DAG.py
[2023-11-22T23:28:16.989+0100] {processor.py:829} INFO - Processing file /home/yzpt/projects/carburant_gcp/dags/xml_parsing_DAG.py for tasks to queue
[2023-11-22T23:28:16.990+0100] {logging_mixin.py:151} INFO - [2023-11-22T23:28:16.989+0100] {dagbag.py:536} INFO - Filling up the DagBag from /home/yzpt/projects/carburant_gcp/dags/xml_parsing_DAG.py
[2023-11-22T23:28:17.004+0100] {processor.py:839} INFO - DAG(s) dict_keys(['xml_parsing']) retrieved from /home/yzpt/projects/carburant_gcp/dags/xml_parsing_DAG.py
[2023-11-22T23:28:17.023+0100] {logging_mixin.py:151} INFO - [2023-11-22T23:28:17.023+0100] {dag.py:2941} INFO - Sync 1 DAGs
[2023-11-22T23:28:17.041+0100] {logging_mixin.py:151} INFO - [2023-11-22T23:28:17.041+0100] {dag.py:3722} INFO - Setting next_dagrun for xml_parsing to 2023-11-22T22:28:00+00:00, run_after=2023-11-22T22:29:00+00:00
[2023-11-22T23:28:17.065+0100] {processor.py:179} INFO - Processing /home/yzpt/projects/carburant_gcp/dags/xml_parsing_DAG.py took 0.081 seconds
[2023-11-22T23:28:48.760+0100] {processor.py:157} INFO - Started process (PID=24688) to work on /home/yzpt/projects/carburant_gcp/dags/xml_parsing_DAG.py
[2023-11-22T23:28:48.763+0100] {processor.py:829} INFO - Processing file /home/yzpt/projects/carburant_gcp/dags/xml_parsing_DAG.py for tasks to queue
[2023-11-22T23:28:48.766+0100] {logging_mixin.py:151} INFO - [2023-11-22T23:28:48.764+0100] {dagbag.py:536} INFO - Filling up the DagBag from /home/yzpt/projects/carburant_gcp/dags/xml_parsing_DAG.py
[2023-11-22T23:28:48.840+0100] {processor.py:839} INFO - DAG(s) dict_keys(['xml_parsing']) retrieved from /home/yzpt/projects/carburant_gcp/dags/xml_parsing_DAG.py
[2023-11-22T23:28:48.909+0100] {logging_mixin.py:151} INFO - [2023-11-22T23:28:48.909+0100] {dag.py:2941} INFO - Sync 1 DAGs
[2023-11-22T23:28:48.975+0100] {logging_mixin.py:151} INFO - [2023-11-22T23:28:48.974+0100] {dag.py:3722} INFO - Setting next_dagrun for xml_parsing to 2023-11-22T22:28:00+00:00, run_after=2023-11-22T22:29:00+00:00
[2023-11-22T23:28:49.026+0100] {processor.py:179} INFO - Processing /home/yzpt/projects/carburant_gcp/dags/xml_parsing_DAG.py took 0.277 seconds
[2023-11-22T23:29:21.153+0100] {processor.py:157} INFO - Started process (PID=25082) to work on /home/yzpt/projects/carburant_gcp/dags/xml_parsing_DAG.py
[2023-11-22T23:29:21.159+0100] {processor.py:829} INFO - Processing file /home/yzpt/projects/carburant_gcp/dags/xml_parsing_DAG.py for tasks to queue
[2023-11-22T23:29:21.162+0100] {logging_mixin.py:151} INFO - [2023-11-22T23:29:21.161+0100] {dagbag.py:536} INFO - Filling up the DagBag from /home/yzpt/projects/carburant_gcp/dags/xml_parsing_DAG.py
[2023-11-22T23:29:21.221+0100] {processor.py:839} INFO - DAG(s) dict_keys(['xml_parsing']) retrieved from /home/yzpt/projects/carburant_gcp/dags/xml_parsing_DAG.py
[2023-11-22T23:29:21.307+0100] {logging_mixin.py:151} INFO - [2023-11-22T23:29:21.306+0100] {dag.py:2941} INFO - Sync 1 DAGs
[2023-11-22T23:29:21.405+0100] {logging_mixin.py:151} INFO - [2023-11-22T23:29:21.404+0100] {dag.py:3722} INFO - Setting next_dagrun for xml_parsing to 2023-11-22T22:29:00+00:00, run_after=2023-11-22T22:30:00+00:00
[2023-11-22T23:29:21.484+0100] {processor.py:179} INFO - Processing /home/yzpt/projects/carburant_gcp/dags/xml_parsing_DAG.py took 0.342 seconds
[2023-11-22T23:29:59.646+0100] {processor.py:157} INFO - Started process (PID=25411) to work on /home/yzpt/projects/carburant_gcp/dags/xml_parsing_DAG.py
[2023-11-22T23:29:59.655+0100] {processor.py:829} INFO - Processing file /home/yzpt/projects/carburant_gcp/dags/xml_parsing_DAG.py for tasks to queue
[2023-11-22T23:29:59.660+0100] {logging_mixin.py:151} INFO - [2023-11-22T23:29:59.659+0100] {dagbag.py:536} INFO - Filling up the DagBag from /home/yzpt/projects/carburant_gcp/dags/xml_parsing_DAG.py
[2023-11-22T23:29:59.740+0100] {processor.py:839} INFO - DAG(s) dict_keys(['xml_parsing']) retrieved from /home/yzpt/projects/carburant_gcp/dags/xml_parsing_DAG.py
[2023-11-22T23:29:59.809+0100] {logging_mixin.py:151} INFO - [2023-11-22T23:29:59.809+0100] {dag.py:2941} INFO - Sync 1 DAGs
[2023-11-22T23:29:59.904+0100] {logging_mixin.py:151} INFO - [2023-11-22T23:29:59.904+0100] {dag.py:3722} INFO - Setting next_dagrun for xml_parsing to 2023-11-22T22:29:00+00:00, run_after=2023-11-22T22:30:00+00:00
[2023-11-22T23:29:59.958+0100] {processor.py:179} INFO - Processing /home/yzpt/projects/carburant_gcp/dags/xml_parsing_DAG.py took 0.326 seconds
[2023-11-22T23:30:35.820+0100] {processor.py:157} INFO - Started process (PID=25739) to work on /home/yzpt/projects/carburant_gcp/dags/xml_parsing_DAG.py
[2023-11-22T23:30:35.826+0100] {processor.py:829} INFO - Processing file /home/yzpt/projects/carburant_gcp/dags/xml_parsing_DAG.py for tasks to queue
[2023-11-22T23:30:35.830+0100] {logging_mixin.py:151} INFO - [2023-11-22T23:30:35.828+0100] {dagbag.py:536} INFO - Filling up the DagBag from /home/yzpt/projects/carburant_gcp/dags/xml_parsing_DAG.py
[2023-11-22T23:30:35.881+0100] {processor.py:839} INFO - DAG(s) dict_keys(['xml_parsing']) retrieved from /home/yzpt/projects/carburant_gcp/dags/xml_parsing_DAG.py
[2023-11-22T23:30:35.943+0100] {logging_mixin.py:151} INFO - [2023-11-22T23:30:35.942+0100] {dag.py:2941} INFO - Sync 1 DAGs
[2023-11-22T23:30:35.999+0100] {logging_mixin.py:151} INFO - [2023-11-22T23:30:35.999+0100] {dag.py:3722} INFO - Setting next_dagrun for xml_parsing to 2023-11-22T22:30:00+00:00, run_after=2023-11-22T22:31:00+00:00
[2023-11-22T23:30:36.049+0100] {processor.py:179} INFO - Processing /home/yzpt/projects/carburant_gcp/dags/xml_parsing_DAG.py took 0.240 seconds
[2023-11-22T23:31:10.083+0100] {processor.py:157} INFO - Started process (PID=26033) to work on /home/yzpt/projects/carburant_gcp/dags/xml_parsing_DAG.py
[2023-11-22T23:31:10.086+0100] {processor.py:829} INFO - Processing file /home/yzpt/projects/carburant_gcp/dags/xml_parsing_DAG.py for tasks to queue
[2023-11-22T23:31:10.089+0100] {logging_mixin.py:151} INFO - [2023-11-22T23:31:10.088+0100] {dagbag.py:536} INFO - Filling up the DagBag from /home/yzpt/projects/carburant_gcp/dags/xml_parsing_DAG.py
[2023-11-22T23:31:10.133+0100] {processor.py:839} INFO - DAG(s) dict_keys(['xml_parsing']) retrieved from /home/yzpt/projects/carburant_gcp/dags/xml_parsing_DAG.py
[2023-11-22T23:31:10.188+0100] {logging_mixin.py:151} INFO - [2023-11-22T23:31:10.187+0100] {dag.py:2941} INFO - Sync 1 DAGs
[2023-11-22T23:31:10.243+0100] {logging_mixin.py:151} INFO - [2023-11-22T23:31:10.243+0100] {dag.py:3722} INFO - Setting next_dagrun for xml_parsing to 2023-11-22T22:30:00+00:00, run_after=2023-11-22T22:31:00+00:00
[2023-11-22T23:31:10.289+0100] {processor.py:179} INFO - Processing /home/yzpt/projects/carburant_gcp/dags/xml_parsing_DAG.py took 0.215 seconds
[2023-11-22T23:32:48.710+0100] {processor.py:157} INFO - Started process (PID=27052) to work on /home/yzpt/projects/carburant_gcp/dags/xml_parsing_DAG.py
[2023-11-22T23:32:48.716+0100] {processor.py:829} INFO - Processing file /home/yzpt/projects/carburant_gcp/dags/xml_parsing_DAG.py for tasks to queue
[2023-11-22T23:32:48.719+0100] {logging_mixin.py:151} INFO - [2023-11-22T23:32:48.718+0100] {dagbag.py:536} INFO - Filling up the DagBag from /home/yzpt/projects/carburant_gcp/dags/xml_parsing_DAG.py
[2023-11-22T23:32:48.758+0100] {processor.py:839} INFO - DAG(s) dict_keys(['xml_parsing']) retrieved from /home/yzpt/projects/carburant_gcp/dags/xml_parsing_DAG.py
[2023-11-22T23:32:49.176+0100] {logging_mixin.py:151} INFO - [2023-11-22T23:32:49.175+0100] {dag.py:2941} INFO - Sync 1 DAGs
[2023-11-22T23:32:49.228+0100] {logging_mixin.py:151} INFO - [2023-11-22T23:32:49.228+0100] {dag.py:3722} INFO - Setting next_dagrun for xml_parsing to 2023-11-22T22:31:00+00:00, run_after=2023-11-22T22:32:00+00:00
[2023-11-22T23:32:49.295+0100] {processor.py:179} INFO - Processing /home/yzpt/projects/carburant_gcp/dags/xml_parsing_DAG.py took 0.593 seconds
[2023-11-22T23:34:24.615+0100] {processor.py:157} INFO - Started process (PID=28257) to work on /home/yzpt/projects/carburant_gcp/dags/xml_parsing_DAG.py
[2023-11-22T23:34:24.620+0100] {processor.py:829} INFO - Processing file /home/yzpt/projects/carburant_gcp/dags/xml_parsing_DAG.py for tasks to queue
[2023-11-22T23:34:24.623+0100] {logging_mixin.py:151} INFO - [2023-11-22T23:34:24.622+0100] {dagbag.py:536} INFO - Filling up the DagBag from /home/yzpt/projects/carburant_gcp/dags/xml_parsing_DAG.py
[2023-11-22T23:34:24.655+0100] {processor.py:839} INFO - DAG(s) dict_keys(['xml_parsing']) retrieved from /home/yzpt/projects/carburant_gcp/dags/xml_parsing_DAG.py
[2023-11-22T23:34:24.726+0100] {logging_mixin.py:151} INFO - [2023-11-22T23:34:24.726+0100] {dag.py:2941} INFO - Sync 1 DAGs
[2023-11-22T23:34:24.792+0100] {logging_mixin.py:151} INFO - [2023-11-22T23:34:24.792+0100] {dag.py:3722} INFO - Setting next_dagrun for xml_parsing to 2023-11-22T22:33:00+00:00, run_after=2023-11-22T22:34:00+00:00
[2023-11-22T23:34:24.857+0100] {processor.py:179} INFO - Processing /home/yzpt/projects/carburant_gcp/dags/xml_parsing_DAG.py took 0.252 seconds
[2023-11-22T23:34:50.848+0100] {processor.py:157} INFO - Started process (PID=28669) to work on /home/yzpt/projects/carburant_gcp/dags/xml_parsing_DAG.py
[2023-11-22T23:34:50.851+0100] {processor.py:829} INFO - Processing file /home/yzpt/projects/carburant_gcp/dags/xml_parsing_DAG.py for tasks to queue
[2023-11-22T23:34:50.853+0100] {logging_mixin.py:151} INFO - [2023-11-22T23:34:50.852+0100] {dagbag.py:536} INFO - Filling up the DagBag from /home/yzpt/projects/carburant_gcp/dags/xml_parsing_DAG.py
[2023-11-22T23:34:50.892+0100] {processor.py:839} INFO - DAG(s) dict_keys(['xml_parsing']) retrieved from /home/yzpt/projects/carburant_gcp/dags/xml_parsing_DAG.py
[2023-11-22T23:34:50.944+0100] {logging_mixin.py:151} INFO - [2023-11-22T23:34:50.944+0100] {dag.py:2941} INFO - Sync 1 DAGs
[2023-11-22T23:34:50.997+0100] {logging_mixin.py:151} INFO - [2023-11-22T23:34:50.997+0100] {dag.py:3722} INFO - Setting next_dagrun for xml_parsing to 2023-11-22T22:34:00+00:00, run_after=2023-11-22T22:35:00+00:00
[2023-11-22T23:34:51.047+0100] {processor.py:179} INFO - Processing /home/yzpt/projects/carburant_gcp/dags/xml_parsing_DAG.py took 0.207 seconds
[2023-11-22T23:35:52.304+0100] {processor.py:157} INFO - Started process (PID=29443) to work on /home/yzpt/projects/carburant_gcp/dags/xml_parsing_DAG.py
[2023-11-22T23:35:52.309+0100] {processor.py:829} INFO - Processing file /home/yzpt/projects/carburant_gcp/dags/xml_parsing_DAG.py for tasks to queue
[2023-11-22T23:35:52.311+0100] {logging_mixin.py:151} INFO - [2023-11-22T23:35:52.310+0100] {dagbag.py:536} INFO - Filling up the DagBag from /home/yzpt/projects/carburant_gcp/dags/xml_parsing_DAG.py
[2023-11-22T23:35:52.338+0100] {processor.py:839} INFO - DAG(s) dict_keys(['xml_parsing']) retrieved from /home/yzpt/projects/carburant_gcp/dags/xml_parsing_DAG.py
[2023-11-22T23:35:52.394+0100] {logging_mixin.py:151} INFO - [2023-11-22T23:35:52.394+0100] {dag.py:2941} INFO - Sync 1 DAGs
[2023-11-22T23:35:52.440+0100] {logging_mixin.py:151} INFO - [2023-11-22T23:35:52.440+0100] {dag.py:3722} INFO - Setting next_dagrun for xml_parsing to 2023-11-22T22:34:00+00:00, run_after=2023-11-22T22:35:00+00:00
[2023-11-22T23:35:52.491+0100] {processor.py:179} INFO - Processing /home/yzpt/projects/carburant_gcp/dags/xml_parsing_DAG.py took 0.195 seconds
[2023-11-22T23:37:21.948+0100] {processor.py:157} INFO - Started process (PID=30850) to work on /home/yzpt/projects/carburant_gcp/dags/xml_parsing_DAG.py
[2023-11-22T23:37:21.951+0100] {processor.py:829} INFO - Processing file /home/yzpt/projects/carburant_gcp/dags/xml_parsing_DAG.py for tasks to queue
[2023-11-22T23:37:21.954+0100] {logging_mixin.py:151} INFO - [2023-11-22T23:37:21.953+0100] {dagbag.py:536} INFO - Filling up the DagBag from /home/yzpt/projects/carburant_gcp/dags/xml_parsing_DAG.py
[2023-11-22T23:37:21.987+0100] {processor.py:839} INFO - DAG(s) dict_keys(['xml_parsing']) retrieved from /home/yzpt/projects/carburant_gcp/dags/xml_parsing_DAG.py
[2023-11-22T23:37:22.062+0100] {logging_mixin.py:151} INFO - [2023-11-22T23:37:22.061+0100] {dag.py:2941} INFO - Sync 1 DAGs
[2023-11-22T23:37:22.122+0100] {logging_mixin.py:151} INFO - [2023-11-22T23:37:22.121+0100] {dag.py:3722} INFO - Setting next_dagrun for xml_parsing to 2023-11-22T22:36:00+00:00, run_after=2023-11-22T22:37:00+00:00
[2023-11-22T23:37:22.179+0100] {processor.py:179} INFO - Processing /home/yzpt/projects/carburant_gcp/dags/xml_parsing_DAG.py took 0.242 seconds
