[2023-11-23T11:00:53.170+0100] {manager.py:487} INFO - Processing files using up to 1 processes at a time 
[2023-11-23T11:00:53.171+0100] {manager.py:488} INFO - Process each file at most once every 30 seconds
[2023-11-23T11:00:53.171+0100] {manager.py:489} INFO - Checking for new files in /home/yzpt/projects/carburant_gcp/dags every 300 seconds
[2023-11-23T11:00:53.171+0100] {manager.py:755} INFO - Searching for files in /home/yzpt/projects/carburant_gcp/dags
[2023-11-23T11:00:53.174+0100] {manager.py:758} INFO - There are 2 files in /home/yzpt/projects/carburant_gcp/dags
[2023-11-23T11:00:53.427+0100] {manager.py:887} INFO - 
================================================================================
DAG File Processing Stats

File Path                                                         PID    Runtime      # DAGs    # Errors  Last Runtime    Last Run
----------------------------------------------------------------  -----  ---------  --------  ----------  --------------  -------------------
/home/yzpt/projects/carburant_gcp/dags/xml_parsing_DAG.py                                  0           0
/home/yzpt/projects/carburant_gcp/dags/carburants_request_DAG.py                           1           0  0.20s           2023-11-23T10:00:53
================================================================================
[2023-11-23T11:01:23.668+0100] {manager.py:887} INFO - 
================================================================================
DAG File Processing Stats

File Path                                                         PID    Runtime      # DAGs    # Errors  Last Runtime    Last Run
----------------------------------------------------------------  -----  ---------  --------  ----------  --------------  -------------------
/home/yzpt/projects/carburant_gcp/dags/xml_parsing_DAG.py                                  1           0  0.20s           2023-11-23T10:00:54
/home/yzpt/projects/carburant_gcp/dags/carburants_request_DAG.py                           1           0  0.10s           2023-11-23T10:01:23
================================================================================
[2023-11-23T11:01:41.916+0100] {manager.py:1137} WARNING - Skipping processing of missing file: /home/yzpt/projects/carburant_gcp/dags/carburants_request_DAG.py
[2023-11-23T11:01:53.916+0100] {manager.py:887} INFO - 
================================================================================
DAG File Processing Stats

File Path                                                  PID    Runtime      # DAGs    # Errors  Last Runtime    Last Run
---------------------------------------------------------  -----  ---------  --------  ----------  --------------  -------------------
/home/yzpt/projects/carburant_gcp/dags/xml_parsing_DAG.py                           1           0  0.10s           2023-11-23T10:01:24
================================================================================
[2023-11-23T11:02:30.223+0100] {manager.py:887} INFO - 
================================================================================
DAG File Processing Stats

File Path                                                  PID    Runtime      # DAGs    # Errors  Last Runtime    Last Run
---------------------------------------------------------  -----  ---------  --------  ----------  --------------  -------------------
/home/yzpt/projects/carburant_gcp/dags/xml_parsing_DAG.py                           1           0  0.11s           2023-11-23T10:02:30
================================================================================
[2023-11-23T11:03:00.414+0100] {manager.py:887} INFO - 
================================================================================
DAG File Processing Stats

File Path                                                  PID    Runtime      # DAGs    # Errors  Last Runtime    Last Run
---------------------------------------------------------  -----  ---------  --------  ----------  --------------  -------------------
/home/yzpt/projects/carburant_gcp/dags/xml_parsing_DAG.py                           1           0  0.10s           2023-11-23T10:03:00
================================================================================
[2023-11-23T11:03:31.348+0100] {manager.py:887} INFO - 
================================================================================
DAG File Processing Stats

File Path                                                  PID    Runtime      # DAGs    # Errors  Last Runtime    Last Run
---------------------------------------------------------  -----  ---------  --------  ----------  --------------  -------------------
/home/yzpt/projects/carburant_gcp/dags/xml_parsing_DAG.py                           1           0  0.10s           2023-11-23T10:03:31
================================================================================
[2023-11-23T11:04:04.364+0100] {manager.py:887} INFO - 
================================================================================
DAG File Processing Stats

File Path                                                  PID    Runtime      # DAGs    # Errors  Last Runtime    Last Run
---------------------------------------------------------  -----  ---------  --------  ----------  --------------  -------------------
/home/yzpt/projects/carburant_gcp/dags/xml_parsing_DAG.py                           1           0  0.10s           2023-11-23T10:04:04
================================================================================
[2023-11-23T11:04:34.667+0100] {manager.py:887} INFO - 
================================================================================
DAG File Processing Stats

File Path                                                  PID    Runtime      # DAGs    # Errors  Last Runtime    Last Run
---------------------------------------------------------  -----  ---------  --------  ----------  --------------  -------------------
/home/yzpt/projects/carburant_gcp/dags/xml_parsing_DAG.py                           1           0  0.20s           2023-11-23T10:04:34
================================================================================
[2023-11-23T11:05:08.346+0100] {manager.py:887} INFO - 
================================================================================
DAG File Processing Stats

File Path                                                  PID    Runtime      # DAGs    # Errors  Last Runtime    Last Run
---------------------------------------------------------  -----  ---------  --------  ----------  --------------  -------------------
/home/yzpt/projects/carburant_gcp/dags/xml_parsing_DAG.py                           1           0  0.10s           2023-11-23T10:05:08
================================================================================
[2023-11-23T11:05:39.442+0100] {manager.py:887} INFO - 
================================================================================
DAG File Processing Stats

File Path                                                  PID    Runtime      # DAGs    # Errors  Last Runtime    Last Run
---------------------------------------------------------  -----  ---------  --------  ----------  --------------  -------------------
/home/yzpt/projects/carburant_gcp/dags/xml_parsing_DAG.py                           1           0  0.10s           2023-11-23T10:05:39
================================================================================
[2023-11-23T11:05:53.190+0100] {manager.py:755} INFO - Searching for files in /home/yzpt/projects/carburant_gcp/dags
[2023-11-23T11:05:53.192+0100] {manager.py:758} INFO - There are 1 files in /home/yzpt/projects/carburant_gcp/dags
[2023-11-23T11:06:15.457+0100] {manager.py:887} INFO - 
================================================================================
DAG File Processing Stats

File Path                                                  PID    Runtime      # DAGs    # Errors  Last Runtime    Last Run
---------------------------------------------------------  -----  ---------  --------  ----------  --------------  -------------------
/home/yzpt/projects/carburant_gcp/dags/xml_parsing_DAG.py                           1           0  0.10s           2023-11-23T10:06:15
================================================================================
[2023-11-23T11:06:45.674+0100] {manager.py:887} INFO - 
================================================================================
DAG File Processing Stats

File Path                                                  PID    Runtime      # DAGs    # Errors  Last Runtime    Last Run
---------------------------------------------------------  -----  ---------  --------  ----------  --------------  -------------------
/home/yzpt/projects/carburant_gcp/dags/xml_parsing_DAG.py                           1           0  0.10s           2023-11-23T10:06:45
================================================================================
[2023-11-23T11:07:16.828+0100] {manager.py:887} INFO - 
================================================================================
DAG File Processing Stats

File Path                                                  PID    Runtime      # DAGs    # Errors  Last Runtime    Last Run
---------------------------------------------------------  -----  ---------  --------  ----------  --------------  -------------------
/home/yzpt/projects/carburant_gcp/dags/xml_parsing_DAG.py                           1           0  0.10s           2023-11-23T10:07:16
================================================================================
[2023-11-23T11:07:46.985+0100] {manager.py:887} INFO - 
================================================================================
DAG File Processing Stats

File Path                                                  PID    Runtime      # DAGs    # Errors  Last Runtime    Last Run
---------------------------------------------------------  -----  ---------  --------  ----------  --------------  -------------------
/home/yzpt/projects/carburant_gcp/dags/xml_parsing_DAG.py                           1           0  0.10s           2023-11-23T10:07:46
================================================================================
[2023-11-23T11:08:18.011+0100] {manager.py:887} INFO - 
================================================================================
DAG File Processing Stats

File Path                                                  PID    Runtime      # DAGs    # Errors  Last Runtime    Last Run
---------------------------------------------------------  -----  ---------  --------  ----------  --------------  -------------------
/home/yzpt/projects/carburant_gcp/dags/xml_parsing_DAG.py                           1           0  0.21s           2023-11-23T10:08:18
================================================================================
[2023-11-23T11:08:49.111+0100] {manager.py:887} INFO - 
================================================================================
DAG File Processing Stats

File Path                                                  PID    Runtime      # DAGs    # Errors  Last Runtime    Last Run
---------------------------------------------------------  -----  ---------  --------  ----------  --------------  -------------------
/home/yzpt/projects/carburant_gcp/dags/xml_parsing_DAG.py                           1           0  0.10s           2023-11-23T10:08:49
================================================================================
[2023-11-23T11:09:20.129+0100] {manager.py:887} INFO - 
================================================================================
DAG File Processing Stats

File Path                                                  PID    Runtime      # DAGs    # Errors  Last Runtime    Last Run
---------------------------------------------------------  -----  ---------  --------  ----------  --------------  -------------------
/home/yzpt/projects/carburant_gcp/dags/xml_parsing_DAG.py                           1           0  0.10s           2023-11-23T10:09:20
================================================================================
[2023-11-23T11:09:50.346+0100] {manager.py:887} INFO - 
================================================================================
DAG File Processing Stats

File Path                                                  PID    Runtime      # DAGs    # Errors  Last Runtime    Last Run
---------------------------------------------------------  -----  ---------  --------  ----------  --------------  -------------------
/home/yzpt/projects/carburant_gcp/dags/xml_parsing_DAG.py                           1           0  0.10s           2023-11-23T10:09:50
================================================================================
[2023-11-23T11:10:20.531+0100] {manager.py:887} INFO - 
================================================================================
DAG File Processing Stats

File Path                                                  PID    Runtime      # DAGs    # Errors  Last Runtime    Last Run
---------------------------------------------------------  -----  ---------  --------  ----------  --------------  -------------------
/home/yzpt/projects/carburant_gcp/dags/xml_parsing_DAG.py                           1           0  0.10s           2023-11-23T10:10:20
================================================================================
[2023-11-23T11:10:50.784+0100] {manager.py:887} INFO - 
================================================================================
DAG File Processing Stats

File Path                                                  PID    Runtime      # DAGs    # Errors  Last Runtime    Last Run
---------------------------------------------------------  -----  ---------  --------  ----------  --------------  -------------------
/home/yzpt/projects/carburant_gcp/dags/xml_parsing_DAG.py                           1           0  0.10s           2023-11-23T10:10:50
================================================================================
[2023-11-23T11:10:53.254+0100] {manager.py:755} INFO - Searching for files in /home/yzpt/projects/carburant_gcp/dags
[2023-11-23T11:10:53.255+0100] {manager.py:758} INFO - There are 1 files in /home/yzpt/projects/carburant_gcp/dags
[2023-11-23T11:11:21.818+0100] {manager.py:887} INFO - 
================================================================================
DAG File Processing Stats

File Path                                                  PID    Runtime      # DAGs    # Errors  Last Runtime    Last Run
---------------------------------------------------------  -----  ---------  --------  ----------  --------------  -------------------
/home/yzpt/projects/carburant_gcp/dags/xml_parsing_DAG.py                           1           0  0.10s           2023-11-23T10:11:21
================================================================================
[2023-11-23T11:11:52.053+0100] {manager.py:887} INFO - 
================================================================================
DAG File Processing Stats

File Path                                                  PID    Runtime      # DAGs    # Errors  Last Runtime    Last Run
---------------------------------------------------------  -----  ---------  --------  ----------  --------------  -------------------
/home/yzpt/projects/carburant_gcp/dags/xml_parsing_DAG.py                           1           0  0.10s           2023-11-23T10:11:52
================================================================================
[2023-11-23T11:12:25.729+0100] {manager.py:887} INFO - 
================================================================================
DAG File Processing Stats

File Path                                                  PID    Runtime      # DAGs    # Errors  Last Runtime    Last Run
---------------------------------------------------------  -----  ---------  --------  ----------  --------------  -------------------
/home/yzpt/projects/carburant_gcp/dags/xml_parsing_DAG.py                           1           0  0.10s           2023-11-23T10:12:25
================================================================================
[2023-11-23T11:12:56.302+0100] {manager.py:887} INFO - 
================================================================================
DAG File Processing Stats

File Path                                                  PID    Runtime      # DAGs    # Errors  Last Runtime    Last Run
---------------------------------------------------------  -----  ---------  --------  ----------  --------------  -------------------
/home/yzpt/projects/carburant_gcp/dags/xml_parsing_DAG.py                           1           0  0.10s           2023-11-23T10:12:56
================================================================================
[2023-11-23T11:13:26.738+0100] {manager.py:887} INFO - 
================================================================================
DAG File Processing Stats

File Path                                                  PID    Runtime      # DAGs    # Errors  Last Runtime    Last Run
---------------------------------------------------------  -----  ---------  --------  ----------  --------------  -------------------
/home/yzpt/projects/carburant_gcp/dags/xml_parsing_DAG.py                           1           0  0.10s           2023-11-23T10:13:26
================================================================================
[2023-11-23T11:13:57.150+0100] {manager.py:887} INFO - 
================================================================================
DAG File Processing Stats

File Path                                                  PID    Runtime      # DAGs    # Errors  Last Runtime    Last Run
---------------------------------------------------------  -----  ---------  --------  ----------  --------------  -------------------
/home/yzpt/projects/carburant_gcp/dags/xml_parsing_DAG.py                           1           0  0.31s           2023-11-23T10:13:57
================================================================================
[2023-11-23T11:14:27.917+0100] {manager.py:887} INFO - 
================================================================================
DAG File Processing Stats

File Path                                                  PID    Runtime      # DAGs    # Errors  Last Runtime    Last Run
---------------------------------------------------------  -----  ---------  --------  ----------  --------------  -------------------
/home/yzpt/projects/carburant_gcp/dags/xml_parsing_DAG.py                           1           0  0.10s           2023-11-23T10:14:27
================================================================================
[2023-11-23T11:14:58.130+0100] {manager.py:887} INFO - 
================================================================================
DAG File Processing Stats

File Path                                                  PID    Runtime      # DAGs    # Errors  Last Runtime    Last Run
---------------------------------------------------------  -----  ---------  --------  ----------  --------------  -------------------
/home/yzpt/projects/carburant_gcp/dags/xml_parsing_DAG.py                           1           0  0.11s           2023-11-23T10:14:58
================================================================================
[2023-11-23T11:15:28.374+0100] {manager.py:887} INFO - 
================================================================================
DAG File Processing Stats

File Path                                                  PID    Runtime      # DAGs    # Errors  Last Runtime    Last Run
---------------------------------------------------------  -----  ---------  --------  ----------  --------------  -------------------
/home/yzpt/projects/carburant_gcp/dags/xml_parsing_DAG.py                           1           0  0.10s           2023-11-23T10:15:28
================================================================================
[2023-11-23T11:15:53.296+0100] {manager.py:755} INFO - Searching for files in /home/yzpt/projects/carburant_gcp/dags
[2023-11-23T11:15:53.298+0100] {manager.py:758} INFO - There are 1 files in /home/yzpt/projects/carburant_gcp/dags
[2023-11-23T11:15:58.576+0100] {manager.py:887} INFO - 
================================================================================
DAG File Processing Stats

File Path                                                  PID    Runtime      # DAGs    # Errors  Last Runtime    Last Run
---------------------------------------------------------  -----  ---------  --------  ----------  --------------  -------------------
/home/yzpt/projects/carburant_gcp/dags/xml_parsing_DAG.py                           1           0  0.10s           2023-11-23T10:15:58
================================================================================
[2023-11-23T11:16:29.329+0100] {manager.py:887} INFO - 
================================================================================
DAG File Processing Stats

File Path                                                  PID    Runtime      # DAGs    # Errors  Last Runtime    Last Run
---------------------------------------------------------  -----  ---------  --------  ----------  --------------  -------------------
/home/yzpt/projects/carburant_gcp/dags/xml_parsing_DAG.py                           1           0  0.10s           2023-11-23T10:16:29
================================================================================
[2023-11-23T11:16:59.555+0100] {manager.py:887} INFO - 
================================================================================
DAG File Processing Stats

File Path                                                  PID    Runtime      # DAGs    # Errors  Last Runtime    Last Run
---------------------------------------------------------  -----  ---------  --------  ----------  --------------  -------------------
/home/yzpt/projects/carburant_gcp/dags/xml_parsing_DAG.py                           1           0  0.10s           2023-11-23T10:16:59
================================================================================
[2023-11-23T11:17:30.039+0100] {manager.py:887} INFO - 
================================================================================
DAG File Processing Stats

File Path                                                  PID    Runtime      # DAGs    # Errors  Last Runtime    Last Run
---------------------------------------------------------  -----  ---------  --------  ----------  --------------  -------------------
/home/yzpt/projects/carburant_gcp/dags/xml_parsing_DAG.py                           1           0  0.10s           2023-11-23T10:17:30
================================================================================
[2023-11-23T11:18:00.404+0100] {manager.py:887} INFO - 
================================================================================
DAG File Processing Stats

File Path                                                  PID    Runtime      # DAGs    # Errors  Last Runtime    Last Run
---------------------------------------------------------  -----  ---------  --------  ----------  --------------  -------------------
/home/yzpt/projects/carburant_gcp/dags/xml_parsing_DAG.py                           1           0  0.10s           2023-11-23T10:18:00
================================================================================
[2023-11-23T11:18:30.951+0100] {manager.py:887} INFO - 
================================================================================
DAG File Processing Stats

File Path                                                  PID    Runtime      # DAGs    # Errors  Last Runtime    Last Run
---------------------------------------------------------  -----  ---------  --------  ----------  --------------  -------------------
/home/yzpt/projects/carburant_gcp/dags/xml_parsing_DAG.py                           1           0  0.10s           2023-11-23T10:18:30
================================================================================
[2023-11-23T11:19:01.252+0100] {manager.py:887} INFO - 
================================================================================
DAG File Processing Stats

File Path                                                  PID    Runtime      # DAGs    # Errors  Last Runtime    Last Run
---------------------------------------------------------  -----  ---------  --------  ----------  --------------  -------------------
/home/yzpt/projects/carburant_gcp/dags/xml_parsing_DAG.py                           1           0  0.10s           2023-11-23T10:19:01
================================================================================
[2023-11-23T11:19:31.780+0100] {manager.py:887} INFO - 
================================================================================
DAG File Processing Stats

File Path                                                  PID    Runtime      # DAGs    # Errors  Last Runtime    Last Run
---------------------------------------------------------  -----  ---------  --------  ----------  --------------  -------------------
/home/yzpt/projects/carburant_gcp/dags/xml_parsing_DAG.py                           1           0  0.10s           2023-11-23T10:19:31
================================================================================
[2023-11-23T11:20:02.019+0100] {manager.py:887} INFO - 
================================================================================
DAG File Processing Stats

File Path                                                  PID    Runtime      # DAGs    # Errors  Last Runtime    Last Run
---------------------------------------------------------  -----  ---------  --------  ----------  --------------  -------------------
/home/yzpt/projects/carburant_gcp/dags/xml_parsing_DAG.py                           1           0  0.10s           2023-11-23T10:20:02
================================================================================
[2023-11-23T11:20:32.526+0100] {manager.py:887} INFO - 
================================================================================
DAG File Processing Stats

File Path                                                  PID    Runtime      # DAGs    # Errors  Last Runtime    Last Run
---------------------------------------------------------  -----  ---------  --------  ----------  --------------  -------------------
/home/yzpt/projects/carburant_gcp/dags/xml_parsing_DAG.py                           1           0  0.21s           2023-11-23T10:20:32
================================================================================
[2023-11-23T11:20:53.343+0100] {manager.py:755} INFO - Searching for files in /home/yzpt/projects/carburant_gcp/dags
[2023-11-23T11:20:53.345+0100] {manager.py:758} INFO - There are 1 files in /home/yzpt/projects/carburant_gcp/dags
[2023-11-23T11:21:04.460+0100] {manager.py:887} INFO - 
================================================================================
DAG File Processing Stats

File Path                                                  PID    Runtime      # DAGs    # Errors  Last Runtime    Last Run
---------------------------------------------------------  -----  ---------  --------  ----------  --------------  -------------------
/home/yzpt/projects/carburant_gcp/dags/xml_parsing_DAG.py                           1           0  0.20s           2023-11-23T10:21:04
================================================================================
[2023-11-23T11:21:34.767+0100] {manager.py:887} INFO - 
================================================================================
DAG File Processing Stats

File Path                                                  PID    Runtime      # DAGs    # Errors  Last Runtime    Last Run
---------------------------------------------------------  -----  ---------  --------  ----------  --------------  -------------------
/home/yzpt/projects/carburant_gcp/dags/xml_parsing_DAG.py                           1           0  0.10s           2023-11-23T10:21:34
================================================================================
[2023-11-23T11:22:08.766+0100] {manager.py:887} INFO - 
================================================================================
DAG File Processing Stats

File Path                                                  PID    Runtime      # DAGs    # Errors  Last Runtime    Last Run
---------------------------------------------------------  -----  ---------  --------  ----------  --------------  -------------------
/home/yzpt/projects/carburant_gcp/dags/xml_parsing_DAG.py                           1           0  0.21s           2023-11-23T10:22:08
================================================================================
[2023-11-23T11:22:39.774+0100] {manager.py:887} INFO - 
================================================================================
DAG File Processing Stats

File Path                                                  PID    Runtime      # DAGs    # Errors  Last Runtime    Last Run
---------------------------------------------------------  -----  ---------  --------  ----------  --------------  -------------------
/home/yzpt/projects/carburant_gcp/dags/xml_parsing_DAG.py                           1           0  0.10s           2023-11-23T10:22:39
================================================================================
[2023-11-23T11:23:17.441+0100] {manager.py:887} INFO - 
================================================================================
DAG File Processing Stats

File Path                                                  PID    Runtime      # DAGs    # Errors  Last Runtime    Last Run
---------------------------------------------------------  -----  ---------  --------  ----------  --------------  -------------------
/home/yzpt/projects/carburant_gcp/dags/xml_parsing_DAG.py                           1           0  0.10s           2023-11-23T10:23:17
================================================================================
[2023-11-23T11:23:47.639+0100] {manager.py:887} INFO - 
================================================================================
DAG File Processing Stats

File Path                                                  PID    Runtime      # DAGs    # Errors  Last Runtime    Last Run
---------------------------------------------------------  -----  ---------  --------  ----------  --------------  -------------------
/home/yzpt/projects/carburant_gcp/dags/xml_parsing_DAG.py                           1           0  0.10s           2023-11-23T10:23:47
================================================================================
[2023-11-23T11:24:18.326+0100] {manager.py:887} INFO - 
================================================================================
DAG File Processing Stats

File Path                                                  PID    Runtime      # DAGs    # Errors  Last Runtime    Last Run
---------------------------------------------------------  -----  ---------  --------  ----------  --------------  -------------------
/home/yzpt/projects/carburant_gcp/dags/xml_parsing_DAG.py                           1           0  0.20s           2023-11-23T10:24:18
================================================================================
[2023-11-23T11:24:49.359+0100] {manager.py:887} INFO - 
================================================================================
DAG File Processing Stats

File Path                                                  PID    Runtime      # DAGs    # Errors  Last Runtime    Last Run
---------------------------------------------------------  -----  ---------  --------  ----------  --------------  -------------------
/home/yzpt/projects/carburant_gcp/dags/xml_parsing_DAG.py                           1           0  0.10s           2023-11-23T10:24:49
================================================================================
[2023-11-23T11:25:19.965+0100] {manager.py:887} INFO - 
================================================================================
DAG File Processing Stats

File Path                                                  PID    Runtime      # DAGs    # Errors  Last Runtime    Last Run
---------------------------------------------------------  -----  ---------  --------  ----------  --------------  -------------------
/home/yzpt/projects/carburant_gcp/dags/xml_parsing_DAG.py                           1           0  0.20s           2023-11-23T10:25:19
================================================================================
[2023-11-23T11:25:50.143+0100] {manager.py:887} INFO - 
================================================================================
DAG File Processing Stats

File Path                                                  PID    Runtime      # DAGs    # Errors  Last Runtime    Last Run
---------------------------------------------------------  -----  ---------  --------  ----------  --------------  -------------------
/home/yzpt/projects/carburant_gcp/dags/xml_parsing_DAG.py                           1           0  0.10s           2023-11-23T10:25:50
================================================================================
[2023-11-23T11:25:53.386+0100] {manager.py:755} INFO - Searching for files in /home/yzpt/projects/carburant_gcp/dags
[2023-11-23T11:25:53.388+0100] {manager.py:758} INFO - There are 1 files in /home/yzpt/projects/carburant_gcp/dags
[2023-11-23T11:26:21.031+0100] {manager.py:887} INFO - 
================================================================================
DAG File Processing Stats

File Path                                                  PID    Runtime      # DAGs    # Errors  Last Runtime    Last Run
---------------------------------------------------------  -----  ---------  --------  ----------  --------------  -------------------
/home/yzpt/projects/carburant_gcp/dags/xml_parsing_DAG.py                           1           0  0.20s           2023-11-23T10:26:21
================================================================================
[2023-11-23T11:26:51.382+0100] {manager.py:887} INFO - 
================================================================================
DAG File Processing Stats

File Path                                                  PID    Runtime      # DAGs    # Errors  Last Runtime    Last Run
---------------------------------------------------------  -----  ---------  --------  ----------  --------------  -------------------
/home/yzpt/projects/carburant_gcp/dags/xml_parsing_DAG.py                           1           0  0.10s           2023-11-23T10:26:51
================================================================================
[2023-11-23T11:27:22.510+0100] {manager.py:887} INFO - 
================================================================================
DAG File Processing Stats

File Path                                                  PID    Runtime      # DAGs    # Errors  Last Runtime    Last Run
---------------------------------------------------------  -----  ---------  --------  ----------  --------------  -------------------
/home/yzpt/projects/carburant_gcp/dags/xml_parsing_DAG.py                           1           0  0.20s           2023-11-23T10:27:22
================================================================================
[2023-11-23T11:27:52.736+0100] {manager.py:887} INFO - 
================================================================================
DAG File Processing Stats

File Path                                                  PID    Runtime      # DAGs    # Errors  Last Runtime    Last Run
---------------------------------------------------------  -----  ---------  --------  ----------  --------------  -------------------
/home/yzpt/projects/carburant_gcp/dags/xml_parsing_DAG.py                           1           0  0.10s           2023-11-23T10:27:52
================================================================================
[2023-11-23T11:28:23.233+0100] {manager.py:887} INFO - 
================================================================================
DAG File Processing Stats

File Path                                                  PID    Runtime      # DAGs    # Errors  Last Runtime    Last Run
---------------------------------------------------------  -----  ---------  --------  ----------  --------------  -------------------
/home/yzpt/projects/carburant_gcp/dags/xml_parsing_DAG.py                           1           0  0.20s           2023-11-23T10:28:23
================================================================================
[2023-11-23T11:28:53.366+0100] {manager.py:887} INFO - 
================================================================================
DAG File Processing Stats

File Path                                                  PID    Runtime      # DAGs    # Errors  Last Runtime    Last Run
---------------------------------------------------------  -----  ---------  --------  ----------  --------------  -------------------
/home/yzpt/projects/carburant_gcp/dags/xml_parsing_DAG.py                           1           0  0.11s           2023-11-23T10:28:53
================================================================================
[2023-11-23T11:29:24.084+0100] {manager.py:887} INFO - 
================================================================================
DAG File Processing Stats

File Path                                                  PID    Runtime      # DAGs    # Errors  Last Runtime    Last Run
---------------------------------------------------------  -----  ---------  --------  ----------  --------------  -------------------
/home/yzpt/projects/carburant_gcp/dags/xml_parsing_DAG.py                           1           0  0.10s           2023-11-23T10:29:24
================================================================================
[2023-11-23T11:29:55.220+0100] {manager.py:887} INFO - 
================================================================================
DAG File Processing Stats

File Path                                                  PID    Runtime      # DAGs    # Errors  Last Runtime    Last Run
---------------------------------------------------------  -----  ---------  --------  ----------  --------------  -------------------
/home/yzpt/projects/carburant_gcp/dags/xml_parsing_DAG.py                           1           0  0.10s           2023-11-23T10:29:55
================================================================================
[2023-11-23T11:30:26.187+0100] {manager.py:887} INFO - 
================================================================================
DAG File Processing Stats

File Path                                                  PID    Runtime      # DAGs    # Errors  Last Runtime    Last Run
---------------------------------------------------------  -----  ---------  --------  ----------  --------------  -------------------
/home/yzpt/projects/carburant_gcp/dags/xml_parsing_DAG.py                           1           0  0.10s           2023-11-23T10:30:26
================================================================================
[2023-11-23T11:30:53.428+0100] {manager.py:755} INFO - Searching for files in /home/yzpt/projects/carburant_gcp/dags
[2023-11-23T11:30:53.430+0100] {manager.py:758} INFO - There are 1 files in /home/yzpt/projects/carburant_gcp/dags
[2023-11-23T11:30:56.406+0100] {manager.py:887} INFO - 
================================================================================
DAG File Processing Stats

File Path                                                  PID    Runtime      # DAGs    # Errors  Last Runtime    Last Run
---------------------------------------------------------  -----  ---------  --------  ----------  --------------  -------------------
/home/yzpt/projects/carburant_gcp/dags/xml_parsing_DAG.py                           1           0  0.10s           2023-11-23T10:30:56
================================================================================
[2023-11-23T11:31:27.436+0100] {manager.py:887} INFO - 
================================================================================
DAG File Processing Stats

File Path                                                  PID    Runtime      # DAGs    # Errors  Last Runtime    Last Run
---------------------------------------------------------  -----  ---------  --------  ----------  --------------  -------------------
/home/yzpt/projects/carburant_gcp/dags/xml_parsing_DAG.py                           1           0  0.10s           2023-11-23T10:31:27
================================================================================
[2023-11-23T11:31:57.664+0100] {manager.py:887} INFO - 
================================================================================
DAG File Processing Stats

File Path                                                  PID    Runtime      # DAGs    # Errors  Last Runtime    Last Run
---------------------------------------------------------  -----  ---------  --------  ----------  --------------  -------------------
/home/yzpt/projects/carburant_gcp/dags/xml_parsing_DAG.py                           1           0  0.10s           2023-11-23T10:31:57
================================================================================
[2023-11-23T11:32:28.064+0100] {manager.py:887} INFO - 
================================================================================
DAG File Processing Stats

File Path                                                  PID    Runtime      # DAGs    # Errors  Last Runtime    Last Run
---------------------------------------------------------  -----  ---------  --------  ----------  --------------  -------------------
/home/yzpt/projects/carburant_gcp/dags/xml_parsing_DAG.py                           1           0  0.10s           2023-11-23T10:32:28
================================================================================
[2023-11-23T11:32:58.281+0100] {manager.py:887} INFO - 
================================================================================
DAG File Processing Stats

File Path                                                  PID    Runtime      # DAGs    # Errors  Last Runtime    Last Run
---------------------------------------------------------  -----  ---------  --------  ----------  --------------  -------------------
/home/yzpt/projects/carburant_gcp/dags/xml_parsing_DAG.py                           1           0  0.10s           2023-11-23T10:32:58
================================================================================
[2023-11-23T11:33:28.601+0100] {manager.py:887} INFO - 
================================================================================
DAG File Processing Stats

File Path                                                  PID    Runtime      # DAGs    # Errors  Last Runtime    Last Run
---------------------------------------------------------  -----  ---------  --------  ----------  --------------  -------------------
/home/yzpt/projects/carburant_gcp/dags/xml_parsing_DAG.py                           1           0  0.10s           2023-11-23T10:33:28
================================================================================
[2023-11-23T11:33:58.800+0100] {manager.py:887} INFO - 
================================================================================
DAG File Processing Stats

File Path                                                  PID    Runtime      # DAGs    # Errors  Last Runtime    Last Run
---------------------------------------------------------  -----  ---------  --------  ----------  --------------  -------------------
/home/yzpt/projects/carburant_gcp/dags/xml_parsing_DAG.py                           1           0  0.10s           2023-11-23T10:33:58
================================================================================
[2023-11-23T11:34:29.688+0100] {manager.py:887} INFO - 
================================================================================
DAG File Processing Stats

File Path                                                  PID    Runtime      # DAGs    # Errors  Last Runtime    Last Run
---------------------------------------------------------  -----  ---------  --------  ----------  --------------  -------------------
/home/yzpt/projects/carburant_gcp/dags/xml_parsing_DAG.py                           1           0  0.11s           2023-11-23T10:34:29
================================================================================
[2023-11-23T11:35:00.021+0100] {manager.py:887} INFO - 
================================================================================
DAG File Processing Stats

File Path                                                  PID    Runtime      # DAGs    # Errors  Last Runtime    Last Run
---------------------------------------------------------  -----  ---------  --------  ----------  --------------  -------------------
/home/yzpt/projects/carburant_gcp/dags/xml_parsing_DAG.py                           1           0  0.10s           2023-11-23T10:35:00
================================================================================
[2023-11-23T11:35:30.718+0100] {manager.py:887} INFO - 
================================================================================
DAG File Processing Stats

File Path                                                  PID    Runtime      # DAGs    # Errors  Last Runtime    Last Run
---------------------------------------------------------  -----  ---------  --------  ----------  --------------  -------------------
/home/yzpt/projects/carburant_gcp/dags/xml_parsing_DAG.py                           1           0  0.10s           2023-11-23T10:35:30
================================================================================
[2023-11-23T11:35:53.475+0100] {manager.py:755} INFO - Searching for files in /home/yzpt/projects/carburant_gcp/dags
[2023-11-23T11:35:53.477+0100] {manager.py:758} INFO - There are 1 files in /home/yzpt/projects/carburant_gcp/dags
[2023-11-23T11:36:00.929+0100] {manager.py:887} INFO - 
================================================================================
DAG File Processing Stats

File Path                                                  PID    Runtime      # DAGs    # Errors  Last Runtime    Last Run
---------------------------------------------------------  -----  ---------  --------  ----------  --------------  -------------------
/home/yzpt/projects/carburant_gcp/dags/xml_parsing_DAG.py                           1           0  0.11s           2023-11-23T10:36:00
================================================================================
[2023-11-23T11:36:31.575+0100] {manager.py:887} INFO - 
================================================================================
DAG File Processing Stats

File Path                                                  PID    Runtime      # DAGs    # Errors  Last Runtime    Last Run
---------------------------------------------------------  -----  ---------  --------  ----------  --------------  -------------------
/home/yzpt/projects/carburant_gcp/dags/xml_parsing_DAG.py                           1           0  0.10s           2023-11-23T10:36:31
================================================================================
[2023-11-23T11:37:01.936+0100] {manager.py:887} INFO - 
================================================================================
DAG File Processing Stats

File Path                                                  PID    Runtime      # DAGs    # Errors  Last Runtime    Last Run
---------------------------------------------------------  -----  ---------  --------  ----------  --------------  -------------------
/home/yzpt/projects/carburant_gcp/dags/xml_parsing_DAG.py                           1           0  0.10s           2023-11-23T10:37:01
================================================================================
[2023-11-23T11:37:32.711+0100] {manager.py:887} INFO - 
================================================================================
DAG File Processing Stats

File Path                                                  PID    Runtime      # DAGs    # Errors  Last Runtime    Last Run
---------------------------------------------------------  -----  ---------  --------  ----------  --------------  -------------------
/home/yzpt/projects/carburant_gcp/dags/xml_parsing_DAG.py                           1           0  0.21s           2023-11-23T10:37:32
================================================================================
[2023-11-23T11:38:04.772+0100] {manager.py:887} INFO - 
================================================================================
DAG File Processing Stats

File Path                                                  PID    Runtime      # DAGs    # Errors  Last Runtime    Last Run
---------------------------------------------------------  -----  ---------  --------  ----------  --------------  -------------------
/home/yzpt/projects/carburant_gcp/dags/xml_parsing_DAG.py                           1           0  0.20s           2023-11-23T10:38:04
================================================================================
[2023-11-23T11:38:35.051+0100] {manager.py:887} INFO - 
================================================================================
DAG File Processing Stats

File Path                                                  PID    Runtime      # DAGs    # Errors  Last Runtime    Last Run
---------------------------------------------------------  -----  ---------  --------  ----------  --------------  -------------------
/home/yzpt/projects/carburant_gcp/dags/xml_parsing_DAG.py                           1           0  0.10s           2023-11-23T10:38:35
================================================================================
[2023-11-23T11:39:05.253+0100] {manager.py:887} INFO - 
================================================================================
DAG File Processing Stats

File Path                                                  PID    Runtime      # DAGs    # Errors  Last Runtime    Last Run
---------------------------------------------------------  -----  ---------  --------  ----------  --------------  -------------------
/home/yzpt/projects/carburant_gcp/dags/xml_parsing_DAG.py                           1           0  0.11s           2023-11-23T10:39:05
================================================================================
[2023-11-23T11:39:35.480+0100] {manager.py:887} INFO - 
================================================================================
DAG File Processing Stats

File Path                                                  PID    Runtime      # DAGs    # Errors  Last Runtime    Last Run
---------------------------------------------------------  -----  ---------  --------  ----------  --------------  -------------------
/home/yzpt/projects/carburant_gcp/dags/xml_parsing_DAG.py                           1           0  0.10s           2023-11-23T10:39:35
================================================================================
[2023-11-23T11:40:05.741+0100] {manager.py:887} INFO - 
================================================================================
DAG File Processing Stats

File Path                                                  PID    Runtime      # DAGs    # Errors  Last Runtime    Last Run
---------------------------------------------------------  -----  ---------  --------  ----------  --------------  -------------------
/home/yzpt/projects/carburant_gcp/dags/xml_parsing_DAG.py                           1           0  0.10s           2023-11-23T10:40:05
================================================================================
[2023-11-23T11:40:36.036+0100] {manager.py:887} INFO - 
================================================================================
DAG File Processing Stats

File Path                                                  PID    Runtime      # DAGs    # Errors  Last Runtime    Last Run
---------------------------------------------------------  -----  ---------  --------  ----------  --------------  -------------------
/home/yzpt/projects/carburant_gcp/dags/xml_parsing_DAG.py                           1           0  0.11s           2023-11-23T10:40:36
================================================================================
[2023-11-23T11:40:53.518+0100] {manager.py:755} INFO - Searching for files in /home/yzpt/projects/carburant_gcp/dags
[2023-11-23T11:40:53.519+0100] {manager.py:758} INFO - There are 1 files in /home/yzpt/projects/carburant_gcp/dags
[2023-11-23T11:41:06.263+0100] {manager.py:887} INFO - 
================================================================================
DAG File Processing Stats

File Path                                                  PID    Runtime      # DAGs    # Errors  Last Runtime    Last Run
---------------------------------------------------------  -----  ---------  --------  ----------  --------------  -------------------
/home/yzpt/projects/carburant_gcp/dags/xml_parsing_DAG.py                           1           0  0.10s           2023-11-23T10:41:06
================================================================================
[2023-11-23T11:41:36.503+0100] {manager.py:887} INFO - 
================================================================================
DAG File Processing Stats

File Path                                                  PID    Runtime      # DAGs    # Errors  Last Runtime    Last Run
---------------------------------------------------------  -----  ---------  --------  ----------  --------------  -------------------
/home/yzpt/projects/carburant_gcp/dags/xml_parsing_DAG.py                           1           0  0.10s           2023-11-23T10:41:36
================================================================================
[2023-11-23T11:42:06.742+0100] {manager.py:887} INFO - 
================================================================================
DAG File Processing Stats

File Path                                                  PID    Runtime      # DAGs    # Errors  Last Runtime    Last Run
---------------------------------------------------------  -----  ---------  --------  ----------  --------------  -------------------
/home/yzpt/projects/carburant_gcp/dags/xml_parsing_DAG.py                           1           0  0.10s           2023-11-23T10:42:06
================================================================================
[2023-11-23T11:42:37.067+0100] {manager.py:887} INFO - 
================================================================================
DAG File Processing Stats

File Path                                                  PID    Runtime      # DAGs    # Errors  Last Runtime    Last Run
---------------------------------------------------------  -----  ---------  --------  ----------  --------------  -------------------
/home/yzpt/projects/carburant_gcp/dags/xml_parsing_DAG.py                           1           0  0.21s           2023-11-23T10:42:37
================================================================================
[2023-11-23T11:43:07.196+0100] {manager.py:887} INFO - 
================================================================================
DAG File Processing Stats

File Path                                                  PID    Runtime      # DAGs    # Errors  Last Runtime    Last Run
---------------------------------------------------------  -----  ---------  --------  ----------  --------------  -------------------
/home/yzpt/projects/carburant_gcp/dags/xml_parsing_DAG.py                           1           0  0.10s           2023-11-23T10:43:07
================================================================================
[2023-11-23T11:43:37.546+0100] {manager.py:887} INFO - 
================================================================================
DAG File Processing Stats

File Path                                                  PID    Runtime      # DAGs    # Errors  Last Runtime    Last Run
---------------------------------------------------------  -----  ---------  --------  ----------  --------------  -------------------
/home/yzpt/projects/carburant_gcp/dags/xml_parsing_DAG.py                           1           0  0.20s           2023-11-23T10:43:37
================================================================================
[2023-11-23T11:44:07.734+0100] {manager.py:887} INFO - 
================================================================================
DAG File Processing Stats

File Path                                                  PID    Runtime      # DAGs    # Errors  Last Runtime    Last Run
---------------------------------------------------------  -----  ---------  --------  ----------  --------------  -------------------
/home/yzpt/projects/carburant_gcp/dags/xml_parsing_DAG.py                           1           0  0.10s           2023-11-23T10:44:07
================================================================================
[2023-11-23T11:44:38.028+0100] {manager.py:887} INFO - 
================================================================================
DAG File Processing Stats

File Path                                                  PID    Runtime      # DAGs    # Errors  Last Runtime    Last Run
---------------------------------------------------------  -----  ---------  --------  ----------  --------------  -------------------
/home/yzpt/projects/carburant_gcp/dags/xml_parsing_DAG.py                           1           0  0.11s           2023-11-23T10:44:38
================================================================================
[2023-11-23T11:45:08.240+0100] {manager.py:887} INFO - 
================================================================================
DAG File Processing Stats

File Path                                                  PID    Runtime      # DAGs    # Errors  Last Runtime    Last Run
---------------------------------------------------------  -----  ---------  --------  ----------  --------------  -------------------
/home/yzpt/projects/carburant_gcp/dags/xml_parsing_DAG.py                           1           0  0.10s           2023-11-23T10:45:08
================================================================================
[2023-11-23T11:45:38.438+0100] {manager.py:887} INFO - 
================================================================================
DAG File Processing Stats

File Path                                                  PID    Runtime      # DAGs    # Errors  Last Runtime    Last Run
---------------------------------------------------------  -----  ---------  --------  ----------  --------------  -------------------
/home/yzpt/projects/carburant_gcp/dags/xml_parsing_DAG.py                           1           0  0.10s           2023-11-23T10:45:38
================================================================================
[2023-11-23T11:45:53.524+0100] {manager.py:755} INFO - Searching for files in /home/yzpt/projects/carburant_gcp/dags
[2023-11-23T11:45:53.526+0100] {manager.py:758} INFO - There are 1 files in /home/yzpt/projects/carburant_gcp/dags
[2023-11-23T11:46:08.763+0100] {manager.py:887} INFO - 
================================================================================
DAG File Processing Stats

File Path                                                  PID    Runtime      # DAGs    # Errors  Last Runtime    Last Run
---------------------------------------------------------  -----  ---------  --------  ----------  --------------  -------------------
/home/yzpt/projects/carburant_gcp/dags/xml_parsing_DAG.py                           1           0  0.20s           2023-11-23T10:46:08
================================================================================
[2023-11-23T11:46:39.087+0100] {manager.py:887} INFO - 
================================================================================
DAG File Processing Stats

File Path                                                  PID    Runtime      # DAGs    # Errors  Last Runtime    Last Run
---------------------------------------------------------  -----  ---------  --------  ----------  --------------  -------------------
/home/yzpt/projects/carburant_gcp/dags/xml_parsing_DAG.py                           1           0  0.21s           2023-11-23T10:46:39
================================================================================
[2023-11-23T11:47:09.305+0100] {manager.py:887} INFO - 
================================================================================
DAG File Processing Stats

File Path                                                  PID    Runtime      # DAGs    # Errors  Last Runtime    Last Run
---------------------------------------------------------  -----  ---------  --------  ----------  --------------  -------------------
/home/yzpt/projects/carburant_gcp/dags/xml_parsing_DAG.py                           1           0  0.10s           2023-11-23T10:47:09
================================================================================
[2023-11-23T11:47:39.620+0100] {manager.py:887} INFO - 
================================================================================
DAG File Processing Stats

File Path                                                  PID    Runtime      # DAGs    # Errors  Last Runtime    Last Run
---------------------------------------------------------  -----  ---------  --------  ----------  --------------  -------------------
/home/yzpt/projects/carburant_gcp/dags/xml_parsing_DAG.py                           1           0  0.20s           2023-11-23T10:47:39
================================================================================
[2023-11-23T11:48:09.931+0100] {manager.py:887} INFO - 
================================================================================
DAG File Processing Stats

File Path                                                  PID    Runtime      # DAGs    # Errors  Last Runtime    Last Run
---------------------------------------------------------  -----  ---------  --------  ----------  --------------  -------------------
/home/yzpt/projects/carburant_gcp/dags/xml_parsing_DAG.py                           1           0  0.21s           2023-11-23T10:48:09
================================================================================
[2023-11-23T11:48:42.772+0100] {manager.py:887} INFO - 
================================================================================
DAG File Processing Stats

File Path                                                  PID    Runtime      # DAGs    # Errors  Last Runtime    Last Run
---------------------------------------------------------  -----  ---------  --------  ----------  --------------  -------------------
/home/yzpt/projects/carburant_gcp/dags/xml_parsing_DAG.py                           1           0  0.11s           2023-11-23T10:48:42
================================================================================
[2023-11-23T11:49:13.150+0100] {manager.py:887} INFO - 
================================================================================
DAG File Processing Stats

File Path                                                  PID    Runtime      # DAGs    # Errors  Last Runtime    Last Run
---------------------------------------------------------  -----  ---------  --------  ----------  --------------  -------------------
/home/yzpt/projects/carburant_gcp/dags/xml_parsing_DAG.py                           1           0  0.21s           2023-11-23T10:49:13
================================================================================
[2023-11-23T11:49:43.324+0100] {manager.py:887} INFO - 
================================================================================
DAG File Processing Stats

File Path                                                  PID    Runtime      # DAGs    # Errors  Last Runtime    Last Run
---------------------------------------------------------  -----  ---------  --------  ----------  --------------  -------------------
/home/yzpt/projects/carburant_gcp/dags/xml_parsing_DAG.py                           1           0  0.11s           2023-11-23T10:49:43
================================================================================
[2023-11-23T11:50:15.295+0100] {manager.py:887} INFO - 
================================================================================
DAG File Processing Stats

File Path                                                  PID    Runtime      # DAGs    # Errors  Last Runtime    Last Run
---------------------------------------------------------  -----  ---------  --------  ----------  --------------  -------------------
/home/yzpt/projects/carburant_gcp/dags/xml_parsing_DAG.py                           1           0  0.20s           2023-11-23T10:50:15
================================================================================
[2023-11-23T11:50:45.619+0100] {manager.py:887} INFO - 
================================================================================
DAG File Processing Stats

File Path                                                  PID    Runtime      # DAGs    # Errors  Last Runtime    Last Run
---------------------------------------------------------  -----  ---------  --------  ----------  --------------  -------------------
/home/yzpt/projects/carburant_gcp/dags/xml_parsing_DAG.py                           1           0  0.20s           2023-11-23T10:50:45
================================================================================
[2023-11-23T11:50:53.571+0100] {manager.py:755} INFO - Searching for files in /home/yzpt/projects/carburant_gcp/dags
[2023-11-23T11:50:53.573+0100] {manager.py:758} INFO - There are 1 files in /home/yzpt/projects/carburant_gcp/dags
[2023-11-23T11:51:15.838+0100] {manager.py:887} INFO - 
================================================================================
DAG File Processing Stats

File Path                                                  PID    Runtime      # DAGs    # Errors  Last Runtime    Last Run
---------------------------------------------------------  -----  ---------  --------  ----------  --------------  -------------------
/home/yzpt/projects/carburant_gcp/dags/xml_parsing_DAG.py                           1           0  0.11s           2023-11-23T10:51:15
================================================================================
[2023-11-23T11:51:46.173+0100] {manager.py:887} INFO - 
================================================================================
DAG File Processing Stats

File Path                                                  PID    Runtime      # DAGs    # Errors  Last Runtime    Last Run
---------------------------------------------------------  -----  ---------  --------  ----------  --------------  -------------------
/home/yzpt/projects/carburant_gcp/dags/xml_parsing_DAG.py                           1           0  0.20s           2023-11-23T10:51:46
================================================================================
[2023-11-23T11:52:16.404+0100] {manager.py:887} INFO - 
================================================================================
DAG File Processing Stats

File Path                                                  PID    Runtime      # DAGs    # Errors  Last Runtime    Last Run
---------------------------------------------------------  -----  ---------  --------  ----------  --------------  -------------------
/home/yzpt/projects/carburant_gcp/dags/xml_parsing_DAG.py                           1           0  0.10s           2023-11-23T10:52:16
================================================================================
[2023-11-23T11:52:46.720+0100] {manager.py:887} INFO - 
================================================================================
DAG File Processing Stats

File Path                                                  PID    Runtime      # DAGs    # Errors  Last Runtime    Last Run
---------------------------------------------------------  -----  ---------  --------  ----------  --------------  -------------------
/home/yzpt/projects/carburant_gcp/dags/xml_parsing_DAG.py                           1           0  0.21s           2023-11-23T10:52:46
================================================================================
[2023-11-23T11:53:16.848+0100] {manager.py:887} INFO - 
================================================================================
DAG File Processing Stats

File Path                                                  PID    Runtime      # DAGs    # Errors  Last Runtime    Last Run
---------------------------------------------------------  -----  ---------  --------  ----------  --------------  -------------------
/home/yzpt/projects/carburant_gcp/dags/xml_parsing_DAG.py                           1           0  0.10s           2023-11-23T10:53:16
================================================================================
[2023-11-23T11:53:47.043+0100] {manager.py:887} INFO - 
================================================================================
DAG File Processing Stats

File Path                                                  PID    Runtime      # DAGs    # Errors  Last Runtime    Last Run
---------------------------------------------------------  -----  ---------  --------  ----------  --------------  -------------------
/home/yzpt/projects/carburant_gcp/dags/xml_parsing_DAG.py                           1           0  0.10s           2023-11-23T10:53:47
================================================================================
[2023-11-23T11:54:17.222+0100] {manager.py:887} INFO - 
================================================================================
DAG File Processing Stats

File Path                                                  PID    Runtime      # DAGs    # Errors  Last Runtime    Last Run
---------------------------------------------------------  -----  ---------  --------  ----------  --------------  -------------------
/home/yzpt/projects/carburant_gcp/dags/xml_parsing_DAG.py                           1           0  0.10s           2023-11-23T10:54:17
================================================================================
[2023-11-23T11:54:47.415+0100] {manager.py:887} INFO - 
================================================================================
DAG File Processing Stats

File Path                                                  PID    Runtime      # DAGs    # Errors  Last Runtime    Last Run
---------------------------------------------------------  -----  ---------  --------  ----------  --------------  -------------------
/home/yzpt/projects/carburant_gcp/dags/xml_parsing_DAG.py                           1           0  0.11s           2023-11-23T10:54:47
================================================================================
[2023-11-23T11:55:17.638+0100] {manager.py:887} INFO - 
================================================================================
DAG File Processing Stats

File Path                                                  PID    Runtime      # DAGs    # Errors  Last Runtime    Last Run
---------------------------------------------------------  -----  ---------  --------  ----------  --------------  -------------------
/home/yzpt/projects/carburant_gcp/dags/xml_parsing_DAG.py                           1           0  0.11s           2023-11-23T10:55:17
================================================================================
[2023-11-23T11:55:47.848+0100] {manager.py:887} INFO - 
================================================================================
DAG File Processing Stats

File Path                                                  PID    Runtime      # DAGs    # Errors  Last Runtime    Last Run
---------------------------------------------------------  -----  ---------  --------  ----------  --------------  -------------------
/home/yzpt/projects/carburant_gcp/dags/xml_parsing_DAG.py                           1           0  0.10s           2023-11-23T10:55:47
================================================================================
[2023-11-23T11:55:53.629+0100] {manager.py:755} INFO - Searching for files in /home/yzpt/projects/carburant_gcp/dags
[2023-11-23T11:55:53.630+0100] {manager.py:758} INFO - There are 1 files in /home/yzpt/projects/carburant_gcp/dags
[2023-11-23T11:56:18.048+0100] {manager.py:887} INFO - 
================================================================================
DAG File Processing Stats

File Path                                                  PID    Runtime      # DAGs    # Errors  Last Runtime    Last Run
---------------------------------------------------------  -----  ---------  --------  ----------  --------------  -------------------
/home/yzpt/projects/carburant_gcp/dags/xml_parsing_DAG.py                           1           0  0.10s           2023-11-23T10:56:18
================================================================================
[2023-11-23T11:56:48.246+0100] {manager.py:887} INFO - 
================================================================================
DAG File Processing Stats

File Path                                                  PID    Runtime      # DAGs    # Errors  Last Runtime    Last Run
---------------------------------------------------------  -----  ---------  --------  ----------  --------------  -------------------
/home/yzpt/projects/carburant_gcp/dags/xml_parsing_DAG.py                           1           0  0.10s           2023-11-23T10:56:48
================================================================================
[2023-11-23T11:57:18.451+0100] {manager.py:887} INFO - 
================================================================================
DAG File Processing Stats

File Path                                                  PID    Runtime      # DAGs    # Errors  Last Runtime    Last Run
---------------------------------------------------------  -----  ---------  --------  ----------  --------------  -------------------
/home/yzpt/projects/carburant_gcp/dags/xml_parsing_DAG.py                           1           0  0.11s           2023-11-23T10:57:18
================================================================================
[2023-11-23T11:57:48.655+0100] {manager.py:887} INFO - 
================================================================================
DAG File Processing Stats

File Path                                                  PID    Runtime      # DAGs    # Errors  Last Runtime    Last Run
---------------------------------------------------------  -----  ---------  --------  ----------  --------------  -------------------
/home/yzpt/projects/carburant_gcp/dags/xml_parsing_DAG.py                           1           0  0.10s           2023-11-23T10:57:48
================================================================================
[2023-11-23T11:58:05.548+0100] {manager.py:469} INFO - Exiting gracefully upon receiving signal 15
