[2023-11-24T09:45:33.395+0100] {taskinstance.py:1159} INFO - Dependencies all met for dep_context=non-requeueable deps ti=<TaskInstance: xml_parsing.db_insert manual__2023-11-24T08:45:22.382354+00:00 [queued]>
[2023-11-24T09:45:33.405+0100] {taskinstance.py:1159} INFO - Dependencies all met for dep_context=requeueable deps ti=<TaskInstance: xml_parsing.db_insert manual__2023-11-24T08:45:22.382354+00:00 [queued]>
[2023-11-24T09:45:33.405+0100] {taskinstance.py:1361} INFO - Starting attempt 1 of 6
[2023-11-24T09:45:33.466+0100] {taskinstance.py:1382} INFO - Executing <Task(PythonOperator): db_insert> on 2023-11-24 08:45:22.382354+00:00
[2023-11-24T09:45:33.469+0100] {standard_task_runner.py:57} INFO - Started process 22917 to run task
[2023-11-24T09:45:33.472+0100] {standard_task_runner.py:84} INFO - Running: ['airflow', 'tasks', 'run', 'xml_parsing', 'db_insert', 'manual__2023-11-24T08:45:22.382354+00:00', '--job-id', '27', '--raw', '--subdir', 'DAGS_FOLDER/xml_parsing_DAG.py', '--cfg-path', '/tmp/tmpsjb3pb7h']
[2023-11-24T09:45:33.473+0100] {standard_task_runner.py:85} INFO - Job 27: Subtask db_insert
[2023-11-24T09:45:33.535+0100] {task_command.py:416} INFO - Running <TaskInstance: xml_parsing.db_insert manual__2023-11-24T08:45:22.382354+00:00 [running]> on host yzpt-Lenovo-ideapad-320S-14IKB
[2023-11-24T09:45:34.625+0100] {taskinstance.py:1662} INFO - Exporting env vars: AIRFLOW_CTX_DAG_OWNER='admin' AIRFLOW_CTX_DAG_ID='xml_parsing' AIRFLOW_CTX_TASK_ID='db_insert' AIRFLOW_CTX_EXECUTION_DATE='2023-11-24T08:45:22.382354+00:00' AIRFLOW_CTX_TRY_NUMBER='1' AIRFLOW_CTX_DAG_RUN_ID='manual__2023-11-24T08:45:22.382354+00:00'
[2023-11-24T09:45:35.674+0100] {xml_parsing.py:50} INFO - Connected to database successfully.
[2023-11-24T09:45:35.674+0100] {xml_parsing.py:53} INFO - Loading ...
[2023-11-24T09:45:35.680+0100] {logging_mixin.py:151} INFO - -------------------
[2023-11-24T09:45:35.681+0100] {logging_mixin.py:151} INFO - 59550001 Boulevard des Résistants LANDRECIES
[2023-11-24T09:45:35.681+0100] {logging_mixin.py:151} INFO - -------------------
[2023-11-24T09:45:35.683+0100] {logging_mixin.py:151} INFO - -------------------
[2023-11-24T09:45:35.684+0100] {logging_mixin.py:151} INFO - 54300001 6 rue tuilier Moncel-lès-Lunéville
[2023-11-24T09:45:35.684+0100] {logging_mixin.py:151} INFO - -------------------
[2023-11-24T09:45:35.685+0100] {logging_mixin.py:151} INFO - -------------------
[2023-11-24T09:45:35.685+0100] {logging_mixin.py:151} INFO - 45450003 69 rue de l'enfer fay aux loges
[2023-11-24T09:45:35.686+0100] {logging_mixin.py:151} INFO - -------------------
[2023-11-24T09:45:35.704+0100] {xml_parsing.py:96} INFO - Data inserted successfully.
[2023-11-24T09:45:35.704+0100] {xml_parsing.py:99} INFO - Connection closed.
[2023-11-24T09:45:35.774+0100] {python.py:194} INFO - Done. Returned value was: None
[2023-11-24T09:45:35.791+0100] {taskinstance.py:1400} INFO - Marking task as SUCCESS. dag_id=xml_parsing, task_id=db_insert, execution_date=20231124T084522, start_date=20231124T084533, end_date=20231124T084535
[2023-11-24T09:45:35.891+0100] {local_task_job_runner.py:228} INFO - Task exited with return code 0
[2023-11-24T09:45:35.945+0100] {taskinstance.py:2778} INFO - 0 downstream tasks scheduled from follow-on schedule check
