[2023-11-21T09:25:23.791+0100] {processor.py:157} INFO - Started process (PID=7869) to work on /home/yzpt/projects/carburant_gcp/venv/lib/python3.10/site-packages/airflow/example_dags/example_setup_teardown_taskflow.py
[2023-11-21T09:25:23.792+0100] {processor.py:829} INFO - Processing file /home/yzpt/projects/carburant_gcp/venv/lib/python3.10/site-packages/airflow/example_dags/example_setup_teardown_taskflow.py for tasks to queue
[2023-11-21T09:25:23.793+0100] {logging_mixin.py:151} INFO - [2023-11-21T09:25:23.793+0100] {dagbag.py:536} INFO - Filling up the DagBag from /home/yzpt/projects/carburant_gcp/venv/lib/python3.10/site-packages/airflow/example_dags/example_setup_teardown_taskflow.py
[2023-11-21T09:25:23.811+0100] {processor.py:839} INFO - DAG(s) dict_keys(['example_setup_teardown_taskflow']) retrieved from /home/yzpt/projects/carburant_gcp/venv/lib/python3.10/site-packages/airflow/example_dags/example_setup_teardown_taskflow.py
[2023-11-21T09:25:23.836+0100] {logging_mixin.py:151} INFO - [2023-11-21T09:25:23.836+0100] {dag.py:2941} INFO - Sync 1 DAGs
[2023-11-21T09:25:23.861+0100] {logging_mixin.py:151} INFO - [2023-11-21T09:25:23.861+0100] {dag.py:3722} INFO - Setting next_dagrun for example_setup_teardown_taskflow to 2023-11-20T08:25:23.861144+00:00, run_after=2023-11-21T08:25:23.861144+00:00
[2023-11-21T09:25:23.889+0100] {processor.py:179} INFO - Processing /home/yzpt/projects/carburant_gcp/venv/lib/python3.10/site-packages/airflow/example_dags/example_setup_teardown_taskflow.py took 0.104 seconds
[2023-11-21T09:26:14.490+0100] {processor.py:157} INFO - Started process (PID=8407) to work on /home/yzpt/projects/carburant_gcp/venv/lib/python3.10/site-packages/airflow/example_dags/example_setup_teardown_taskflow.py
[2023-11-21T09:26:14.495+0100] {processor.py:829} INFO - Processing file /home/yzpt/projects/carburant_gcp/venv/lib/python3.10/site-packages/airflow/example_dags/example_setup_teardown_taskflow.py for tasks to queue
[2023-11-21T09:26:14.497+0100] {logging_mixin.py:151} INFO - [2023-11-21T09:26:14.496+0100] {dagbag.py:536} INFO - Filling up the DagBag from /home/yzpt/projects/carburant_gcp/venv/lib/python3.10/site-packages/airflow/example_dags/example_setup_teardown_taskflow.py
[2023-11-21T09:26:14.522+0100] {processor.py:839} INFO - DAG(s) dict_keys(['example_setup_teardown_taskflow']) retrieved from /home/yzpt/projects/carburant_gcp/venv/lib/python3.10/site-packages/airflow/example_dags/example_setup_teardown_taskflow.py
[2023-11-21T09:26:14.538+0100] {logging_mixin.py:151} INFO - [2023-11-21T09:26:14.538+0100] {dag.py:2941} INFO - Sync 1 DAGs
[2023-11-21T09:26:14.556+0100] {logging_mixin.py:151} INFO - [2023-11-21T09:26:14.555+0100] {dag.py:3722} INFO - Setting next_dagrun for example_setup_teardown_taskflow to 2023-11-20T08:26:14.555644+00:00, run_after=2023-11-21T08:26:14.555644+00:00
[2023-11-21T09:26:14.575+0100] {processor.py:179} INFO - Processing /home/yzpt/projects/carburant_gcp/venv/lib/python3.10/site-packages/airflow/example_dags/example_setup_teardown_taskflow.py took 0.094 seconds
[2023-11-21T09:27:00.261+0100] {processor.py:157} INFO - Started process (PID=8576) to work on /home/yzpt/projects/carburant_gcp/venv/lib/python3.10/site-packages/airflow/example_dags/example_setup_teardown_taskflow.py
[2023-11-21T09:27:00.278+0100] {processor.py:829} INFO - Processing file /home/yzpt/projects/carburant_gcp/venv/lib/python3.10/site-packages/airflow/example_dags/example_setup_teardown_taskflow.py for tasks to queue
[2023-11-21T09:27:00.279+0100] {logging_mixin.py:151} INFO - [2023-11-21T09:27:00.279+0100] {dagbag.py:536} INFO - Filling up the DagBag from /home/yzpt/projects/carburant_gcp/venv/lib/python3.10/site-packages/airflow/example_dags/example_setup_teardown_taskflow.py
[2023-11-21T09:27:00.298+0100] {processor.py:839} INFO - DAG(s) dict_keys(['example_setup_teardown_taskflow']) retrieved from /home/yzpt/projects/carburant_gcp/venv/lib/python3.10/site-packages/airflow/example_dags/example_setup_teardown_taskflow.py
[2023-11-21T09:27:00.316+0100] {logging_mixin.py:151} INFO - [2023-11-21T09:27:00.315+0100] {dag.py:2941} INFO - Sync 1 DAGs
[2023-11-21T09:27:00.332+0100] {logging_mixin.py:151} INFO - [2023-11-21T09:27:00.332+0100] {dag.py:3722} INFO - Setting next_dagrun for example_setup_teardown_taskflow to 2023-11-20T08:27:00.332449+00:00, run_after=2023-11-21T08:27:00.332449+00:00
[2023-11-21T09:27:00.357+0100] {processor.py:179} INFO - Processing /home/yzpt/projects/carburant_gcp/venv/lib/python3.10/site-packages/airflow/example_dags/example_setup_teardown_taskflow.py took 0.099 seconds
