[2023-11-21T09:25:17.049+0100] {processor.py:157} INFO - Started process (PID=7806) to work on /home/yzpt/projects/carburant_gcp/venv/lib/python3.10/site-packages/airflow/example_dags/example_task_group_decorator.py
[2023-11-21T09:25:17.050+0100] {processor.py:829} INFO - Processing file /home/yzpt/projects/carburant_gcp/venv/lib/python3.10/site-packages/airflow/example_dags/example_task_group_decorator.py for tasks to queue
[2023-11-21T09:25:17.051+0100] {logging_mixin.py:151} INFO - [2023-11-21T09:25:17.050+0100] {dagbag.py:536} INFO - Filling up the DagBag from /home/yzpt/projects/carburant_gcp/venv/lib/python3.10/site-packages/airflow/example_dags/example_task_group_decorator.py
[2023-11-21T09:25:17.067+0100] {processor.py:839} INFO - DAG(s) dict_keys(['example_task_group_decorator']) retrieved from /home/yzpt/projects/carburant_gcp/venv/lib/python3.10/site-packages/airflow/example_dags/example_task_group_decorator.py
[2023-11-21T09:25:17.087+0100] {logging_mixin.py:151} INFO - [2023-11-21T09:25:17.087+0100] {dag.py:2941} INFO - Sync 1 DAGs
[2023-11-21T09:25:17.106+0100] {logging_mixin.py:151} INFO - [2023-11-21T09:25:17.106+0100] {dag.py:3722} INFO - Setting next_dagrun for example_task_group_decorator to 2023-11-20T08:25:17.106082+00:00, run_after=2023-11-21T08:25:17.106082+00:00
[2023-11-21T09:25:17.127+0100] {processor.py:179} INFO - Processing /home/yzpt/projects/carburant_gcp/venv/lib/python3.10/site-packages/airflow/example_dags/example_task_group_decorator.py took 0.082 seconds
[2023-11-21T09:26:05.421+0100] {processor.py:157} INFO - Started process (PID=8328) to work on /home/yzpt/projects/carburant_gcp/venv/lib/python3.10/site-packages/airflow/example_dags/example_task_group_decorator.py
[2023-11-21T09:26:05.422+0100] {processor.py:829} INFO - Processing file /home/yzpt/projects/carburant_gcp/venv/lib/python3.10/site-packages/airflow/example_dags/example_task_group_decorator.py for tasks to queue
[2023-11-21T09:26:05.423+0100] {logging_mixin.py:151} INFO - [2023-11-21T09:26:05.422+0100] {dagbag.py:536} INFO - Filling up the DagBag from /home/yzpt/projects/carburant_gcp/venv/lib/python3.10/site-packages/airflow/example_dags/example_task_group_decorator.py
[2023-11-21T09:26:05.439+0100] {processor.py:839} INFO - DAG(s) dict_keys(['example_task_group_decorator']) retrieved from /home/yzpt/projects/carburant_gcp/venv/lib/python3.10/site-packages/airflow/example_dags/example_task_group_decorator.py
[2023-11-21T09:26:05.458+0100] {logging_mixin.py:151} INFO - [2023-11-21T09:26:05.458+0100] {dag.py:2941} INFO - Sync 1 DAGs
[2023-11-21T09:26:05.477+0100] {logging_mixin.py:151} INFO - [2023-11-21T09:26:05.477+0100] {dag.py:3722} INFO - Setting next_dagrun for example_task_group_decorator to 2023-11-20T08:26:05.477429+00:00, run_after=2023-11-21T08:26:05.477429+00:00
[2023-11-21T09:26:05.503+0100] {processor.py:179} INFO - Processing /home/yzpt/projects/carburant_gcp/venv/lib/python3.10/site-packages/airflow/example_dags/example_task_group_decorator.py took 0.086 seconds
[2023-11-21T09:26:45.547+0100] {processor.py:157} INFO - Started process (PID=8543) to work on /home/yzpt/projects/carburant_gcp/venv/lib/python3.10/site-packages/airflow/example_dags/example_task_group_decorator.py
[2023-11-21T09:26:45.550+0100] {processor.py:829} INFO - Processing file /home/yzpt/projects/carburant_gcp/venv/lib/python3.10/site-packages/airflow/example_dags/example_task_group_decorator.py for tasks to queue
[2023-11-21T09:26:45.552+0100] {logging_mixin.py:151} INFO - [2023-11-21T09:26:45.551+0100] {dagbag.py:536} INFO - Filling up the DagBag from /home/yzpt/projects/carburant_gcp/venv/lib/python3.10/site-packages/airflow/example_dags/example_task_group_decorator.py
[2023-11-21T09:26:45.587+0100] {processor.py:839} INFO - DAG(s) dict_keys(['example_task_group_decorator']) retrieved from /home/yzpt/projects/carburant_gcp/venv/lib/python3.10/site-packages/airflow/example_dags/example_task_group_decorator.py
[2023-11-21T09:26:45.605+0100] {logging_mixin.py:151} INFO - [2023-11-21T09:26:45.605+0100] {dag.py:2941} INFO - Sync 1 DAGs
[2023-11-21T09:26:45.623+0100] {logging_mixin.py:151} INFO - [2023-11-21T09:26:45.622+0100] {dag.py:3722} INFO - Setting next_dagrun for example_task_group_decorator to 2023-11-20T08:26:45.622712+00:00, run_after=2023-11-21T08:26:45.622712+00:00
[2023-11-21T09:26:45.642+0100] {processor.py:179} INFO - Processing /home/yzpt/projects/carburant_gcp/venv/lib/python3.10/site-packages/airflow/example_dags/example_task_group_decorator.py took 0.097 seconds
