[2023-11-21T09:25:26.194+0100] {processor.py:157} INFO - Started process (PID=7921) to work on /home/yzpt/projects/carburant_gcp/venv/lib/python3.10/site-packages/airflow/example_dags/example_local_kubernetes_executor.py
[2023-11-21T09:25:26.195+0100] {processor.py:829} INFO - Processing file /home/yzpt/projects/carburant_gcp/venv/lib/python3.10/site-packages/airflow/example_dags/example_local_kubernetes_executor.py for tasks to queue
[2023-11-21T09:25:26.196+0100] {logging_mixin.py:151} INFO - [2023-11-21T09:25:26.195+0100] {dagbag.py:536} INFO - Filling up the DagBag from /home/yzpt/projects/carburant_gcp/venv/lib/python3.10/site-packages/airflow/example_dags/example_local_kubernetes_executor.py
[2023-11-21T09:25:26.201+0100] {logging_mixin.py:151} INFO - [2023-11-21T09:25:26.200+0100] {example_local_kubernetes_executor.py:39} WARNING - Could not import DAGs in example_local_kubernetes_executor.py
Traceback (most recent call last):
  File "/home/yzpt/projects/carburant_gcp/venv/lib/python3.10/site-packages/airflow/example_dags/example_local_kubernetes_executor.py", line 37, in <module>
    from kubernetes.client import models as k8s
ModuleNotFoundError: No module named 'kubernetes'
[2023-11-21T09:25:26.201+0100] {logging_mixin.py:151} INFO - [2023-11-21T09:25:26.201+0100] {example_local_kubernetes_executor.py:40} WARNING - Install Kubernetes dependencies with: pip install apache-airflow[cncf.kubernetes]
[2023-11-21T09:25:26.201+0100] {processor.py:841} WARNING - No viable dags retrieved from /home/yzpt/projects/carburant_gcp/venv/lib/python3.10/site-packages/airflow/example_dags/example_local_kubernetes_executor.py
[2023-11-21T09:25:26.214+0100] {processor.py:179} INFO - Processing /home/yzpt/projects/carburant_gcp/venv/lib/python3.10/site-packages/airflow/example_dags/example_local_kubernetes_executor.py took 0.023 seconds
[2023-11-21T09:26:16.923+0100] {processor.py:157} INFO - Started process (PID=8424) to work on /home/yzpt/projects/carburant_gcp/venv/lib/python3.10/site-packages/airflow/example_dags/example_local_kubernetes_executor.py
[2023-11-21T09:26:16.928+0100] {processor.py:829} INFO - Processing file /home/yzpt/projects/carburant_gcp/venv/lib/python3.10/site-packages/airflow/example_dags/example_local_kubernetes_executor.py for tasks to queue
[2023-11-21T09:26:16.930+0100] {logging_mixin.py:151} INFO - [2023-11-21T09:26:16.929+0100] {dagbag.py:536} INFO - Filling up the DagBag from /home/yzpt/projects/carburant_gcp/venv/lib/python3.10/site-packages/airflow/example_dags/example_local_kubernetes_executor.py
[2023-11-21T09:26:16.938+0100] {logging_mixin.py:151} INFO - [2023-11-21T09:26:16.937+0100] {example_local_kubernetes_executor.py:39} WARNING - Could not import DAGs in example_local_kubernetes_executor.py
Traceback (most recent call last):
  File "/home/yzpt/projects/carburant_gcp/venv/lib/python3.10/site-packages/airflow/example_dags/example_local_kubernetes_executor.py", line 37, in <module>
    from kubernetes.client import models as k8s
ModuleNotFoundError: No module named 'kubernetes'
[2023-11-21T09:26:16.939+0100] {logging_mixin.py:151} INFO - [2023-11-21T09:26:16.939+0100] {example_local_kubernetes_executor.py:40} WARNING - Install Kubernetes dependencies with: pip install apache-airflow[cncf.kubernetes]
[2023-11-21T09:26:16.939+0100] {processor.py:841} WARNING - No viable dags retrieved from /home/yzpt/projects/carburant_gcp/venv/lib/python3.10/site-packages/airflow/example_dags/example_local_kubernetes_executor.py
[2023-11-21T09:26:16.953+0100] {processor.py:179} INFO - Processing /home/yzpt/projects/carburant_gcp/venv/lib/python3.10/site-packages/airflow/example_dags/example_local_kubernetes_executor.py took 0.039 seconds
[2023-11-21T09:27:01.716+0100] {processor.py:157} INFO - Started process (PID=8581) to work on /home/yzpt/projects/carburant_gcp/venv/lib/python3.10/site-packages/airflow/example_dags/example_local_kubernetes_executor.py
[2023-11-21T09:27:01.720+0100] {processor.py:829} INFO - Processing file /home/yzpt/projects/carburant_gcp/venv/lib/python3.10/site-packages/airflow/example_dags/example_local_kubernetes_executor.py for tasks to queue
[2023-11-21T09:27:01.721+0100] {logging_mixin.py:151} INFO - [2023-11-21T09:27:01.721+0100] {dagbag.py:536} INFO - Filling up the DagBag from /home/yzpt/projects/carburant_gcp/venv/lib/python3.10/site-packages/airflow/example_dags/example_local_kubernetes_executor.py
[2023-11-21T09:27:01.725+0100] {logging_mixin.py:151} INFO - [2023-11-21T09:27:01.724+0100] {example_local_kubernetes_executor.py:39} WARNING - Could not import DAGs in example_local_kubernetes_executor.py
Traceback (most recent call last):
  File "/home/yzpt/projects/carburant_gcp/venv/lib/python3.10/site-packages/airflow/example_dags/example_local_kubernetes_executor.py", line 37, in <module>
    from kubernetes.client import models as k8s
ModuleNotFoundError: No module named 'kubernetes'
[2023-11-21T09:27:01.726+0100] {logging_mixin.py:151} INFO - [2023-11-21T09:27:01.725+0100] {example_local_kubernetes_executor.py:40} WARNING - Install Kubernetes dependencies with: pip install apache-airflow[cncf.kubernetes]
[2023-11-21T09:27:01.726+0100] {processor.py:841} WARNING - No viable dags retrieved from /home/yzpt/projects/carburant_gcp/venv/lib/python3.10/site-packages/airflow/example_dags/example_local_kubernetes_executor.py
[2023-11-21T09:27:01.736+0100] {processor.py:179} INFO - Processing /home/yzpt/projects/carburant_gcp/venv/lib/python3.10/site-packages/airflow/example_dags/example_local_kubernetes_executor.py took 0.026 seconds
