[2023-11-21T09:25:22.071+0100] {processor.py:157} INFO - Started process (PID=7836) to work on /home/yzpt/projects/carburant_gcp/venv/lib/python3.10/site-packages/airflow/example_dags/example_sensor_decorator.py
[2023-11-21T09:25:22.072+0100] {processor.py:829} INFO - Processing file /home/yzpt/projects/carburant_gcp/venv/lib/python3.10/site-packages/airflow/example_dags/example_sensor_decorator.py for tasks to queue
[2023-11-21T09:25:22.073+0100] {logging_mixin.py:151} INFO - [2023-11-21T09:25:22.073+0100] {dagbag.py:536} INFO - Filling up the DagBag from /home/yzpt/projects/carburant_gcp/venv/lib/python3.10/site-packages/airflow/example_dags/example_sensor_decorator.py
[2023-11-21T09:25:22.080+0100] {processor.py:839} INFO - DAG(s) dict_keys(['example_sensor_decorator']) retrieved from /home/yzpt/projects/carburant_gcp/venv/lib/python3.10/site-packages/airflow/example_dags/example_sensor_decorator.py
[2023-11-21T09:25:22.095+0100] {logging_mixin.py:151} INFO - [2023-11-21T09:25:22.095+0100] {dag.py:2941} INFO - Sync 1 DAGs
[2023-11-21T09:25:22.105+0100] {logging_mixin.py:151} INFO - [2023-11-21T09:25:22.105+0100] {dag.py:3722} INFO - Setting next_dagrun for example_sensor_decorator to None, run_after=None
[2023-11-21T09:25:22.125+0100] {processor.py:179} INFO - Processing /home/yzpt/projects/carburant_gcp/venv/lib/python3.10/site-packages/airflow/example_dags/example_sensor_decorator.py took 0.056 seconds
[2023-11-21T09:26:10.539+0100] {processor.py:157} INFO - Started process (PID=8388) to work on /home/yzpt/projects/carburant_gcp/venv/lib/python3.10/site-packages/airflow/example_dags/example_sensor_decorator.py
[2023-11-21T09:26:10.541+0100] {processor.py:829} INFO - Processing file /home/yzpt/projects/carburant_gcp/venv/lib/python3.10/site-packages/airflow/example_dags/example_sensor_decorator.py for tasks to queue
[2023-11-21T09:26:10.542+0100] {logging_mixin.py:151} INFO - [2023-11-21T09:26:10.542+0100] {dagbag.py:536} INFO - Filling up the DagBag from /home/yzpt/projects/carburant_gcp/venv/lib/python3.10/site-packages/airflow/example_dags/example_sensor_decorator.py
[2023-11-21T09:26:10.552+0100] {processor.py:839} INFO - DAG(s) dict_keys(['example_sensor_decorator']) retrieved from /home/yzpt/projects/carburant_gcp/venv/lib/python3.10/site-packages/airflow/example_dags/example_sensor_decorator.py
[2023-11-21T09:26:10.575+0100] {logging_mixin.py:151} INFO - [2023-11-21T09:26:10.574+0100] {dag.py:2941} INFO - Sync 1 DAGs
[2023-11-21T09:26:10.593+0100] {logging_mixin.py:151} INFO - [2023-11-21T09:26:10.593+0100] {dag.py:3722} INFO - Setting next_dagrun for example_sensor_decorator to None, run_after=None
[2023-11-21T09:26:10.636+0100] {processor.py:179} INFO - Processing /home/yzpt/projects/carburant_gcp/venv/lib/python3.10/site-packages/airflow/example_dags/example_sensor_decorator.py took 0.100 seconds
[2023-11-21T09:26:57.736+0100] {processor.py:157} INFO - Started process (PID=8572) to work on /home/yzpt/projects/carburant_gcp/venv/lib/python3.10/site-packages/airflow/example_dags/example_sensor_decorator.py
[2023-11-21T09:26:57.741+0100] {processor.py:829} INFO - Processing file /home/yzpt/projects/carburant_gcp/venv/lib/python3.10/site-packages/airflow/example_dags/example_sensor_decorator.py for tasks to queue
[2023-11-21T09:26:57.744+0100] {logging_mixin.py:151} INFO - [2023-11-21T09:26:57.742+0100] {dagbag.py:536} INFO - Filling up the DagBag from /home/yzpt/projects/carburant_gcp/venv/lib/python3.10/site-packages/airflow/example_dags/example_sensor_decorator.py
[2023-11-21T09:26:57.760+0100] {processor.py:839} INFO - DAG(s) dict_keys(['example_sensor_decorator']) retrieved from /home/yzpt/projects/carburant_gcp/venv/lib/python3.10/site-packages/airflow/example_dags/example_sensor_decorator.py
[2023-11-21T09:26:57.778+0100] {logging_mixin.py:151} INFO - [2023-11-21T09:26:57.778+0100] {dag.py:2941} INFO - Sync 1 DAGs
[2023-11-21T09:26:57.788+0100] {logging_mixin.py:151} INFO - [2023-11-21T09:26:57.788+0100] {dag.py:3722} INFO - Setting next_dagrun for example_sensor_decorator to None, run_after=None
[2023-11-21T09:26:57.806+0100] {processor.py:179} INFO - Processing /home/yzpt/projects/carburant_gcp/venv/lib/python3.10/site-packages/airflow/example_dags/example_sensor_decorator.py took 0.080 seconds
