[2023-11-21T09:25:22.641+0100] {processor.py:157} INFO - Started process (PID=7853) to work on /home/yzpt/projects/carburant_gcp/venv/lib/python3.10/site-packages/airflow/example_dags/example_dynamic_task_mapping_with_no_taskflow_operators.py
[2023-11-21T09:25:22.644+0100] {processor.py:829} INFO - Processing file /home/yzpt/projects/carburant_gcp/venv/lib/python3.10/site-packages/airflow/example_dags/example_dynamic_task_mapping_with_no_taskflow_operators.py for tasks to queue
[2023-11-21T09:25:22.646+0100] {logging_mixin.py:151} INFO - [2023-11-21T09:25:22.645+0100] {dagbag.py:536} INFO - Filling up the DagBag from /home/yzpt/projects/carburant_gcp/venv/lib/python3.10/site-packages/airflow/example_dags/example_dynamic_task_mapping_with_no_taskflow_operators.py
[2023-11-21T09:25:22.666+0100] {processor.py:839} INFO - DAG(s) dict_keys(['example_dynamic_task_mapping_with_no_taskflow_operators']) retrieved from /home/yzpt/projects/carburant_gcp/venv/lib/python3.10/site-packages/airflow/example_dags/example_dynamic_task_mapping_with_no_taskflow_operators.py
[2023-11-21T09:25:22.683+0100] {logging_mixin.py:151} INFO - [2023-11-21T09:25:22.683+0100] {dag.py:2941} INFO - Sync 1 DAGs
[2023-11-21T09:25:22.701+0100] {logging_mixin.py:151} INFO - [2023-11-21T09:25:22.701+0100] {dag.py:3722} INFO - Setting next_dagrun for example_dynamic_task_mapping_with_no_taskflow_operators to 2023-11-20T08:25:22.701500+00:00, run_after=2023-11-21T08:25:22.701500+00:00
[2023-11-21T09:25:22.720+0100] {processor.py:179} INFO - Processing /home/yzpt/projects/carburant_gcp/venv/lib/python3.10/site-packages/airflow/example_dags/example_dynamic_task_mapping_with_no_taskflow_operators.py took 0.087 seconds
[2023-11-21T09:26:13.210+0100] {processor.py:157} INFO - Started process (PID=8391) to work on /home/yzpt/projects/carburant_gcp/venv/lib/python3.10/site-packages/airflow/example_dags/example_dynamic_task_mapping_with_no_taskflow_operators.py
[2023-11-21T09:26:13.213+0100] {processor.py:829} INFO - Processing file /home/yzpt/projects/carburant_gcp/venv/lib/python3.10/site-packages/airflow/example_dags/example_dynamic_task_mapping_with_no_taskflow_operators.py for tasks to queue
[2023-11-21T09:26:13.215+0100] {logging_mixin.py:151} INFO - [2023-11-21T09:26:13.214+0100] {dagbag.py:536} INFO - Filling up the DagBag from /home/yzpt/projects/carburant_gcp/venv/lib/python3.10/site-packages/airflow/example_dags/example_dynamic_task_mapping_with_no_taskflow_operators.py
[2023-11-21T09:26:13.226+0100] {processor.py:839} INFO - DAG(s) dict_keys(['example_dynamic_task_mapping_with_no_taskflow_operators']) retrieved from /home/yzpt/projects/carburant_gcp/venv/lib/python3.10/site-packages/airflow/example_dags/example_dynamic_task_mapping_with_no_taskflow_operators.py
[2023-11-21T09:26:13.249+0100] {logging_mixin.py:151} INFO - [2023-11-21T09:26:13.249+0100] {dag.py:2941} INFO - Sync 1 DAGs
[2023-11-21T09:26:13.280+0100] {logging_mixin.py:151} INFO - [2023-11-21T09:26:13.279+0100] {dag.py:3722} INFO - Setting next_dagrun for example_dynamic_task_mapping_with_no_taskflow_operators to 2023-11-20T08:26:13.279573+00:00, run_after=2023-11-21T08:26:13.279573+00:00
[2023-11-21T09:26:13.310+0100] {processor.py:179} INFO - Processing /home/yzpt/projects/carburant_gcp/venv/lib/python3.10/site-packages/airflow/example_dags/example_dynamic_task_mapping_with_no_taskflow_operators.py took 0.104 seconds
[2023-11-21T09:26:59.129+0100] {processor.py:157} INFO - Started process (PID=8575) to work on /home/yzpt/projects/carburant_gcp/venv/lib/python3.10/site-packages/airflow/example_dags/example_dynamic_task_mapping_with_no_taskflow_operators.py
[2023-11-21T09:26:59.133+0100] {processor.py:829} INFO - Processing file /home/yzpt/projects/carburant_gcp/venv/lib/python3.10/site-packages/airflow/example_dags/example_dynamic_task_mapping_with_no_taskflow_operators.py for tasks to queue
[2023-11-21T09:26:59.134+0100] {logging_mixin.py:151} INFO - [2023-11-21T09:26:59.133+0100] {dagbag.py:536} INFO - Filling up the DagBag from /home/yzpt/projects/carburant_gcp/venv/lib/python3.10/site-packages/airflow/example_dags/example_dynamic_task_mapping_with_no_taskflow_operators.py
[2023-11-21T09:26:59.144+0100] {processor.py:839} INFO - DAG(s) dict_keys(['example_dynamic_task_mapping_with_no_taskflow_operators']) retrieved from /home/yzpt/projects/carburant_gcp/venv/lib/python3.10/site-packages/airflow/example_dags/example_dynamic_task_mapping_with_no_taskflow_operators.py
[2023-11-21T09:26:59.158+0100] {logging_mixin.py:151} INFO - [2023-11-21T09:26:59.158+0100] {dag.py:2941} INFO - Sync 1 DAGs
[2023-11-21T09:26:59.175+0100] {logging_mixin.py:151} INFO - [2023-11-21T09:26:59.175+0100] {dag.py:3722} INFO - Setting next_dagrun for example_dynamic_task_mapping_with_no_taskflow_operators to 2023-11-20T08:26:59.174920+00:00, run_after=2023-11-21T08:26:59.174920+00:00
[2023-11-21T09:26:59.198+0100] {processor.py:179} INFO - Processing /home/yzpt/projects/carburant_gcp/venv/lib/python3.10/site-packages/airflow/example_dags/example_dynamic_task_mapping_with_no_taskflow_operators.py took 0.077 seconds
