[2023-11-21T09:25:12.342+0100] {processor.py:157} INFO - Started process (PID=7797) to work on /home/yzpt/projects/carburant_gcp/venv/lib/python3.10/site-packages/airflow/example_dags/example_time_delta_sensor_async.py
[2023-11-21T09:25:12.344+0100] {processor.py:829} INFO - Processing file /home/yzpt/projects/carburant_gcp/venv/lib/python3.10/site-packages/airflow/example_dags/example_time_delta_sensor_async.py for tasks to queue
[2023-11-21T09:25:12.347+0100] {logging_mixin.py:151} INFO - [2023-11-21T09:25:12.346+0100] {dagbag.py:536} INFO - Filling up the DagBag from /home/yzpt/projects/carburant_gcp/venv/lib/python3.10/site-packages/airflow/example_dags/example_time_delta_sensor_async.py
[2023-11-21T09:25:12.362+0100] {processor.py:839} INFO - DAG(s) dict_keys(['example_time_delta_sensor_async']) retrieved from /home/yzpt/projects/carburant_gcp/venv/lib/python3.10/site-packages/airflow/example_dags/example_time_delta_sensor_async.py
[2023-11-21T09:25:12.384+0100] {logging_mixin.py:151} INFO - [2023-11-21T09:25:12.384+0100] {dag.py:2941} INFO - Sync 1 DAGs
[2023-11-21T09:25:12.394+0100] {logging_mixin.py:151} INFO - [2023-11-21T09:25:12.394+0100] {dag.py:3722} INFO - Setting next_dagrun for example_time_delta_sensor_async to None, run_after=None
[2023-11-21T09:25:12.415+0100] {processor.py:179} INFO - Processing /home/yzpt/projects/carburant_gcp/venv/lib/python3.10/site-packages/airflow/example_dags/example_time_delta_sensor_async.py took 0.081 seconds
[2023-11-21T09:26:01.524+0100] {processor.py:157} INFO - Started process (PID=8267) to work on /home/yzpt/projects/carburant_gcp/venv/lib/python3.10/site-packages/airflow/example_dags/example_time_delta_sensor_async.py
[2023-11-21T09:26:01.527+0100] {processor.py:829} INFO - Processing file /home/yzpt/projects/carburant_gcp/venv/lib/python3.10/site-packages/airflow/example_dags/example_time_delta_sensor_async.py for tasks to queue
[2023-11-21T09:26:01.528+0100] {logging_mixin.py:151} INFO - [2023-11-21T09:26:01.527+0100] {dagbag.py:536} INFO - Filling up the DagBag from /home/yzpt/projects/carburant_gcp/venv/lib/python3.10/site-packages/airflow/example_dags/example_time_delta_sensor_async.py
[2023-11-21T09:26:01.534+0100] {processor.py:839} INFO - DAG(s) dict_keys(['example_time_delta_sensor_async']) retrieved from /home/yzpt/projects/carburant_gcp/venv/lib/python3.10/site-packages/airflow/example_dags/example_time_delta_sensor_async.py
[2023-11-21T09:26:01.551+0100] {logging_mixin.py:151} INFO - [2023-11-21T09:26:01.551+0100] {dag.py:2941} INFO - Sync 1 DAGs
[2023-11-21T09:26:01.562+0100] {logging_mixin.py:151} INFO - [2023-11-21T09:26:01.562+0100] {dag.py:3722} INFO - Setting next_dagrun for example_time_delta_sensor_async to None, run_after=None
[2023-11-21T09:26:01.581+0100] {processor.py:179} INFO - Processing /home/yzpt/projects/carburant_gcp/venv/lib/python3.10/site-packages/airflow/example_dags/example_time_delta_sensor_async.py took 0.059 seconds
[2023-11-21T09:26:40.935+0100] {processor.py:157} INFO - Started process (PID=8539) to work on /home/yzpt/projects/carburant_gcp/venv/lib/python3.10/site-packages/airflow/example_dags/example_time_delta_sensor_async.py
[2023-11-21T09:26:40.939+0100] {processor.py:829} INFO - Processing file /home/yzpt/projects/carburant_gcp/venv/lib/python3.10/site-packages/airflow/example_dags/example_time_delta_sensor_async.py for tasks to queue
[2023-11-21T09:26:40.942+0100] {logging_mixin.py:151} INFO - [2023-11-21T09:26:40.941+0100] {dagbag.py:536} INFO - Filling up the DagBag from /home/yzpt/projects/carburant_gcp/venv/lib/python3.10/site-packages/airflow/example_dags/example_time_delta_sensor_async.py
[2023-11-21T09:26:40.954+0100] {processor.py:839} INFO - DAG(s) dict_keys(['example_time_delta_sensor_async']) retrieved from /home/yzpt/projects/carburant_gcp/venv/lib/python3.10/site-packages/airflow/example_dags/example_time_delta_sensor_async.py
[2023-11-21T09:26:40.975+0100] {logging_mixin.py:151} INFO - [2023-11-21T09:26:40.974+0100] {dag.py:2941} INFO - Sync 1 DAGs
[2023-11-21T09:26:40.985+0100] {logging_mixin.py:151} INFO - [2023-11-21T09:26:40.984+0100] {dag.py:3722} INFO - Setting next_dagrun for example_time_delta_sensor_async to None, run_after=None
[2023-11-21T09:26:41.003+0100] {processor.py:179} INFO - Processing /home/yzpt/projects/carburant_gcp/venv/lib/python3.10/site-packages/airflow/example_dags/example_time_delta_sensor_async.py took 0.077 seconds
