[2023-11-21T09:25:31.509+0100] {processor.py:157} INFO - Started process (PID=7956) to work on /home/yzpt/projects/carburant_gcp/venv/lib/python3.10/site-packages/airflow/example_dags/example_params_trigger_ui.py
[2023-11-21T09:25:31.510+0100] {processor.py:829} INFO - Processing file /home/yzpt/projects/carburant_gcp/venv/lib/python3.10/site-packages/airflow/example_dags/example_params_trigger_ui.py for tasks to queue
[2023-11-21T09:25:31.510+0100] {logging_mixin.py:151} INFO - [2023-11-21T09:25:31.510+0100] {dagbag.py:536} INFO - Filling up the DagBag from /home/yzpt/projects/carburant_gcp/venv/lib/python3.10/site-packages/airflow/example_dags/example_params_trigger_ui.py
[2023-11-21T09:25:31.526+0100] {processor.py:839} INFO - DAG(s) dict_keys(['example_params_trigger_ui']) retrieved from /home/yzpt/projects/carburant_gcp/venv/lib/python3.10/site-packages/airflow/example_dags/example_params_trigger_ui.py
[2023-11-21T09:25:31.564+0100] {logging_mixin.py:151} INFO - [2023-11-21T09:25:31.564+0100] {dag.py:2941} INFO - Sync 1 DAGs
[2023-11-21T09:25:31.574+0100] {logging_mixin.py:151} INFO - [2023-11-21T09:25:31.574+0100] {dag.py:3722} INFO - Setting next_dagrun for example_params_trigger_ui to None, run_after=None
[2023-11-21T09:25:31.602+0100] {processor.py:179} INFO - Processing /home/yzpt/projects/carburant_gcp/venv/lib/python3.10/site-packages/airflow/example_dags/example_params_trigger_ui.py took 0.096 seconds
[2023-11-21T09:26:21.040+0100] {processor.py:157} INFO - Started process (PID=8429) to work on /home/yzpt/projects/carburant_gcp/venv/lib/python3.10/site-packages/airflow/example_dags/example_params_trigger_ui.py
[2023-11-21T09:26:21.042+0100] {processor.py:829} INFO - Processing file /home/yzpt/projects/carburant_gcp/venv/lib/python3.10/site-packages/airflow/example_dags/example_params_trigger_ui.py for tasks to queue
[2023-11-21T09:26:21.043+0100] {logging_mixin.py:151} INFO - [2023-11-21T09:26:21.043+0100] {dagbag.py:536} INFO - Filling up the DagBag from /home/yzpt/projects/carburant_gcp/venv/lib/python3.10/site-packages/airflow/example_dags/example_params_trigger_ui.py
[2023-11-21T09:26:21.058+0100] {processor.py:839} INFO - DAG(s) dict_keys(['example_params_trigger_ui']) retrieved from /home/yzpt/projects/carburant_gcp/venv/lib/python3.10/site-packages/airflow/example_dags/example_params_trigger_ui.py
[2023-11-21T09:26:21.095+0100] {logging_mixin.py:151} INFO - [2023-11-21T09:26:21.095+0100] {dag.py:2941} INFO - Sync 1 DAGs
[2023-11-21T09:26:21.106+0100] {logging_mixin.py:151} INFO - [2023-11-21T09:26:21.106+0100] {dag.py:3722} INFO - Setting next_dagrun for example_params_trigger_ui to None, run_after=None
[2023-11-21T09:26:21.127+0100] {processor.py:179} INFO - Processing /home/yzpt/projects/carburant_gcp/venv/lib/python3.10/site-packages/airflow/example_dags/example_params_trigger_ui.py took 0.090 seconds
[2023-11-21T09:27:06.903+0100] {processor.py:157} INFO - Started process (PID=8590) to work on /home/yzpt/projects/carburant_gcp/venv/lib/python3.10/site-packages/airflow/example_dags/example_params_trigger_ui.py
[2023-11-21T09:27:06.906+0100] {processor.py:829} INFO - Processing file /home/yzpt/projects/carburant_gcp/venv/lib/python3.10/site-packages/airflow/example_dags/example_params_trigger_ui.py for tasks to queue
[2023-11-21T09:27:06.907+0100] {logging_mixin.py:151} INFO - [2023-11-21T09:27:06.906+0100] {dagbag.py:536} INFO - Filling up the DagBag from /home/yzpt/projects/carburant_gcp/venv/lib/python3.10/site-packages/airflow/example_dags/example_params_trigger_ui.py
[2023-11-21T09:27:06.922+0100] {processor.py:839} INFO - DAG(s) dict_keys(['example_params_trigger_ui']) retrieved from /home/yzpt/projects/carburant_gcp/venv/lib/python3.10/site-packages/airflow/example_dags/example_params_trigger_ui.py
[2023-11-21T09:27:06.959+0100] {logging_mixin.py:151} INFO - [2023-11-21T09:27:06.959+0100] {dag.py:2941} INFO - Sync 1 DAGs
[2023-11-21T09:27:06.972+0100] {logging_mixin.py:151} INFO - [2023-11-21T09:27:06.972+0100] {dag.py:3722} INFO - Setting next_dagrun for example_params_trigger_ui to None, run_after=None
[2023-11-21T09:27:06.992+0100] {processor.py:179} INFO - Processing /home/yzpt/projects/carburant_gcp/venv/lib/python3.10/site-packages/airflow/example_dags/example_params_trigger_ui.py took 0.094 seconds
