[2023-11-21T09:25:13.475+0100] {processor.py:157} INFO - Started process (PID=7798) to work on /home/yzpt/projects/carburant_gcp/venv/lib/python3.10/site-packages/airflow/example_dags/example_trigger_controller_dag.py
[2023-11-21T09:25:13.476+0100] {processor.py:829} INFO - Processing file /home/yzpt/projects/carburant_gcp/venv/lib/python3.10/site-packages/airflow/example_dags/example_trigger_controller_dag.py for tasks to queue
[2023-11-21T09:25:13.477+0100] {logging_mixin.py:151} INFO - [2023-11-21T09:25:13.477+0100] {dagbag.py:536} INFO - Filling up the DagBag from /home/yzpt/projects/carburant_gcp/venv/lib/python3.10/site-packages/airflow/example_dags/example_trigger_controller_dag.py
[2023-11-21T09:25:13.483+0100] {processor.py:839} INFO - DAG(s) dict_keys(['example_trigger_controller_dag']) retrieved from /home/yzpt/projects/carburant_gcp/venv/lib/python3.10/site-packages/airflow/example_dags/example_trigger_controller_dag.py
[2023-11-21T09:25:13.498+0100] {logging_mixin.py:151} INFO - [2023-11-21T09:25:13.498+0100] {dag.py:2941} INFO - Sync 1 DAGs
[2023-11-21T09:25:13.515+0100] {logging_mixin.py:151} INFO - [2023-11-21T09:25:13.515+0100] {dag.py:3722} INFO - Setting next_dagrun for example_trigger_controller_dag to 2021-01-01T00:00:00+00:00, run_after=2021-01-01T00:00:00+00:00
[2023-11-21T09:25:13.535+0100] {processor.py:179} INFO - Processing /home/yzpt/projects/carburant_gcp/venv/lib/python3.10/site-packages/airflow/example_dags/example_trigger_controller_dag.py took 0.062 seconds
[2023-11-21T09:26:02.687+0100] {processor.py:157} INFO - Started process (PID=8281) to work on /home/yzpt/projects/carburant_gcp/venv/lib/python3.10/site-packages/airflow/example_dags/example_trigger_controller_dag.py
[2023-11-21T09:26:02.690+0100] {processor.py:829} INFO - Processing file /home/yzpt/projects/carburant_gcp/venv/lib/python3.10/site-packages/airflow/example_dags/example_trigger_controller_dag.py for tasks to queue
[2023-11-21T09:26:02.692+0100] {logging_mixin.py:151} INFO - [2023-11-21T09:26:02.690+0100] {dagbag.py:536} INFO - Filling up the DagBag from /home/yzpt/projects/carburant_gcp/venv/lib/python3.10/site-packages/airflow/example_dags/example_trigger_controller_dag.py
[2023-11-21T09:26:02.696+0100] {processor.py:839} INFO - DAG(s) dict_keys(['example_trigger_controller_dag']) retrieved from /home/yzpt/projects/carburant_gcp/venv/lib/python3.10/site-packages/airflow/example_dags/example_trigger_controller_dag.py
[2023-11-21T09:26:02.711+0100] {logging_mixin.py:151} INFO - [2023-11-21T09:26:02.710+0100] {dag.py:2941} INFO - Sync 1 DAGs
[2023-11-21T09:26:02.729+0100] {logging_mixin.py:151} INFO - [2023-11-21T09:26:02.728+0100] {dag.py:3722} INFO - Setting next_dagrun for example_trigger_controller_dag to 2021-01-01T00:00:00+00:00, run_after=2021-01-01T00:00:00+00:00
[2023-11-21T09:26:02.747+0100] {processor.py:179} INFO - Processing /home/yzpt/projects/carburant_gcp/venv/lib/python3.10/site-packages/airflow/example_dags/example_trigger_controller_dag.py took 0.062 seconds
[2023-11-21T09:26:42.096+0100] {processor.py:157} INFO - Started process (PID=8540) to work on /home/yzpt/projects/carburant_gcp/venv/lib/python3.10/site-packages/airflow/example_dags/example_trigger_controller_dag.py
[2023-11-21T09:26:42.100+0100] {processor.py:829} INFO - Processing file /home/yzpt/projects/carburant_gcp/venv/lib/python3.10/site-packages/airflow/example_dags/example_trigger_controller_dag.py for tasks to queue
[2023-11-21T09:26:42.101+0100] {logging_mixin.py:151} INFO - [2023-11-21T09:26:42.100+0100] {dagbag.py:536} INFO - Filling up the DagBag from /home/yzpt/projects/carburant_gcp/venv/lib/python3.10/site-packages/airflow/example_dags/example_trigger_controller_dag.py
[2023-11-21T09:26:42.106+0100] {processor.py:839} INFO - DAG(s) dict_keys(['example_trigger_controller_dag']) retrieved from /home/yzpt/projects/carburant_gcp/venv/lib/python3.10/site-packages/airflow/example_dags/example_trigger_controller_dag.py
[2023-11-21T09:26:42.122+0100] {logging_mixin.py:151} INFO - [2023-11-21T09:26:42.122+0100] {dag.py:2941} INFO - Sync 1 DAGs
[2023-11-21T09:26:42.143+0100] {logging_mixin.py:151} INFO - [2023-11-21T09:26:42.143+0100] {dag.py:3722} INFO - Setting next_dagrun for example_trigger_controller_dag to 2021-01-01T00:00:00+00:00, run_after=2021-01-01T00:00:00+00:00
[2023-11-21T09:26:42.164+0100] {processor.py:179} INFO - Processing /home/yzpt/projects/carburant_gcp/venv/lib/python3.10/site-packages/airflow/example_dags/example_trigger_controller_dag.py took 0.072 seconds
