[2023-11-21T09:25:09.794+0100] {processor.py:157} INFO - Started process (PID=7765) to work on /home/yzpt/projects/carburant_gcp/venv/lib/python3.10/site-packages/airflow/example_dags/example_trigger_target_dag.py
[2023-11-21T09:25:09.796+0100] {processor.py:829} INFO - Processing file /home/yzpt/projects/carburant_gcp/venv/lib/python3.10/site-packages/airflow/example_dags/example_trigger_target_dag.py for tasks to queue
[2023-11-21T09:25:09.799+0100] {logging_mixin.py:151} INFO - [2023-11-21T09:25:09.798+0100] {dagbag.py:536} INFO - Filling up the DagBag from /home/yzpt/projects/carburant_gcp/venv/lib/python3.10/site-packages/airflow/example_dags/example_trigger_target_dag.py
[2023-11-21T09:25:09.816+0100] {processor.py:839} INFO - DAG(s) dict_keys(['example_trigger_target_dag']) retrieved from /home/yzpt/projects/carburant_gcp/venv/lib/python3.10/site-packages/airflow/example_dags/example_trigger_target_dag.py
[2023-11-21T09:25:09.839+0100] {logging_mixin.py:151} INFO - [2023-11-21T09:25:09.839+0100] {dag.py:2941} INFO - Sync 1 DAGs
[2023-11-21T09:25:09.849+0100] {logging_mixin.py:151} INFO - [2023-11-21T09:25:09.849+0100] {dag.py:3722} INFO - Setting next_dagrun for example_trigger_target_dag to None, run_after=None
[2023-11-21T09:25:09.868+0100] {processor.py:179} INFO - Processing /home/yzpt/projects/carburant_gcp/venv/lib/python3.10/site-packages/airflow/example_dags/example_trigger_target_dag.py took 0.082 seconds
[2023-11-21T09:25:58.046+0100] {processor.py:157} INFO - Started process (PID=8224) to work on /home/yzpt/projects/carburant_gcp/venv/lib/python3.10/site-packages/airflow/example_dags/example_trigger_target_dag.py
[2023-11-21T09:25:58.049+0100] {processor.py:829} INFO - Processing file /home/yzpt/projects/carburant_gcp/venv/lib/python3.10/site-packages/airflow/example_dags/example_trigger_target_dag.py for tasks to queue
[2023-11-21T09:25:58.051+0100] {logging_mixin.py:151} INFO - [2023-11-21T09:25:58.050+0100] {dagbag.py:536} INFO - Filling up the DagBag from /home/yzpt/projects/carburant_gcp/venv/lib/python3.10/site-packages/airflow/example_dags/example_trigger_target_dag.py
[2023-11-21T09:25:58.064+0100] {processor.py:839} INFO - DAG(s) dict_keys(['example_trigger_target_dag']) retrieved from /home/yzpt/projects/carburant_gcp/venv/lib/python3.10/site-packages/airflow/example_dags/example_trigger_target_dag.py
[2023-11-21T09:25:58.094+0100] {logging_mixin.py:151} INFO - [2023-11-21T09:25:58.094+0100] {dag.py:2941} INFO - Sync 1 DAGs
[2023-11-21T09:25:58.104+0100] {logging_mixin.py:151} INFO - [2023-11-21T09:25:58.104+0100] {dag.py:3722} INFO - Setting next_dagrun for example_trigger_target_dag to None, run_after=None
[2023-11-21T09:25:58.129+0100] {processor.py:179} INFO - Processing /home/yzpt/projects/carburant_gcp/venv/lib/python3.10/site-packages/airflow/example_dags/example_trigger_target_dag.py took 0.088 seconds
[2023-11-21T09:26:38.407+0100] {processor.py:157} INFO - Started process (PID=8536) to work on /home/yzpt/projects/carburant_gcp/venv/lib/python3.10/site-packages/airflow/example_dags/example_trigger_target_dag.py
[2023-11-21T09:26:38.410+0100] {processor.py:829} INFO - Processing file /home/yzpt/projects/carburant_gcp/venv/lib/python3.10/site-packages/airflow/example_dags/example_trigger_target_dag.py for tasks to queue
[2023-11-21T09:26:38.411+0100] {logging_mixin.py:151} INFO - [2023-11-21T09:26:38.410+0100] {dagbag.py:536} INFO - Filling up the DagBag from /home/yzpt/projects/carburant_gcp/venv/lib/python3.10/site-packages/airflow/example_dags/example_trigger_target_dag.py
[2023-11-21T09:26:38.418+0100] {processor.py:839} INFO - DAG(s) dict_keys(['example_trigger_target_dag']) retrieved from /home/yzpt/projects/carburant_gcp/venv/lib/python3.10/site-packages/airflow/example_dags/example_trigger_target_dag.py
[2023-11-21T09:26:38.434+0100] {logging_mixin.py:151} INFO - [2023-11-21T09:26:38.434+0100] {dag.py:2941} INFO - Sync 1 DAGs
[2023-11-21T09:26:38.447+0100] {logging_mixin.py:151} INFO - [2023-11-21T09:26:38.446+0100] {dag.py:3722} INFO - Setting next_dagrun for example_trigger_target_dag to None, run_after=None
[2023-11-21T09:26:38.467+0100] {processor.py:179} INFO - Processing /home/yzpt/projects/carburant_gcp/venv/lib/python3.10/site-packages/airflow/example_dags/example_trigger_target_dag.py took 0.064 seconds
