[2023-11-21T09:25:25.042+0100] {processor.py:157} INFO - Started process (PID=7920) to work on /home/yzpt/projects/carburant_gcp/venv/lib/python3.10/site-packages/airflow/example_dags/example_external_task_marker_dag.py
[2023-11-21T09:25:25.043+0100] {processor.py:829} INFO - Processing file /home/yzpt/projects/carburant_gcp/venv/lib/python3.10/site-packages/airflow/example_dags/example_external_task_marker_dag.py for tasks to queue
[2023-11-21T09:25:25.043+0100] {logging_mixin.py:151} INFO - [2023-11-21T09:25:25.043+0100] {dagbag.py:536} INFO - Filling up the DagBag from /home/yzpt/projects/carburant_gcp/venv/lib/python3.10/site-packages/airflow/example_dags/example_external_task_marker_dag.py
[2023-11-21T09:25:25.053+0100] {processor.py:839} INFO - DAG(s) dict_keys(['example_external_task_marker_parent', 'example_external_task_marker_child']) retrieved from /home/yzpt/projects/carburant_gcp/venv/lib/python3.10/site-packages/airflow/example_dags/example_external_task_marker_dag.py
[2023-11-21T09:25:25.074+0100] {logging_mixin.py:151} INFO - [2023-11-21T09:25:25.074+0100] {dag.py:2941} INFO - Sync 2 DAGs
[2023-11-21T09:25:25.092+0100] {logging_mixin.py:151} INFO - [2023-11-21T09:25:25.092+0100] {dag.py:3722} INFO - Setting next_dagrun for example_external_task_marker_child to None, run_after=None
[2023-11-21T09:25:25.097+0100] {logging_mixin.py:151} INFO - [2023-11-21T09:25:25.097+0100] {dag.py:3722} INFO - Setting next_dagrun for example_external_task_marker_parent to None, run_after=None
[2023-11-21T09:25:25.130+0100] {processor.py:179} INFO - Processing /home/yzpt/projects/carburant_gcp/venv/lib/python3.10/site-packages/airflow/example_dags/example_external_task_marker_dag.py took 0.091 seconds
[2023-11-21T09:26:15.753+0100] {processor.py:157} INFO - Started process (PID=8423) to work on /home/yzpt/projects/carburant_gcp/venv/lib/python3.10/site-packages/airflow/example_dags/example_external_task_marker_dag.py
[2023-11-21T09:26:15.756+0100] {processor.py:829} INFO - Processing file /home/yzpt/projects/carburant_gcp/venv/lib/python3.10/site-packages/airflow/example_dags/example_external_task_marker_dag.py for tasks to queue
[2023-11-21T09:26:15.756+0100] {logging_mixin.py:151} INFO - [2023-11-21T09:26:15.756+0100] {dagbag.py:536} INFO - Filling up the DagBag from /home/yzpt/projects/carburant_gcp/venv/lib/python3.10/site-packages/airflow/example_dags/example_external_task_marker_dag.py
[2023-11-21T09:26:15.762+0100] {processor.py:839} INFO - DAG(s) dict_keys(['example_external_task_marker_child', 'example_external_task_marker_parent']) retrieved from /home/yzpt/projects/carburant_gcp/venv/lib/python3.10/site-packages/airflow/example_dags/example_external_task_marker_dag.py
[2023-11-21T09:26:15.779+0100] {logging_mixin.py:151} INFO - [2023-11-21T09:26:15.779+0100] {dag.py:2941} INFO - Sync 2 DAGs
[2023-11-21T09:26:15.790+0100] {logging_mixin.py:151} INFO - [2023-11-21T09:26:15.789+0100] {dag.py:3722} INFO - Setting next_dagrun for example_external_task_marker_child to None, run_after=None
[2023-11-21T09:26:15.792+0100] {logging_mixin.py:151} INFO - [2023-11-21T09:26:15.792+0100] {dag.py:3722} INFO - Setting next_dagrun for example_external_task_marker_parent to None, run_after=None
[2023-11-21T09:26:15.811+0100] {processor.py:179} INFO - Processing /home/yzpt/projects/carburant_gcp/venv/lib/python3.10/site-packages/airflow/example_dags/example_external_task_marker_dag.py took 0.061 seconds
[2023-11-21T09:27:01.527+0100] {processor.py:157} INFO - Started process (PID=8580) to work on /home/yzpt/projects/carburant_gcp/venv/lib/python3.10/site-packages/airflow/example_dags/example_external_task_marker_dag.py
[2023-11-21T09:27:01.529+0100] {processor.py:829} INFO - Processing file /home/yzpt/projects/carburant_gcp/venv/lib/python3.10/site-packages/airflow/example_dags/example_external_task_marker_dag.py for tasks to queue
[2023-11-21T09:27:01.530+0100] {logging_mixin.py:151} INFO - [2023-11-21T09:27:01.530+0100] {dagbag.py:536} INFO - Filling up the DagBag from /home/yzpt/projects/carburant_gcp/venv/lib/python3.10/site-packages/airflow/example_dags/example_external_task_marker_dag.py
[2023-11-21T09:27:01.535+0100] {processor.py:839} INFO - DAG(s) dict_keys(['example_external_task_marker_child', 'example_external_task_marker_parent']) retrieved from /home/yzpt/projects/carburant_gcp/venv/lib/python3.10/site-packages/airflow/example_dags/example_external_task_marker_dag.py
[2023-11-21T09:27:01.553+0100] {logging_mixin.py:151} INFO - [2023-11-21T09:27:01.553+0100] {dag.py:2941} INFO - Sync 2 DAGs
[2023-11-21T09:27:01.563+0100] {logging_mixin.py:151} INFO - [2023-11-21T09:27:01.563+0100] {dag.py:3722} INFO - Setting next_dagrun for example_external_task_marker_child to None, run_after=None
[2023-11-21T09:27:01.566+0100] {logging_mixin.py:151} INFO - [2023-11-21T09:27:01.566+0100] {dag.py:3722} INFO - Setting next_dagrun for example_external_task_marker_parent to None, run_after=None
[2023-11-21T09:27:01.581+0100] {processor.py:179} INFO - Processing /home/yzpt/projects/carburant_gcp/venv/lib/python3.10/site-packages/airflow/example_dags/example_external_task_marker_dag.py took 0.057 seconds
