[2023-11-21T09:25:15.800+0100] {processor.py:157} INFO - Started process (PID=7803) to work on /home/yzpt/projects/carburant_gcp/venv/lib/python3.10/site-packages/airflow/example_dags/example_task_group.py
[2023-11-21T09:25:15.802+0100] {processor.py:829} INFO - Processing file /home/yzpt/projects/carburant_gcp/venv/lib/python3.10/site-packages/airflow/example_dags/example_task_group.py for tasks to queue
[2023-11-21T09:25:15.803+0100] {logging_mixin.py:151} INFO - [2023-11-21T09:25:15.803+0100] {dagbag.py:536} INFO - Filling up the DagBag from /home/yzpt/projects/carburant_gcp/venv/lib/python3.10/site-packages/airflow/example_dags/example_task_group.py
[2023-11-21T09:25:15.818+0100] {processor.py:839} INFO - DAG(s) dict_keys(['example_task_group']) retrieved from /home/yzpt/projects/carburant_gcp/venv/lib/python3.10/site-packages/airflow/example_dags/example_task_group.py
[2023-11-21T09:25:15.838+0100] {logging_mixin.py:151} INFO - [2023-11-21T09:25:15.838+0100] {dag.py:2941} INFO - Sync 1 DAGs
[2023-11-21T09:25:15.861+0100] {logging_mixin.py:151} INFO - [2023-11-21T09:25:15.861+0100] {dag.py:3722} INFO - Setting next_dagrun for example_task_group to 2023-11-20T08:25:15.860921+00:00, run_after=2023-11-21T08:25:15.860921+00:00
[2023-11-21T09:25:15.891+0100] {processor.py:179} INFO - Processing /home/yzpt/projects/carburant_gcp/venv/lib/python3.10/site-packages/airflow/example_dags/example_task_group.py took 0.097 seconds
[2023-11-21T09:26:04.269+0100] {processor.py:157} INFO - Started process (PID=8323) to work on /home/yzpt/projects/carburant_gcp/venv/lib/python3.10/site-packages/airflow/example_dags/example_task_group.py
[2023-11-21T09:26:04.272+0100] {processor.py:829} INFO - Processing file /home/yzpt/projects/carburant_gcp/venv/lib/python3.10/site-packages/airflow/example_dags/example_task_group.py for tasks to queue
[2023-11-21T09:26:04.273+0100] {logging_mixin.py:151} INFO - [2023-11-21T09:26:04.272+0100] {dagbag.py:536} INFO - Filling up the DagBag from /home/yzpt/projects/carburant_gcp/venv/lib/python3.10/site-packages/airflow/example_dags/example_task_group.py
[2023-11-21T09:26:04.280+0100] {processor.py:839} INFO - DAG(s) dict_keys(['example_task_group']) retrieved from /home/yzpt/projects/carburant_gcp/venv/lib/python3.10/site-packages/airflow/example_dags/example_task_group.py
[2023-11-21T09:26:04.296+0100] {logging_mixin.py:151} INFO - [2023-11-21T09:26:04.295+0100] {dag.py:2941} INFO - Sync 1 DAGs
[2023-11-21T09:26:04.314+0100] {logging_mixin.py:151} INFO - [2023-11-21T09:26:04.314+0100] {dag.py:3722} INFO - Setting next_dagrun for example_task_group to 2023-11-20T08:26:04.314100+00:00, run_after=2023-11-21T08:26:04.314100+00:00
[2023-11-21T09:26:04.345+0100] {processor.py:179} INFO - Processing /home/yzpt/projects/carburant_gcp/venv/lib/python3.10/site-packages/airflow/example_dags/example_task_group.py took 0.078 seconds
[2023-11-21T09:26:44.408+0100] {processor.py:157} INFO - Started process (PID=8542) to work on /home/yzpt/projects/carburant_gcp/venv/lib/python3.10/site-packages/airflow/example_dags/example_task_group.py
[2023-11-21T09:26:44.411+0100] {processor.py:829} INFO - Processing file /home/yzpt/projects/carburant_gcp/venv/lib/python3.10/site-packages/airflow/example_dags/example_task_group.py for tasks to queue
[2023-11-21T09:26:44.412+0100] {logging_mixin.py:151} INFO - [2023-11-21T09:26:44.412+0100] {dagbag.py:536} INFO - Filling up the DagBag from /home/yzpt/projects/carburant_gcp/venv/lib/python3.10/site-packages/airflow/example_dags/example_task_group.py
[2023-11-21T09:26:44.420+0100] {processor.py:839} INFO - DAG(s) dict_keys(['example_task_group']) retrieved from /home/yzpt/projects/carburant_gcp/venv/lib/python3.10/site-packages/airflow/example_dags/example_task_group.py
[2023-11-21T09:26:44.434+0100] {logging_mixin.py:151} INFO - [2023-11-21T09:26:44.434+0100] {dag.py:2941} INFO - Sync 1 DAGs
[2023-11-21T09:26:44.452+0100] {logging_mixin.py:151} INFO - [2023-11-21T09:26:44.452+0100] {dag.py:3722} INFO - Setting next_dagrun for example_task_group to 2023-11-20T08:26:44.451928+00:00, run_after=2023-11-21T08:26:44.451928+00:00
[2023-11-21T09:26:44.470+0100] {processor.py:179} INFO - Processing /home/yzpt/projects/carburant_gcp/venv/lib/python3.10/site-packages/airflow/example_dags/example_task_group.py took 0.064 seconds
