[2023-11-21T09:25:30.228+0100] {processor.py:157} INFO - Started process (PID=7955) to work on /home/yzpt/projects/carburant_gcp/venv/lib/python3.10/site-packages/airflow/example_dags/example_datasets.py
[2023-11-21T09:25:30.230+0100] {processor.py:829} INFO - Processing file /home/yzpt/projects/carburant_gcp/venv/lib/python3.10/site-packages/airflow/example_dags/example_datasets.py for tasks to queue
[2023-11-21T09:25:30.231+0100] {logging_mixin.py:151} INFO - [2023-11-21T09:25:30.230+0100] {dagbag.py:536} INFO - Filling up the DagBag from /home/yzpt/projects/carburant_gcp/venv/lib/python3.10/site-packages/airflow/example_dags/example_datasets.py
[2023-11-21T09:25:30.250+0100] {processor.py:839} INFO - DAG(s) dict_keys(['dataset_produces_1', 'dataset_consumes_1_and_2', 'dataset_produces_2', 'dataset_consumes_unknown_never_scheduled', 'dataset_consumes_1_never_scheduled', 'dataset_consumes_1']) retrieved from /home/yzpt/projects/carburant_gcp/venv/lib/python3.10/site-packages/airflow/example_dags/example_datasets.py
[2023-11-21T09:25:30.287+0100] {logging_mixin.py:151} INFO - [2023-11-21T09:25:30.287+0100] {dag.py:2941} INFO - Sync 6 DAGs
[2023-11-21T09:25:30.306+0100] {logging_mixin.py:151} INFO - [2023-11-21T09:25:30.305+0100] {dag.py:3722} INFO - Setting next_dagrun for dataset_consumes_1 to None, run_after=None
[2023-11-21T09:25:30.308+0100] {logging_mixin.py:151} INFO - [2023-11-21T09:25:30.308+0100] {dag.py:3722} INFO - Setting next_dagrun for dataset_consumes_1_and_2 to None, run_after=None
[2023-11-21T09:25:30.309+0100] {logging_mixin.py:151} INFO - [2023-11-21T09:25:30.309+0100] {dag.py:3722} INFO - Setting next_dagrun for dataset_consumes_1_never_scheduled to None, run_after=None
[2023-11-21T09:25:30.310+0100] {logging_mixin.py:151} INFO - [2023-11-21T09:25:30.310+0100] {dag.py:3722} INFO - Setting next_dagrun for dataset_consumes_unknown_never_scheduled to None, run_after=None
[2023-11-21T09:25:30.312+0100] {logging_mixin.py:151} INFO - [2023-11-21T09:25:30.312+0100] {dag.py:3722} INFO - Setting next_dagrun for dataset_produces_1 to 2023-11-20T00:00:00+00:00, run_after=2023-11-21T00:00:00+00:00
[2023-11-21T09:25:30.313+0100] {logging_mixin.py:151} INFO - [2023-11-21T09:25:30.313+0100] {dag.py:3722} INFO - Setting next_dagrun for dataset_produces_2 to None, run_after=None
[2023-11-21T09:25:30.340+0100] {processor.py:179} INFO - Processing /home/yzpt/projects/carburant_gcp/venv/lib/python3.10/site-packages/airflow/example_dags/example_datasets.py took 0.116 seconds
[2023-11-21T09:26:19.777+0100] {processor.py:157} INFO - Started process (PID=8428) to work on /home/yzpt/projects/carburant_gcp/venv/lib/python3.10/site-packages/airflow/example_dags/example_datasets.py
[2023-11-21T09:26:19.781+0100] {processor.py:829} INFO - Processing file /home/yzpt/projects/carburant_gcp/venv/lib/python3.10/site-packages/airflow/example_dags/example_datasets.py for tasks to queue
[2023-11-21T09:26:19.783+0100] {logging_mixin.py:151} INFO - [2023-11-21T09:26:19.782+0100] {dagbag.py:536} INFO - Filling up the DagBag from /home/yzpt/projects/carburant_gcp/venv/lib/python3.10/site-packages/airflow/example_dags/example_datasets.py
[2023-11-21T09:26:19.804+0100] {processor.py:839} INFO - DAG(s) dict_keys(['dataset_consumes_1_never_scheduled', 'dataset_consumes_1', 'dataset_consumes_unknown_never_scheduled', 'dataset_produces_1', 'dataset_produces_2', 'dataset_consumes_1_and_2']) retrieved from /home/yzpt/projects/carburant_gcp/venv/lib/python3.10/site-packages/airflow/example_dags/example_datasets.py
[2023-11-21T09:26:19.832+0100] {logging_mixin.py:151} INFO - [2023-11-21T09:26:19.832+0100] {dag.py:2941} INFO - Sync 6 DAGs
[2023-11-21T09:26:19.850+0100] {logging_mixin.py:151} INFO - [2023-11-21T09:26:19.850+0100] {dag.py:3722} INFO - Setting next_dagrun for dataset_consumes_1 to None, run_after=None
[2023-11-21T09:26:19.856+0100] {logging_mixin.py:151} INFO - [2023-11-21T09:26:19.855+0100] {dag.py:3722} INFO - Setting next_dagrun for dataset_consumes_1_and_2 to None, run_after=None
[2023-11-21T09:26:19.857+0100] {logging_mixin.py:151} INFO - [2023-11-21T09:26:19.856+0100] {dag.py:3722} INFO - Setting next_dagrun for dataset_consumes_1_never_scheduled to None, run_after=None
[2023-11-21T09:26:19.857+0100] {logging_mixin.py:151} INFO - [2023-11-21T09:26:19.857+0100] {dag.py:3722} INFO - Setting next_dagrun for dataset_consumes_unknown_never_scheduled to None, run_after=None
[2023-11-21T09:26:19.860+0100] {logging_mixin.py:151} INFO - [2023-11-21T09:26:19.859+0100] {dag.py:3722} INFO - Setting next_dagrun for dataset_produces_1 to 2023-11-20T00:00:00+00:00, run_after=2023-11-21T00:00:00+00:00
[2023-11-21T09:26:19.861+0100] {logging_mixin.py:151} INFO - [2023-11-21T09:26:19.861+0100] {dag.py:3722} INFO - Setting next_dagrun for dataset_produces_2 to None, run_after=None
[2023-11-21T09:26:19.888+0100] {processor.py:179} INFO - Processing /home/yzpt/projects/carburant_gcp/venv/lib/python3.10/site-packages/airflow/example_dags/example_datasets.py took 0.119 seconds
[2023-11-21T09:27:06.464+0100] {processor.py:157} INFO - Started process (PID=8588) to work on /home/yzpt/projects/carburant_gcp/venv/lib/python3.10/site-packages/airflow/example_dags/example_datasets.py
[2023-11-21T09:27:06.467+0100] {processor.py:829} INFO - Processing file /home/yzpt/projects/carburant_gcp/venv/lib/python3.10/site-packages/airflow/example_dags/example_datasets.py for tasks to queue
[2023-11-21T09:27:06.468+0100] {logging_mixin.py:151} INFO - [2023-11-21T09:27:06.467+0100] {dagbag.py:536} INFO - Filling up the DagBag from /home/yzpt/projects/carburant_gcp/venv/lib/python3.10/site-packages/airflow/example_dags/example_datasets.py
[2023-11-21T09:27:06.481+0100] {processor.py:839} INFO - DAG(s) dict_keys(['dataset_consumes_1_never_scheduled', 'dataset_consumes_1', 'dataset_consumes_unknown_never_scheduled', 'dataset_produces_1', 'dataset_consumes_1_and_2', 'dataset_produces_2']) retrieved from /home/yzpt/projects/carburant_gcp/venv/lib/python3.10/site-packages/airflow/example_dags/example_datasets.py
[2023-11-21T09:27:06.506+0100] {logging_mixin.py:151} INFO - [2023-11-21T09:27:06.506+0100] {dag.py:2941} INFO - Sync 6 DAGs
[2023-11-21T09:27:06.524+0100] {logging_mixin.py:151} INFO - [2023-11-21T09:27:06.524+0100] {dag.py:3722} INFO - Setting next_dagrun for dataset_consumes_1 to None, run_after=None
[2023-11-21T09:27:06.527+0100] {logging_mixin.py:151} INFO - [2023-11-21T09:27:06.527+0100] {dag.py:3722} INFO - Setting next_dagrun for dataset_consumes_1_and_2 to None, run_after=None
[2023-11-21T09:27:06.528+0100] {logging_mixin.py:151} INFO - [2023-11-21T09:27:06.528+0100] {dag.py:3722} INFO - Setting next_dagrun for dataset_consumes_1_never_scheduled to None, run_after=None
[2023-11-21T09:27:06.529+0100] {logging_mixin.py:151} INFO - [2023-11-21T09:27:06.529+0100] {dag.py:3722} INFO - Setting next_dagrun for dataset_consumes_unknown_never_scheduled to None, run_after=None
[2023-11-21T09:27:06.531+0100] {logging_mixin.py:151} INFO - [2023-11-21T09:27:06.531+0100] {dag.py:3722} INFO - Setting next_dagrun for dataset_produces_1 to 2023-11-20T00:00:00+00:00, run_after=2023-11-21T00:00:00+00:00
[2023-11-21T09:27:06.532+0100] {logging_mixin.py:151} INFO - [2023-11-21T09:27:06.532+0100] {dag.py:3722} INFO - Setting next_dagrun for dataset_produces_2 to None, run_after=None
[2023-11-21T09:27:06.559+0100] {processor.py:179} INFO - Processing /home/yzpt/projects/carburant_gcp/venv/lib/python3.10/site-packages/airflow/example_dags/example_datasets.py took 0.098 seconds
