[2023-11-21T09:25:27.361+0100] {processor.py:157} INFO - Started process (PID=7926) to work on /home/yzpt/projects/carburant_gcp/venv/lib/python3.10/site-packages/airflow/example_dags/example_short_circuit_operator.py
[2023-11-21T09:25:27.363+0100] {processor.py:829} INFO - Processing file /home/yzpt/projects/carburant_gcp/venv/lib/python3.10/site-packages/airflow/example_dags/example_short_circuit_operator.py for tasks to queue
[2023-11-21T09:25:27.364+0100] {logging_mixin.py:151} INFO - [2023-11-21T09:25:27.364+0100] {dagbag.py:536} INFO - Filling up the DagBag from /home/yzpt/projects/carburant_gcp/venv/lib/python3.10/site-packages/airflow/example_dags/example_short_circuit_operator.py
[2023-11-21T09:25:27.382+0100] {processor.py:839} INFO - DAG(s) dict_keys(['example_short_circuit_operator']) retrieved from /home/yzpt/projects/carburant_gcp/venv/lib/python3.10/site-packages/airflow/example_dags/example_short_circuit_operator.py
[2023-11-21T09:25:27.409+0100] {logging_mixin.py:151} INFO - [2023-11-21T09:25:27.409+0100] {dag.py:2941} INFO - Sync 1 DAGs
[2023-11-21T09:25:27.434+0100] {logging_mixin.py:151} INFO - [2023-11-21T09:25:27.433+0100] {dag.py:3722} INFO - Setting next_dagrun for example_short_circuit_operator to 2023-11-20T08:25:27.433635+00:00, run_after=2023-11-21T08:25:27.433635+00:00
[2023-11-21T09:25:27.472+0100] {processor.py:179} INFO - Processing /home/yzpt/projects/carburant_gcp/venv/lib/python3.10/site-packages/airflow/example_dags/example_short_circuit_operator.py took 0.115 seconds
[2023-11-21T09:26:18.078+0100] {processor.py:157} INFO - Started process (PID=8425) to work on /home/yzpt/projects/carburant_gcp/venv/lib/python3.10/site-packages/airflow/example_dags/example_short_circuit_operator.py
[2023-11-21T09:26:18.081+0100] {processor.py:829} INFO - Processing file /home/yzpt/projects/carburant_gcp/venv/lib/python3.10/site-packages/airflow/example_dags/example_short_circuit_operator.py for tasks to queue
[2023-11-21T09:26:18.082+0100] {logging_mixin.py:151} INFO - [2023-11-21T09:26:18.082+0100] {dagbag.py:536} INFO - Filling up the DagBag from /home/yzpt/projects/carburant_gcp/venv/lib/python3.10/site-packages/airflow/example_dags/example_short_circuit_operator.py
[2023-11-21T09:26:18.090+0100] {processor.py:839} INFO - DAG(s) dict_keys(['example_short_circuit_operator']) retrieved from /home/yzpt/projects/carburant_gcp/venv/lib/python3.10/site-packages/airflow/example_dags/example_short_circuit_operator.py
[2023-11-21T09:26:18.107+0100] {logging_mixin.py:151} INFO - [2023-11-21T09:26:18.106+0100] {dag.py:2941} INFO - Sync 1 DAGs
[2023-11-21T09:26:18.124+0100] {logging_mixin.py:151} INFO - [2023-11-21T09:26:18.123+0100] {dag.py:3722} INFO - Setting next_dagrun for example_short_circuit_operator to 2023-11-20T08:26:18.123684+00:00, run_after=2023-11-21T08:26:18.123684+00:00
[2023-11-21T09:26:18.144+0100] {processor.py:179} INFO - Processing /home/yzpt/projects/carburant_gcp/venv/lib/python3.10/site-packages/airflow/example_dags/example_short_circuit_operator.py took 0.068 seconds
[2023-11-21T09:27:02.910+0100] {processor.py:157} INFO - Started process (PID=8582) to work on /home/yzpt/projects/carburant_gcp/venv/lib/python3.10/site-packages/airflow/example_dags/example_short_circuit_operator.py
[2023-11-21T09:27:02.914+0100] {processor.py:829} INFO - Processing file /home/yzpt/projects/carburant_gcp/venv/lib/python3.10/site-packages/airflow/example_dags/example_short_circuit_operator.py for tasks to queue
[2023-11-21T09:27:02.917+0100] {logging_mixin.py:151} INFO - [2023-11-21T09:27:02.916+0100] {dagbag.py:536} INFO - Filling up the DagBag from /home/yzpt/projects/carburant_gcp/venv/lib/python3.10/site-packages/airflow/example_dags/example_short_circuit_operator.py
[2023-11-21T09:27:02.936+0100] {processor.py:839} INFO - DAG(s) dict_keys(['example_short_circuit_operator']) retrieved from /home/yzpt/projects/carburant_gcp/venv/lib/python3.10/site-packages/airflow/example_dags/example_short_circuit_operator.py
[2023-11-21T09:27:02.965+0100] {logging_mixin.py:151} INFO - [2023-11-21T09:27:02.965+0100] {dag.py:2941} INFO - Sync 1 DAGs
[2023-11-21T09:27:02.998+0100] {logging_mixin.py:151} INFO - [2023-11-21T09:27:02.998+0100] {dag.py:3722} INFO - Setting next_dagrun for example_short_circuit_operator to 2023-11-20T08:27:02.997988+00:00, run_after=2023-11-21T08:27:02.997988+00:00
[2023-11-21T09:27:03.030+0100] {processor.py:179} INFO - Processing /home/yzpt/projects/carburant_gcp/venv/lib/python3.10/site-packages/airflow/example_dags/example_short_circuit_operator.py took 0.130 seconds
