[2023-11-21T09:25:32.791+0100] {processor.py:157} INFO - Started process (PID=7972) to work on /home/yzpt/projects/carburant_gcp/venv/lib/python3.10/site-packages/airflow/example_dags/example_skip_dag.py
[2023-11-21T09:25:32.792+0100] {processor.py:829} INFO - Processing file /home/yzpt/projects/carburant_gcp/venv/lib/python3.10/site-packages/airflow/example_dags/example_skip_dag.py for tasks to queue
[2023-11-21T09:25:32.793+0100] {logging_mixin.py:151} INFO - [2023-11-21T09:25:32.793+0100] {dagbag.py:536} INFO - Filling up the DagBag from /home/yzpt/projects/carburant_gcp/venv/lib/python3.10/site-packages/airflow/example_dags/example_skip_dag.py
[2023-11-21T09:25:32.810+0100] {processor.py:839} INFO - DAG(s) dict_keys(['example_skip_dag']) retrieved from /home/yzpt/projects/carburant_gcp/venv/lib/python3.10/site-packages/airflow/example_dags/example_skip_dag.py
[2023-11-21T09:25:32.830+0100] {logging_mixin.py:151} INFO - [2023-11-21T09:25:32.830+0100] {dag.py:2941} INFO - Sync 1 DAGs
[2023-11-21T09:25:32.857+0100] {logging_mixin.py:151} INFO - [2023-11-21T09:25:32.857+0100] {dag.py:3722} INFO - Setting next_dagrun for example_skip_dag to 2023-11-20T08:25:32.857334+00:00, run_after=2023-11-21T08:25:32.857334+00:00
[2023-11-21T09:25:32.887+0100] {processor.py:179} INFO - Processing /home/yzpt/projects/carburant_gcp/venv/lib/python3.10/site-packages/airflow/example_dags/example_skip_dag.py took 0.100 seconds
[2023-11-21T09:26:22.180+0100] {processor.py:157} INFO - Started process (PID=8430) to work on /home/yzpt/projects/carburant_gcp/venv/lib/python3.10/site-packages/airflow/example_dags/example_skip_dag.py
[2023-11-21T09:26:22.181+0100] {processor.py:829} INFO - Processing file /home/yzpt/projects/carburant_gcp/venv/lib/python3.10/site-packages/airflow/example_dags/example_skip_dag.py for tasks to queue
[2023-11-21T09:26:22.182+0100] {logging_mixin.py:151} INFO - [2023-11-21T09:26:22.182+0100] {dagbag.py:536} INFO - Filling up the DagBag from /home/yzpt/projects/carburant_gcp/venv/lib/python3.10/site-packages/airflow/example_dags/example_skip_dag.py
[2023-11-21T09:26:22.192+0100] {processor.py:839} INFO - DAG(s) dict_keys(['example_skip_dag']) retrieved from /home/yzpt/projects/carburant_gcp/venv/lib/python3.10/site-packages/airflow/example_dags/example_skip_dag.py
[2023-11-21T09:26:22.215+0100] {logging_mixin.py:151} INFO - [2023-11-21T09:26:22.215+0100] {dag.py:2941} INFO - Sync 1 DAGs
[2023-11-21T09:26:22.243+0100] {logging_mixin.py:151} INFO - [2023-11-21T09:26:22.242+0100] {dag.py:3722} INFO - Setting next_dagrun for example_skip_dag to 2023-11-20T08:26:22.242602+00:00, run_after=2023-11-21T08:26:22.242602+00:00
[2023-11-21T09:26:22.274+0100] {processor.py:179} INFO - Processing /home/yzpt/projects/carburant_gcp/venv/lib/python3.10/site-packages/airflow/example_dags/example_skip_dag.py took 0.098 seconds
[2023-11-21T09:27:07.336+0100] {processor.py:157} INFO - Started process (PID=8591) to work on /home/yzpt/projects/carburant_gcp/venv/lib/python3.10/site-packages/airflow/example_dags/example_skip_dag.py
[2023-11-21T09:27:07.338+0100] {processor.py:829} INFO - Processing file /home/yzpt/projects/carburant_gcp/venv/lib/python3.10/site-packages/airflow/example_dags/example_skip_dag.py for tasks to queue
[2023-11-21T09:27:07.340+0100] {logging_mixin.py:151} INFO - [2023-11-21T09:27:07.339+0100] {dagbag.py:536} INFO - Filling up the DagBag from /home/yzpt/projects/carburant_gcp/venv/lib/python3.10/site-packages/airflow/example_dags/example_skip_dag.py
[2023-11-21T09:27:07.355+0100] {processor.py:839} INFO - DAG(s) dict_keys(['example_skip_dag']) retrieved from /home/yzpt/projects/carburant_gcp/venv/lib/python3.10/site-packages/airflow/example_dags/example_skip_dag.py
[2023-11-21T09:27:07.374+0100] {logging_mixin.py:151} INFO - [2023-11-21T09:27:07.374+0100] {dag.py:2941} INFO - Sync 1 DAGs
[2023-11-21T09:27:07.391+0100] {logging_mixin.py:151} INFO - [2023-11-21T09:27:07.391+0100] {dag.py:3722} INFO - Setting next_dagrun for example_skip_dag to 2023-11-20T08:27:07.391132+00:00, run_after=2023-11-21T08:27:07.391132+00:00
[2023-11-21T09:27:07.415+0100] {processor.py:179} INFO - Processing /home/yzpt/projects/carburant_gcp/venv/lib/python3.10/site-packages/airflow/example_dags/example_skip_dag.py took 0.086 seconds
