[2023-11-21T09:25:27.778+0100] {processor.py:157} INFO - Started process (PID=7938) to work on /home/yzpt/projects/carburant_gcp/venv/lib/python3.10/site-packages/airflow/example_dags/example_sensors.py
[2023-11-21T09:25:27.779+0100] {processor.py:829} INFO - Processing file /home/yzpt/projects/carburant_gcp/venv/lib/python3.10/site-packages/airflow/example_dags/example_sensors.py for tasks to queue
[2023-11-21T09:25:27.781+0100] {logging_mixin.py:151} INFO - [2023-11-21T09:25:27.780+0100] {dagbag.py:536} INFO - Filling up the DagBag from /home/yzpt/projects/carburant_gcp/venv/lib/python3.10/site-packages/airflow/example_dags/example_sensors.py
[2023-11-21T09:25:27.797+0100] {processor.py:839} INFO - DAG(s) dict_keys(['example_sensors']) retrieved from /home/yzpt/projects/carburant_gcp/venv/lib/python3.10/site-packages/airflow/example_dags/example_sensors.py
[2023-11-21T09:25:27.825+0100] {logging_mixin.py:151} INFO - [2023-11-21T09:25:27.825+0100] {dag.py:2941} INFO - Sync 1 DAGs
[2023-11-21T09:25:27.844+0100] {logging_mixin.py:151} INFO - [2023-11-21T09:25:27.843+0100] {dag.py:3722} INFO - Setting next_dagrun for example_sensors to None, run_after=None
[2023-11-21T09:25:27.903+0100] {processor.py:179} INFO - Processing /home/yzpt/projects/carburant_gcp/venv/lib/python3.10/site-packages/airflow/example_dags/example_sensors.py took 0.127 seconds
[2023-11-21T09:26:18.393+0100] {processor.py:157} INFO - Started process (PID=8426) to work on /home/yzpt/projects/carburant_gcp/venv/lib/python3.10/site-packages/airflow/example_dags/example_sensors.py
[2023-11-21T09:26:18.397+0100] {processor.py:829} INFO - Processing file /home/yzpt/projects/carburant_gcp/venv/lib/python3.10/site-packages/airflow/example_dags/example_sensors.py for tasks to queue
[2023-11-21T09:26:18.400+0100] {logging_mixin.py:151} INFO - [2023-11-21T09:26:18.399+0100] {dagbag.py:536} INFO - Filling up the DagBag from /home/yzpt/projects/carburant_gcp/venv/lib/python3.10/site-packages/airflow/example_dags/example_sensors.py
[2023-11-21T09:26:18.419+0100] {processor.py:839} INFO - DAG(s) dict_keys(['example_sensors']) retrieved from /home/yzpt/projects/carburant_gcp/venv/lib/python3.10/site-packages/airflow/example_dags/example_sensors.py
[2023-11-21T09:26:18.438+0100] {logging_mixin.py:151} INFO - [2023-11-21T09:26:18.438+0100] {dag.py:2941} INFO - Sync 1 DAGs
[2023-11-21T09:26:18.448+0100] {logging_mixin.py:151} INFO - [2023-11-21T09:26:18.448+0100] {dag.py:3722} INFO - Setting next_dagrun for example_sensors to None, run_after=None
[2023-11-21T09:26:18.466+0100] {processor.py:179} INFO - Processing /home/yzpt/projects/carburant_gcp/venv/lib/python3.10/site-packages/airflow/example_dags/example_sensors.py took 0.081 seconds
[2023-11-21T09:27:04.149+0100] {processor.py:157} INFO - Started process (PID=8584) to work on /home/yzpt/projects/carburant_gcp/venv/lib/python3.10/site-packages/airflow/example_dags/example_sensors.py
[2023-11-21T09:27:04.151+0100] {processor.py:829} INFO - Processing file /home/yzpt/projects/carburant_gcp/venv/lib/python3.10/site-packages/airflow/example_dags/example_sensors.py for tasks to queue
[2023-11-21T09:27:04.152+0100] {logging_mixin.py:151} INFO - [2023-11-21T09:27:04.152+0100] {dagbag.py:536} INFO - Filling up the DagBag from /home/yzpt/projects/carburant_gcp/venv/lib/python3.10/site-packages/airflow/example_dags/example_sensors.py
[2023-11-21T09:27:04.161+0100] {processor.py:839} INFO - DAG(s) dict_keys(['example_sensors']) retrieved from /home/yzpt/projects/carburant_gcp/venv/lib/python3.10/site-packages/airflow/example_dags/example_sensors.py
[2023-11-21T09:27:04.179+0100] {logging_mixin.py:151} INFO - [2023-11-21T09:27:04.179+0100] {dag.py:2941} INFO - Sync 1 DAGs
[2023-11-21T09:27:04.189+0100] {logging_mixin.py:151} INFO - [2023-11-21T09:27:04.189+0100] {dag.py:3722} INFO - Setting next_dagrun for example_sensors to None, run_after=None
[2023-11-21T09:27:04.221+0100] {processor.py:179} INFO - Processing /home/yzpt/projects/carburant_gcp/venv/lib/python3.10/site-packages/airflow/example_dags/example_sensors.py took 0.077 seconds
