[2023-11-21T09:25:17.312+0100] {processor.py:157} INFO - Started process (PID=7812) to work on /home/yzpt/projects/carburant_gcp/venv/lib/python3.10/site-packages/airflow/example_dags/tutorial.py
[2023-11-21T09:25:17.313+0100] {processor.py:829} INFO - Processing file /home/yzpt/projects/carburant_gcp/venv/lib/python3.10/site-packages/airflow/example_dags/tutorial.py for tasks to queue
[2023-11-21T09:25:17.314+0100] {logging_mixin.py:151} INFO - [2023-11-21T09:25:17.314+0100] {dagbag.py:536} INFO - Filling up the DagBag from /home/yzpt/projects/carburant_gcp/venv/lib/python3.10/site-packages/airflow/example_dags/tutorial.py
[2023-11-21T09:25:17.323+0100] {processor.py:839} INFO - DAG(s) dict_keys(['tutorial']) retrieved from /home/yzpt/projects/carburant_gcp/venv/lib/python3.10/site-packages/airflow/example_dags/tutorial.py
[2023-11-21T09:25:17.338+0100] {logging_mixin.py:151} INFO - [2023-11-21T09:25:17.338+0100] {dag.py:2941} INFO - Sync 1 DAGs
[2023-11-21T09:25:17.357+0100] {logging_mixin.py:151} INFO - [2023-11-21T09:25:17.357+0100] {dag.py:3722} INFO - Setting next_dagrun for tutorial to 2023-11-20T08:25:17.357235+00:00, run_after=2023-11-21T08:25:17.357235+00:00
[2023-11-21T09:25:17.377+0100] {processor.py:179} INFO - Processing /home/yzpt/projects/carburant_gcp/venv/lib/python3.10/site-packages/airflow/example_dags/tutorial.py took 0.068 seconds
[2023-11-21T09:26:06.572+0100] {processor.py:157} INFO - Started process (PID=8329) to work on /home/yzpt/projects/carburant_gcp/venv/lib/python3.10/site-packages/airflow/example_dags/tutorial.py
[2023-11-21T09:26:06.574+0100] {processor.py:829} INFO - Processing file /home/yzpt/projects/carburant_gcp/venv/lib/python3.10/site-packages/airflow/example_dags/tutorial.py for tasks to queue
[2023-11-21T09:26:06.575+0100] {logging_mixin.py:151} INFO - [2023-11-21T09:26:06.575+0100] {dagbag.py:536} INFO - Filling up the DagBag from /home/yzpt/projects/carburant_gcp/venv/lib/python3.10/site-packages/airflow/example_dags/tutorial.py
[2023-11-21T09:26:06.582+0100] {processor.py:839} INFO - DAG(s) dict_keys(['tutorial']) retrieved from /home/yzpt/projects/carburant_gcp/venv/lib/python3.10/site-packages/airflow/example_dags/tutorial.py
[2023-11-21T09:26:06.598+0100] {logging_mixin.py:151} INFO - [2023-11-21T09:26:06.598+0100] {dag.py:2941} INFO - Sync 1 DAGs
[2023-11-21T09:26:06.620+0100] {logging_mixin.py:151} INFO - [2023-11-21T09:26:06.619+0100] {dag.py:3722} INFO - Setting next_dagrun for tutorial to 2023-11-20T08:26:06.619628+00:00, run_after=2023-11-21T08:26:06.619628+00:00
[2023-11-21T09:26:06.640+0100] {processor.py:179} INFO - Processing /home/yzpt/projects/carburant_gcp/venv/lib/python3.10/site-packages/airflow/example_dags/tutorial.py took 0.072 seconds
[2023-11-21T09:26:46.098+0100] {processor.py:157} INFO - Started process (PID=8544) to work on /home/yzpt/projects/carburant_gcp/venv/lib/python3.10/site-packages/airflow/example_dags/tutorial.py
[2023-11-21T09:26:46.100+0100] {processor.py:829} INFO - Processing file /home/yzpt/projects/carburant_gcp/venv/lib/python3.10/site-packages/airflow/example_dags/tutorial.py for tasks to queue
[2023-11-21T09:26:46.101+0100] {logging_mixin.py:151} INFO - [2023-11-21T09:26:46.101+0100] {dagbag.py:536} INFO - Filling up the DagBag from /home/yzpt/projects/carburant_gcp/venv/lib/python3.10/site-packages/airflow/example_dags/tutorial.py
[2023-11-21T09:26:46.108+0100] {processor.py:839} INFO - DAG(s) dict_keys(['tutorial']) retrieved from /home/yzpt/projects/carburant_gcp/venv/lib/python3.10/site-packages/airflow/example_dags/tutorial.py
[2023-11-21T09:26:46.122+0100] {logging_mixin.py:151} INFO - [2023-11-21T09:26:46.122+0100] {dag.py:2941} INFO - Sync 1 DAGs
[2023-11-21T09:26:46.140+0100] {logging_mixin.py:151} INFO - [2023-11-21T09:26:46.140+0100] {dag.py:3722} INFO - Setting next_dagrun for tutorial to 2023-11-20T08:26:46.139769+00:00, run_after=2023-11-21T08:26:46.139769+00:00
[2023-11-21T09:26:46.157+0100] {processor.py:179} INFO - Processing /home/yzpt/projects/carburant_gcp/venv/lib/python3.10/site-packages/airflow/example_dags/tutorial.py took 0.062 seconds
