[2023-11-28T16:42:33.722+0100] {taskinstance.py:1159} INFO - Dependencies all met for dep_context=non-requeueable deps ti=<TaskInstance: download_file_dag.download_and_unzip manual__2023-11-28T15:37:47.403249+00:00 [queued]>
[2023-11-28T16:42:33.729+0100] {taskinstance.py:1159} INFO - Dependencies all met for dep_context=requeueable deps ti=<TaskInstance: download_file_dag.download_and_unzip manual__2023-11-28T15:37:47.403249+00:00 [queued]>
[2023-11-28T16:42:33.729+0100] {taskinstance.py:1361} INFO - Starting attempt 1 of 2
[2023-11-28T16:42:33.747+0100] {taskinstance.py:1382} INFO - Executing <Task(BashOperator): download_and_unzip> on 2023-11-28 15:37:47.403249+00:00
[2023-11-28T16:42:33.750+0100] {standard_task_runner.py:57} INFO - Started process 11513 to run task
[2023-11-28T16:42:33.753+0100] {standard_task_runner.py:84} INFO - Running: ['airflow', 'tasks', 'run', 'download_file_dag', 'download_and_unzip', 'manual__2023-11-28T15:37:47.403249+00:00', '--job-id', '30', '--raw', '--subdir', 'DAGS_FOLDER/allo2_dag.py', '--cfg-path', '/tmp/tmp2l__t9sw']
[2023-11-28T16:42:33.754+0100] {standard_task_runner.py:85} INFO - Job 30: Subtask download_and_unzip
[2023-11-28T16:42:33.783+0100] {task_command.py:416} INFO - Running <TaskInstance: download_file_dag.download_and_unzip manual__2023-11-28T15:37:47.403249+00:00 [running]> on host yzpt-Lenovo-ideapad-320S-14IKB
[2023-11-28T16:42:33.873+0100] {taskinstance.py:1662} INFO - Exporting env vars: AIRFLOW_CTX_DAG_OWNER='admin' AIRFLOW_CTX_DAG_ID='download_file_dag' AIRFLOW_CTX_TASK_ID='download_and_unzip' AIRFLOW_CTX_EXECUTION_DATE='2023-11-28T15:37:47.403249+00:00' AIRFLOW_CTX_TRY_NUMBER='1' AIRFLOW_CTX_DAG_RUN_ID='manual__2023-11-28T15:37:47.403249+00:00'
[2023-11-28T16:42:33.874+0100] {subprocess.py:63} INFO - Tmp dir root location: /tmp
[2023-11-28T16:42:33.874+0100] {subprocess.py:75} INFO - Running command: ['/usr/bin/bash', '-c', '\n#!/bin/bash\n\nurl="https://donnees.roulez-eco.fr/opendata/instantane"\nfile="file.zip"\n\n# Download the file\ncurl -o $file $url\nif [ $? -eq 0 ]; then\n    echo "===== File saved successfully ====="\nelse\n    echo "Error downloading file"\n    exit 1\nfi\n\n# Unzip the file\nunzip -o $file -d ./\nif [ $? -eq 0 ]; then\n    echo "===== File unzipped successfully ====="\nelse\n    echo "Error unzipping file"\n    exit 1\nfi']
[2023-11-28T16:42:33.880+0100] {subprocess.py:86} INFO - Output:
[2023-11-28T16:42:33.894+0100] {subprocess.py:93} INFO -   % Total    % Received % Xferd  Average Speed   Time    Time     Time  Current
[2023-11-28T16:42:33.895+0100] {subprocess.py:93} INFO -                                  Dload  Upload   Total   Spent    Left  Speed
[2023-11-28T16:42:34.076+0100] {subprocess.py:93} INFO -   0     0    0     0    0     0      0      0 --:--:-- --:--:-- --:--:--     0100  926k  100  926k    0     0  5108k      0 --:--:-- --:--:-- --:--:-- 5120k
[2023-11-28T16:42:34.080+0100] {subprocess.py:93} INFO - ===== File saved successfully =====
[2023-11-28T16:42:34.083+0100] {subprocess.py:93} INFO - Archive:  file.zip
[2023-11-28T16:42:34.171+0100] {subprocess.py:93} INFO -   inflating: ./PrixCarburants_instantane.xml
[2023-11-28T16:42:34.173+0100] {subprocess.py:93} INFO - ===== File unzipped successfully =====
[2023-11-28T16:42:34.173+0100] {subprocess.py:97} INFO - Command exited with return code 0
[2023-11-28T16:42:34.222+0100] {taskinstance.py:1400} INFO - Marking task as SUCCESS. dag_id=download_file_dag, task_id=download_and_unzip, execution_date=20231128T153747, start_date=20231128T154233, end_date=20231128T154234
[2023-11-28T16:42:34.287+0100] {local_task_job_runner.py:228} INFO - Task exited with return code 0
[2023-11-28T16:42:34.303+0100] {taskinstance.py:2778} INFO - 0 downstream tasks scheduled from follow-on schedule check
